<?xml version="1.0" encoding="UTF-8"?>
<testsuite name="gov.nasa.jpf.test.java.text.DecimalFormatTest" tests="7" skipped="0" failures="0" errors="0" timestamp="2023-11-26T19:35:11" hostname="SHISHIRHP" time="0.965">
  <properties/>
  <testcase name="testIsGroupingUsed" classname="gov.nasa.jpf.test.java.text.DecimalFormatTest" time="0.413"/>
  <testcase name="testSetGroupingUsed" classname="gov.nasa.jpf.test.java.text.DecimalFormatTest" time="0.093"/>
  <testcase name="testParseDouble" classname="gov.nasa.jpf.test.java.text.DecimalFormatTest" time="0.165"/>
  <testcase name="testParseError" classname="gov.nasa.jpf.test.java.text.DecimalFormatTest" time="0.086"/>
  <testcase name="testDoubleConversion" classname="gov.nasa.jpf.test.java.text.DecimalFormatTest" time="0.076"/>
  <testcase name="testIsParseIntegerOnly" classname="gov.nasa.jpf.test.java.text.DecimalFormatTest" time="0.082"/>
  <testcase name="testParseInt" classname="gov.nasa.jpf.test.java.text.DecimalFormatTest" time="0.049"/>
  <system-out><![CDATA[  running jpf with args:
JavaPathfinder core system v8.0 (rev 1a704e1d6c3d92178504f8cdfe57b068b4e22d9c) - (C) 2005-2014 United States Government. All rights reserved.


====================================================== system under test
gov.nasa.jpf.test.java.text.DecimalFormatTest.runTestMethod()

====================================================== search started: 11/26/23, 2:35 PM
[WARNING] orphan NativePeer method: jdk.internal.misc.Unsafe.getUnsafe()Lsun/misc/Unsafe;

====================================================== results
no errors detected

====================================================== search finished: 11/26/23, 2:35 PM
  running jpf with args:
JavaPathfinder core system v8.0 (rev 1a704e1d6c3d92178504f8cdfe57b068b4e22d9c) - (C) 2005-2014 United States Government. All rights reserved.


====================================================== system under test
gov.nasa.jpf.test.java.text.DecimalFormatTest.runTestMethod()

====================================================== search started: 11/26/23, 2:35 PM
[WARNING] orphan NativePeer method: jdk.internal.misc.Unsafe.getUnsafe()Lsun/misc/Unsafe;

====================================================== results
no errors detected

====================================================== search finished: 11/26/23, 2:35 PM
  running jpf with args:
JavaPathfinder core system v8.0 (rev 1a704e1d6c3d92178504f8cdfe57b068b4e22d9c) - (C) 2005-2014 United States Government. All rights reserved.


====================================================== system under test
gov.nasa.jpf.test.java.text.DecimalFormatTest.runTestMethod()

====================================================== search started: 11/26/23, 2:35 PM
[WARNING] orphan NativePeer method: jdk.internal.misc.Unsafe.getUnsafe()Lsun/misc/Unsafe;

====================================================== results
no errors detected

====================================================== search finished: 11/26/23, 2:35 PM
  running jpf with args:
JavaPathfinder core system v8.0 (rev 1a704e1d6c3d92178504f8cdfe57b068b4e22d9c) - (C) 2005-2014 United States Government. All rights reserved.


====================================================== system under test
gov.nasa.jpf.test.java.text.DecimalFormatTest.runTestMethod()

====================================================== search started: 11/26/23, 2:35 PM
[WARNING] orphan NativePeer method: jdk.internal.misc.Unsafe.getUnsafe()Lsun/misc/Unsafe;

====================================================== results
no errors detected

====================================================== search finished: 11/26/23, 2:35 PM
  running jpf with args:
JavaPathfinder core system v8.0 (rev 1a704e1d6c3d92178504f8cdfe57b068b4e22d9c) - (C) 2005-2014 United States Government. All rights reserved.


====================================================== system under test
gov.nasa.jpf.test.java.text.DecimalFormatTest.runTestMethod()

====================================================== search started: 11/26/23, 2:35 PM
[WARNING] orphan NativePeer method: jdk.internal.misc.Unsafe.getUnsafe()Lsun/misc/Unsafe;

====================================================== results
no errors detected

====================================================== search finished: 11/26/23, 2:35 PM
  running jpf with args:
JavaPathfinder core system v8.0 (rev 1a704e1d6c3d92178504f8cdfe57b068b4e22d9c) - (C) 2005-2014 United States Government. All rights reserved.


====================================================== system under test
gov.nasa.jpf.test.java.text.DecimalFormatTest.runTestMethod()

====================================================== search started: 11/26/23, 2:35 PM
[WARNING] orphan NativePeer method: jdk.internal.misc.Unsafe.getUnsafe()Lsun/misc/Unsafe;

====================================================== results
no errors detected

====================================================== search finished: 11/26/23, 2:35 PM
  running jpf with args:
JavaPathfinder core system v8.0 (rev 1a704e1d6c3d92178504f8cdfe57b068b4e22d9c) - (C) 2005-2014 United States Government. All rights reserved.


====================================================== system under test
gov.nasa.jpf.test.java.text.DecimalFormatTest.runTestMethod()

====================================================== search started: 11/26/23, 2:35 PM
[WARNING] orphan NativePeer method: jdk.internal.misc.Unsafe.getUnsafe()Lsun/misc/Unsafe;

====================================================== results
no errors detected

====================================================== search finished: 11/26/23, 2:35 PM
]]></system-out>
  <system-err><![CDATA[]]></system-err>
</testsuite>
