<?xml version="1.0" encoding="UTF-8"?>
<testsuite name="gov.nasa.jpf.test.vm.basic.RecursiveClinitTest" tests="4" skipped="0" failures="0" errors="0" timestamp="2023-11-26T19:36:55" hostname="SHISHIRHP" time="0.747">
  <properties/>
  <testcase name="testCtorReflection" classname="gov.nasa.jpf.test.vm.basic.RecursiveClinitTest" time="0.454"/>
  <testcase name="testStaticField" classname="gov.nasa.jpf.test.vm.basic.RecursiveClinitTest" time="0.091"/>
  <testcase name="testMethodReflection" classname="gov.nasa.jpf.test.vm.basic.RecursiveClinitTest" time="0.091"/>
  <testcase name="testNewInstance" classname="gov.nasa.jpf.test.vm.basic.RecursiveClinitTest" time="0.111"/>
  <system-out><![CDATA[  running jpf with args:
JavaPathfinder core system v8.0 (rev 1a704e1d6c3d92178504f8cdfe57b068b4e22d9c) - (C) 2005-2014 United States Government. All rights reserved.


====================================================== system under test
gov.nasa.jpf.test.vm.basic.RecursiveClinitTest.runTestMethod()

====================================================== search started: 11/26/23, 2:36 PM
[WARNING] orphan NativePeer method: jdk.internal.misc.Unsafe.getUnsafe()Lsun/misc/Unsafe;
Base clinit
Derived clinit
main now creating Derived(-42)
Derived(-42)
back in main

====================================================== results
no errors detected

====================================================== search finished: 11/26/23, 2:36 PM
  running jpf with args:
JavaPathfinder core system v8.0 (rev 1a704e1d6c3d92178504f8cdfe57b068b4e22d9c) - (C) 2005-2014 United States Government. All rights reserved.


====================================================== system under test
gov.nasa.jpf.test.vm.basic.RecursiveClinitTest.runTestMethod()

====================================================== search started: 11/26/23, 2:36 PM
[WARNING] orphan NativePeer method: jdk.internal.misc.Unsafe.getUnsafe()Lsun/misc/Unsafe;
main now referencing Derived.d
Base clinit
Derived clinit
back in main

====================================================== results
no errors detected

====================================================== search finished: 11/26/23, 2:36 PM
  running jpf with args:
JavaPathfinder core system v8.0 (rev 1a704e1d6c3d92178504f8cdfe57b068b4e22d9c) - (C) 2005-2014 United States Government. All rights reserved.


====================================================== system under test
gov.nasa.jpf.test.vm.basic.RecursiveClinitTest.runTestMethod()

====================================================== search started: 11/26/23, 2:36 PM
[WARNING] orphan NativePeer method: jdk.internal.misc.Unsafe.getUnsafe()Lsun/misc/Unsafe;
Base clinit
Derived clinit
main now calling Derived.foo()
Derived.foo()
back in main

====================================================== results
no errors detected

====================================================== search finished: 11/26/23, 2:36 PM
  running jpf with args:
JavaPathfinder core system v8.0 (rev 1a704e1d6c3d92178504f8cdfe57b068b4e22d9c) - (C) 2005-2014 United States Government. All rights reserved.


====================================================== system under test
gov.nasa.jpf.test.vm.basic.RecursiveClinitTest.runTestMethod()

====================================================== search started: 11/26/23, 2:36 PM
[WARNING] orphan NativePeer method: jdk.internal.misc.Unsafe.getUnsafe()Lsun/misc/Unsafe;
main now calling Derived.class.getDeclaredConstructor(int.class).newInstance(1)
Base clinit
Derived clinit
Derived(1)
back in main

====================================================== results
no errors detected

====================================================== search finished: 11/26/23, 2:36 PM
]]></system-out>
  <system-err><![CDATA[]]></system-err>
</testsuite>
