<?xml version="1.0" encoding="UTF-8"?>
<testsuite name="gov.nasa.jpf.test.mc.threads.DeadlockTest" tests="8" skipped="0" failures="0" errors="0" timestamp="2023-11-26T19:36:16" hostname="SHISHIRHP" time="1.058">
  <properties/>
  <testcase name="testMissedSignalDeadlock" classname="gov.nasa.jpf.test.mc.threads.DeadlockTest" time="0.466"/>
  <testcase name="testSimpleMissedSignal" classname="gov.nasa.jpf.test.mc.threads.DeadlockTest" time="0.109"/>
  <testcase name="testTerminationDeadlock" classname="gov.nasa.jpf.test.mc.threads.DeadlockTest" time="0.116"/>
  <testcase name="testNestedMonitorLockoutDeadlock" classname="gov.nasa.jpf.test.mc.threads.DeadlockTest" time="0.095"/>
  <testcase name="testSyncBlockDeadlock" classname="gov.nasa.jpf.test.mc.threads.DeadlockTest" time="0.068"/>
  <testcase name="testLockOrderDeadlock" classname="gov.nasa.jpf.test.mc.threads.DeadlockTest" time="0.066"/>
  <testcase name="testMixedDeadlock" classname="gov.nasa.jpf.test.mc.threads.DeadlockTest" time="0.066"/>
  <testcase name="testSyncMthDeadlock" classname="gov.nasa.jpf.test.mc.threads.DeadlockTest" time="0.07"/>
  <system-out><![CDATA[  running jpf with args:
JavaPathfinder core system v8.0 (rev 1a704e1d6c3d92178504f8cdfe57b068b4e22d9c) - (C) 2005-2014 United States Government. All rights reserved.


====================================================== system under test
gov.nasa.jpf.test.mc.threads.DeadlockTest.runTestMethod()

====================================================== search started: 11/26/23, 2:36 PM
[WARNING] orphan NativePeer method: jdk.internal.misc.Unsafe.getUnsafe()Lsun/misc/Unsafe;

====================================================== error 1
gov.nasa.jpf.vm.NotDeadlockedProperty
deadlock encountered:
  thread gov.nasa.jpf.test.mc.threads.DeadlockTest$FirstTask:{id:1,name:Thread-1,status:WAITING,priority:5,isDaemon:false,lockCount:1,suspendCount:0}
  thread gov.nasa.jpf.test.mc.threads.DeadlockTest$SecondTask:{id:2,name:Thread-2,status:WAITING,priority:5,isDaemon:false,lockCount:1,suspendCount:0}


====================================================== snapshot #1
thread gov.nasa.jpf.test.mc.threads.DeadlockTest$FirstTask:{id:1,name:Thread-1,status:WAITING,priority:5,isDaemon:false,lockCount:1,suspendCount:0}
  waiting on: gov.nasa.jpf.test.mc.threads.DeadlockTest$Event@21e
  call stack:
	at java.lang.Object.wait(Object.java)
	at gov.nasa.jpf.test.mc.threads.DeadlockTest$Event.wait_for_event(DeadlockTest.java:60)
	at gov.nasa.jpf.test.mc.threads.DeadlockTest$FirstTask.run(DeadlockTest.java:86)

thread gov.nasa.jpf.test.mc.threads.DeadlockTest$SecondTask:{id:2,name:Thread-2,status:WAITING,priority:5,isDaemon:false,lockCount:1,suspendCount:0}
  waiting on: gov.nasa.jpf.test.mc.threads.DeadlockTest$Event@21f
  call stack:
	at java.lang.Object.wait(Object.java)
	at gov.nasa.jpf.test.mc.threads.DeadlockTest$Event.wait_for_event(DeadlockTest.java:60)
	at gov.nasa.jpf.test.mc.threads.DeadlockTest$SecondTask.run(DeadlockTest.java:117)


====================================================== results
error #1: gov.nasa.jpf.vm.NotDeadlockedProperty "deadlock encountered:    thread gov.nasa.jpf.test...."

====================================================== search finished: 11/26/23, 2:36 PM
  running jpf with args:
JavaPathfinder core system v8.0 (rev 1a704e1d6c3d92178504f8cdfe57b068b4e22d9c) - (C) 2005-2014 United States Government. All rights reserved.


====================================================== system under test
gov.nasa.jpf.test.mc.threads.DeadlockTest.runTestMethod()

====================================================== search started: 11/26/23, 2:36 PM
[WARNING] orphan NativePeer method: jdk.internal.misc.Unsafe.getUnsafe()Lsun/misc/Unsafe;
t1 finished
t2 finished
t2 finished
t1 finished
t2 finished

====================================================== error 1
gov.nasa.jpf.vm.NotDeadlockedProperty
deadlock encountered:
  thread java.lang.Thread:{id:1,name:Thread-1,status:WAITING,priority:5,isDaemon:false,lockCount:1,suspendCount:0}


====================================================== snapshot #1
thread java.lang.Thread:{id:1,name:Thread-1,status:WAITING,priority:5,isDaemon:false,lockCount:1,suspendCount:0}
  waiting on: java.lang.Object@201
  call stack:
	at java.lang.Object.wait(Object.java)
	at gov.nasa.jpf.test.mc.threads.DeadlockTest$5.run(DeadlockTest.java:265)


====================================================== results
error #1: gov.nasa.jpf.vm.NotDeadlockedProperty "deadlock encountered:    thread java.lang.Thread:{..."

====================================================== search finished: 11/26/23, 2:36 PM
  running jpf with args:
JavaPathfinder core system v8.0 (rev 1a704e1d6c3d92178504f8cdfe57b068b4e22d9c) - (C) 2005-2014 United States Government. All rights reserved.


====================================================== system under test
gov.nasa.jpf.test.mc.threads.DeadlockTest.runTestMethod()

====================================================== search started: 11/26/23, 2:36 PM
[WARNING] orphan NativePeer method: jdk.internal.misc.Unsafe.getUnsafe()Lsun/misc/Unsafe;
# main thread terminating
# t running
# t waiting (forever)..

====================================================== error 1
gov.nasa.jpf.vm.NotDeadlockedProperty
deadlock encountered:
  thread gov.nasa.jpf.test.mc.threads.DeadlockTest$7:{id:1,name:Thread-1,status:WAITING,priority:5,isDaemon:false,lockCount:1,suspendCount:0}


====================================================== snapshot #1
thread gov.nasa.jpf.test.mc.threads.DeadlockTest$7:{id:1,name:Thread-1,status:WAITING,priority:5,isDaemon:false,lockCount:1,suspendCount:0}
  waiting on: gov.nasa.jpf.test.mc.threads.DeadlockTest$7@21e
  call stack:
	at java.lang.Object.wait(Object.java)
	at gov.nasa.jpf.test.mc.threads.DeadlockTest$7.run(DeadlockTest.java:384)


====================================================== results
error #1: gov.nasa.jpf.vm.NotDeadlockedProperty "deadlock encountered:    thread gov.nasa.jpf.test...."

====================================================== search finished: 11/26/23, 2:36 PM
  running jpf with args:
JavaPathfinder core system v8.0 (rev 1a704e1d6c3d92178504f8cdfe57b068b4e22d9c) - (C) 2005-2014 United States Government. All rights reserved.


====================================================== system under test
gov.nasa.jpf.test.mc.threads.DeadlockTest.runTestMethod()

====================================================== search started: 11/26/23, 2:36 PM
[WARNING] orphan NativePeer method: jdk.internal.misc.Unsafe.getUnsafe()Lsun/misc/Unsafe;

====================================================== error 1
gov.nasa.jpf.vm.NotDeadlockedProperty
deadlock encountered:
  thread java.lang.Thread:{id:1,name:Thread-1,status:WAITING,priority:5,isDaemon:false,lockCount:1,suspendCount:0}
  thread java.lang.Thread:{id:2,name:Thread-2,status:BLOCKED,priority:5,isDaemon:false,lockCount:0,suspendCount:0}


====================================================== snapshot #1
thread java.lang.Thread:{id:1,name:Thread-1,status:WAITING,priority:5,isDaemon:false,lockCount:1,suspendCount:0}
  owned locks:java.lang.Object@200
  waiting on: java.lang.Object@201
  call stack:
	at java.lang.Object.wait(Object.java)
	at gov.nasa.jpf.test.mc.threads.DeadlockTest$3.run(DeadlockTest.java:225)

thread java.lang.Thread:{id:2,name:Thread-2,status:BLOCKED,priority:5,isDaemon:false,lockCount:0,suspendCount:0}
  owned locks:java.lang.Object@201
  blocked on: java.lang.Object@200
  call stack:
	at gov.nasa.jpf.test.mc.threads.DeadlockTest$4.run(DeadlockTest.java:241)


====================================================== results
error #1: gov.nasa.jpf.vm.NotDeadlockedProperty "deadlock encountered:    thread java.lang.Thread:{..."

====================================================== search finished: 11/26/23, 2:36 PM
  running jpf with args:
JavaPathfinder core system v8.0 (rev 1a704e1d6c3d92178504f8cdfe57b068b4e22d9c) - (C) 2005-2014 United States Government. All rights reserved.


====================================================== system under test
gov.nasa.jpf.test.mc.threads.DeadlockTest.runTestMethod()

====================================================== search started: 11/26/23, 2:36 PM
[WARNING] orphan NativePeer method: jdk.internal.misc.Unsafe.getUnsafe()Lsun/misc/Unsafe;

====================================================== error 1
gov.nasa.jpf.vm.NotDeadlockedProperty
deadlock encountered:
  thread java.lang.Thread:{id:1,name:Thread-1,status:BLOCKED,priority:5,isDaemon:false,lockCount:0,suspendCount:0}
  thread java.lang.Thread:{id:2,name:Thread-2,status:BLOCKED,priority:5,isDaemon:false,lockCount:0,suspendCount:0}


====================================================== snapshot #1
thread java.lang.Thread:{id:1,name:Thread-1,status:BLOCKED,priority:5,isDaemon:false,lockCount:0,suspendCount:0}
  owned locks:gov.nasa.jpf.test.mc.threads.DeadlockTest$SyncBlockRunnable@221
  blocked on: gov.nasa.jpf.test.mc.threads.DeadlockTest$SyncBlockRunnable@222
  call stack:
	at gov.nasa.jpf.test.mc.threads.DeadlockTest$SyncBlockRunnable.doSomething(DeadlockTest.java:129)
	at gov.nasa.jpf.test.mc.threads.DeadlockTest$SyncBlockRunnable.run(DeadlockTest.java:144)

thread java.lang.Thread:{id:2,name:Thread-2,status:BLOCKED,priority:5,isDaemon:false,lockCount:0,suspendCount:0}
  owned locks:gov.nasa.jpf.test.mc.threads.DeadlockTest$SyncBlockRunnable@222
  blocked on: gov.nasa.jpf.test.mc.threads.DeadlockTest$SyncBlockRunnable@221
  call stack:
	at gov.nasa.jpf.test.mc.threads.DeadlockTest$SyncBlockRunnable.doSomething(DeadlockTest.java:129)
	at gov.nasa.jpf.test.mc.threads.DeadlockTest$SyncBlockRunnable.run(DeadlockTest.java:144)


====================================================== results
error #1: gov.nasa.jpf.vm.NotDeadlockedProperty "deadlock encountered:    thread java.lang.Thread:{..."

====================================================== search finished: 11/26/23, 2:36 PM
  running jpf with args:
JavaPathfinder core system v8.0 (rev 1a704e1d6c3d92178504f8cdfe57b068b4e22d9c) - (C) 2005-2014 United States Government. All rights reserved.


====================================================== system under test
gov.nasa.jpf.test.mc.threads.DeadlockTest.runTestMethod()

====================================================== search started: 11/26/23, 2:36 PM
[WARNING] orphan NativePeer method: jdk.internal.misc.Unsafe.getUnsafe()Lsun/misc/Unsafe;
t1 finished
t2 finished
t1 finished
t2 finished
t1 finished
t2 finished
t1 finished
t2 finished
t1 finished
t2 finished
t1 finished
t2 finished
t1 finished
t2 finished
t2 finished
t1 finished

====================================================== error 1
gov.nasa.jpf.vm.NotDeadlockedProperty
deadlock encountered:
  thread java.lang.Thread:{id:1,name:Thread-1,status:BLOCKED,priority:5,isDaemon:false,lockCount:0,suspendCount:0}
  thread java.lang.Thread:{id:2,name:Thread-2,status:BLOCKED,priority:5,isDaemon:false,lockCount:0,suspendCount:0}


====================================================== snapshot #1
thread java.lang.Thread:{id:1,name:Thread-1,status:BLOCKED,priority:5,isDaemon:false,lockCount:0,suspendCount:0}
  owned locks:java.lang.Object@1fe
  blocked on: java.lang.Object@1ff
  call stack:
	at gov.nasa.jpf.test.mc.threads.DeadlockTest$1.run(DeadlockTest.java:183)

thread java.lang.Thread:{id:2,name:Thread-2,status:BLOCKED,priority:5,isDaemon:false,lockCount:0,suspendCount:0}
  owned locks:java.lang.Object@1ff
  blocked on: java.lang.Object@1fe
  call stack:
	at gov.nasa.jpf.test.mc.threads.DeadlockTest$2.run(DeadlockTest.java:196)


====================================================== results
error #1: gov.nasa.jpf.vm.NotDeadlockedProperty "deadlock encountered:    thread java.lang.Thread:{..."

====================================================== search finished: 11/26/23, 2:36 PM
  running jpf with args:
JavaPathfinder core system v8.0 (rev 1a704e1d6c3d92178504f8cdfe57b068b4e22d9c) - (C) 2005-2014 United States Government. All rights reserved.


====================================================== system under test
gov.nasa.jpf.test.mc.threads.DeadlockTest.runTestMethod()

====================================================== search started: 11/26/23, 2:36 PM
[WARNING] orphan NativePeer method: jdk.internal.misc.Unsafe.getUnsafe()Lsun/misc/Unsafe;

====================================================== error 1
gov.nasa.jpf.vm.NotDeadlockedProperty
deadlock encountered:
  thread java.lang.Thread:{id:1,name:Thread-1,status:BLOCKED,priority:5,isDaemon:false,lockCount:0,suspendCount:0}
  thread java.lang.Thread:{id:2,name:Thread-2,status:BLOCKED,priority:5,isDaemon:false,lockCount:0,suspendCount:0}


====================================================== snapshot #1
thread java.lang.Thread:{id:1,name:Thread-1,status:BLOCKED,priority:5,isDaemon:false,lockCount:0,suspendCount:0}
  owned locks:gov.nasa.jpf.test.mc.threads.DeadlockTest$SyncBlockRunnable@225
  blocked on: gov.nasa.jpf.test.mc.threads.DeadlockTest$SyncMthRunnable@221
  call stack:
	at gov.nasa.jpf.test.mc.threads.DeadlockTest$SyncBlockRunnable.run(DeadlockTest.java:144)

thread java.lang.Thread:{id:2,name:Thread-2,status:BLOCKED,priority:5,isDaemon:false,lockCount:0,suspendCount:0}
  owned locks:gov.nasa.jpf.test.mc.threads.DeadlockTest$SyncMthRunnable@221
  blocked on: gov.nasa.jpf.test.mc.threads.DeadlockTest$SyncBlockRunnable@225
  call stack:
	at gov.nasa.jpf.test.mc.threads.DeadlockTest$SyncBlockRunnable.doSomething(DeadlockTest.java:129)
	at gov.nasa.jpf.test.mc.threads.DeadlockTest$SyncMthRunnable.run(DeadlockTest.java:164)


====================================================== results
error #1: gov.nasa.jpf.vm.NotDeadlockedProperty "deadlock encountered:    thread java.lang.Thread:{..."

====================================================== search finished: 11/26/23, 2:36 PM
  running jpf with args:
JavaPathfinder core system v8.0 (rev 1a704e1d6c3d92178504f8cdfe57b068b4e22d9c) - (C) 2005-2014 United States Government. All rights reserved.


====================================================== system under test
gov.nasa.jpf.test.mc.threads.DeadlockTest.runTestMethod()

====================================================== search started: 11/26/23, 2:36 PM
[WARNING] orphan NativePeer method: jdk.internal.misc.Unsafe.getUnsafe()Lsun/misc/Unsafe;

====================================================== error 1
gov.nasa.jpf.vm.NotDeadlockedProperty
deadlock encountered:
  thread java.lang.Thread:{id:1,name:Thread-1,status:BLOCKED,priority:5,isDaemon:false,lockCount:0,suspendCount:0}
  thread java.lang.Thread:{id:2,name:Thread-2,status:BLOCKED,priority:5,isDaemon:false,lockCount:0,suspendCount:0}


====================================================== snapshot #1
thread java.lang.Thread:{id:1,name:Thread-1,status:BLOCKED,priority:5,isDaemon:false,lockCount:0,suspendCount:0}
  owned locks:gov.nasa.jpf.test.mc.threads.DeadlockTest$SyncMthRunnable@221
  blocked on: gov.nasa.jpf.test.mc.threads.DeadlockTest$SyncMthRunnable@222
  call stack:
	at gov.nasa.jpf.test.mc.threads.DeadlockTest$SyncMthRunnable.run(DeadlockTest.java:164)

thread java.lang.Thread:{id:2,name:Thread-2,status:BLOCKED,priority:5,isDaemon:false,lockCount:0,suspendCount:0}
  owned locks:gov.nasa.jpf.test.mc.threads.DeadlockTest$SyncMthRunnable@222
  blocked on: gov.nasa.jpf.test.mc.threads.DeadlockTest$SyncMthRunnable@221
  call stack:
	at gov.nasa.jpf.test.mc.threads.DeadlockTest$SyncMthRunnable.run(DeadlockTest.java:164)


====================================================== results
error #1: gov.nasa.jpf.vm.NotDeadlockedProperty "deadlock encountered:    thread java.lang.Thread:{..."

====================================================== search finished: 11/26/23, 2:36 PM
]]></system-out>
  <system-err><![CDATA[]]></system-err>
</testsuite>
