<?xml version="1.0" encoding="UTF-8"?>
<testsuite name="gov.nasa.jpf.test.mc.data.CGCreatorFactoryTest" tests="1" skipped="0" failures="0" errors="0" timestamp="2023-11-26T19:35:55" hostname="SHISHIRHP" time="0.472">
  <properties/>
  <testcase name="testAddUserDefinedCGCreator" classname="gov.nasa.jpf.test.mc.data.CGCreatorFactoryTest" time="0.472"/>
  <system-out><![CDATA[  running jpf with args: +jpf-core.native_classpath+=;${jpf-core}/build/tests +jpf-core.test_classpath+=;${jpf-core.native_classpath} +cg-creators=TF:gov.nasa.jpf.test.mc.data.CGCreatorFactoryTest$TestBoolCGCreator
JavaPathfinder core system v8.0 (rev 1a704e1d6c3d92178504f8cdfe57b068b4e22d9c) - (C) 2005-2014 United States Government. All rights reserved.


====================================================== system under test
gov.nasa.jpf.test.mc.data.CGCreatorFactoryTest.runTestMethod()

====================================================== search started: 11/26/23, 2:35 PM
[WARNING] orphan NativePeer method: jdk.internal.misc.Unsafe.getUnsafe()Lsun/misc/Unsafe;
[WARNING] Value for field gov.nasa.jpf.test.mc.data.CGCreatorFactoryTest$B.this$0 isn't specified
[WARNING] Value for field gov.nasa.jpf.test.mc.data.CGCreatorFactoryTest$B.this$0 isn't specified

====================================================== results
no errors detected

====================================================== search finished: 11/26/23, 2:35 PM
]]></system-out>
  <system-err><![CDATA[]]></system-err>
</testsuite>
