<?xml version="1.0" encoding="UTF-8"?>
<testsuite name="gov.nasa.jpf.test.java.concurrent.ExecutorServiceTest" tests="1" skipped="0" failures="0" errors="0" timestamp="2023-11-26T19:34:28" hostname="SHISHIRHP" time="0.527">
  <properties/>
  <testcase name="testShutdown" classname="gov.nasa.jpf.test.java.concurrent.ExecutorServiceTest" time="0.527"/>
  <system-out><![CDATA[  running jpf with args:
JavaPathfinder core system v8.0 (rev 1a704e1d6c3d92178504f8cdfe57b068b4e22d9c) - (C) 2005-2014 United States Government. All rights reserved.


====================================================== system under test
gov.nasa.jpf.test.java.concurrent.ExecutorServiceTest.runTestMethod()

====================================================== search started: 11/26/23, 2:34 PM
[WARNING] orphan NativePeer method: jdk.internal.misc.Unsafe.getUnsafe()Lsun/misc/Unsafe;
[WARNING] orphan NativePeer method: jdk.internal.reflect.Reflection.getCallerClass(I)Ljava/lang/Class;
run
run

====================================================== results
no errors detected

====================================================== search finished: 11/26/23, 2:34 PM
]]></system-out>
  <system-err><![CDATA[]]></system-err>
</testsuite>
