<?xml version="1.0" encoding="UTF-8"?>
<testsuite name="gov.nasa.jpf.test.java.net.URLEncoderTest" tests="2" skipped="0" failures="0" errors="0" timestamp="2023-11-26T19:35:07" hostname="SHISHIRHP" time="0.563">
  <properties/>
  <testcase name="testEncodeCycle" classname="gov.nasa.jpf.test.java.net.URLEncoderTest" time="0.449"/>
  <testcase name="testEncodingException" classname="gov.nasa.jpf.test.java.net.URLEncoderTest" time="0.114"/>
  <system-out><![CDATA[  running jpf with args:
JavaPathfinder core system v8.0 (rev 1a704e1d6c3d92178504f8cdfe57b068b4e22d9c) - (C) 2005-2014 United States Government. All rights reserved.


====================================================== system under test
gov.nasa.jpf.test.java.net.URLEncoderTest.runTestMethod()

====================================================== search started: 11/26/23, 2:35 PM
[WARNING] orphan NativePeer method: jdk.internal.misc.Unsafe.getUnsafe()Lsun/misc/Unsafe;
original: < what a mess >
encoded:  %3C+what+a+mess+%3E
decoded:  < what a mess >

====================================================== results
no errors detected

====================================================== search finished: 11/26/23, 2:35 PM
  running jpf with args:
JavaPathfinder core system v8.0 (rev 1a704e1d6c3d92178504f8cdfe57b068b4e22d9c) - (C) 2005-2014 United States Government. All rights reserved.


====================================================== system under test
gov.nasa.jpf.test.java.net.URLEncoderTest.runTestMethod()

====================================================== search started: 11/26/23, 2:35 PM
[WARNING] orphan NativePeer method: jdk.internal.misc.Unsafe.getUnsafe()Lsun/misc/Unsafe;
original: < what a mess >
rightfully throws java.io.UnsupportedEncodingException: wrgsGrff

====================================================== results
no errors detected

====================================================== search finished: 11/26/23, 2:35 PM
]]></system-out>
  <system-err><![CDATA[]]></system-err>
</testsuite>
