<?xml version="1.0" encoding="UTF-8"?>
<testsuite name="gov.nasa.jpf.test.vm.reflection.ConstructorTest" tests="4" skipped="0" failures="0" errors="0" timestamp="2023-11-26T19:36:57" hostname="SHISHIRHP" time="0.709">
  <properties/>
  <testcase name="testConstructorCall" classname="gov.nasa.jpf.test.vm.reflection.ConstructorTest" time="0.406"/>
  <testcase name="testParameterAnnotations" classname="gov.nasa.jpf.test.vm.reflection.ConstructorTest" time="0.101"/>
  <testcase name="testAnnotations" classname="gov.nasa.jpf.test.vm.reflection.ConstructorTest" time="0.097"/>
  <testcase name="testConstructorCallInteger" classname="gov.nasa.jpf.test.vm.reflection.ConstructorTest" time="0.104"/>
  <system-out><![CDATA[  running jpf with args:
JavaPathfinder core system v8.0 (rev 1a704e1d6c3d92178504f8cdfe57b068b4e22d9c) - (C) 2005-2014 United States Government. All rights reserved.


====================================================== system under test
gov.nasa.jpf.test.vm.reflection.ConstructorTest.runTestMethod()

====================================================== search started: 11/26/23, 2:36 PM
[WARNING] orphan NativePeer method: jdk.internal.misc.Unsafe.getUnsafe()Lsun/misc/Unsafe;
I'm an X

====================================================== results
no errors detected

====================================================== search finished: 11/26/23, 2:36 PM
  running jpf with args:
JavaPathfinder core system v8.0 (rev 1a704e1d6c3d92178504f8cdfe57b068b4e22d9c) - (C) 2005-2014 United States Government. All rights reserved.


====================================================== system under test
gov.nasa.jpf.test.vm.reflection.ConstructorTest.runTestMethod()

====================================================== search started: 11/26/23, 2:36 PM
[WARNING] orphan NativePeer method: jdk.internal.misc.Unsafe.getUnsafe()Lsun/misc/Unsafe;
ctor parameter annotation: @gov.nasa.jpf.test.vm.reflection.ConstructorTest$A(value=this is a parameter annotation)
====================================================== results
no errors detected

====================================================== search finished: 11/26/23, 2:36 PM
  running jpf with args:
JavaPathfinder core system v8.0 (rev 1a704e1d6c3d92178504f8cdfe57b068b4e22d9c) - (C) 2005-2014 United States Government. All rights reserved.


====================================================== system under test
gov.nasa.jpf.test.vm.reflection.ConstructorTest.runTestMethod()

====================================================== search started: 11/26/23, 2:36 PM
[WARNING] orphan NativePeer method: jdk.internal.misc.Unsafe.getUnsafe()Lsun/misc/Unsafe;
ctor annotation: @gov.nasa.jpf.test.vm.reflection.ConstructorTest$A(value=this is a ctor annotation)
====================================================== results
no errors detected

====================================================== search finished: 11/26/23, 2:36 PM
  running jpf with args:
JavaPathfinder core system v8.0 (rev 1a704e1d6c3d92178504f8cdfe57b068b4e22d9c) - (C) 2005-2014 United States Government. All rights reserved.


====================================================== system under test
gov.nasa.jpf.test.vm.reflection.ConstructorTest.runTestMethod()

====================================================== search started: 11/26/23, 2:36 PM
[WARNING] orphan NativePeer method: jdk.internal.misc.Unsafe.getUnsafe()Lsun/misc/Unsafe;

====================================================== results
no errors detected

====================================================== search finished: 11/26/23, 2:36 PM
]]></system-out>
  <system-err><![CDATA[]]></system-err>
</testsuite>
