<?xml version="1.0" encoding="UTF-8"?>
<testsuite name="gov.nasa.jpf.test.java.io.FileIOTest" tests="2" skipped="0" failures="0" errors="0" timestamp="2023-11-26T19:34:32" hostname="SHISHIRHP" time="0.629">
  <properties/>
  <testcase name="testRoundtrip" classname="gov.nasa.jpf.test.java.io.FileIOTest" time="0.511"/>
  <testcase name="testRedirection" classname="gov.nasa.jpf.test.java.io.FileIOTest" time="0.118"/>
  <system-out><![CDATA[  running jpf with args:
JavaPathfinder core system v8.0 (rev 1a704e1d6c3d92178504f8cdfe57b068b4e22d9c) - (C) 2005-2014 United States Government. All rights reserved.


====================================================== system under test
gov.nasa.jpf.test.java.io.FileIOTest.runTestMethod()

====================================================== search started: 11/26/23, 2:34 PM
[WARNING] orphan NativePeer method: jdk.internal.misc.Unsafe.getUnsafe()Lsun/misc/Unsafe;
##---- writing: _test_
## write got here: 0
[WARNING] cannot close 3 : no such stream
##---- checking file system attributes
##---- reading: _test_
## read got here: 0
[WARNING] cannot close 4 : no such stream
##---- comparing
##---- done

====================================================== results
no errors detected

====================================================== search finished: 11/26/23, 2:34 PM
  running jpf with args:
JavaPathfinder core system v8.0 (rev 1a704e1d6c3d92178504f8cdfe57b068b4e22d9c) - (C) 2005-2014 United States Government. All rights reserved.


====================================================== system under test
gov.nasa.jpf.test.java.io.FileIOTest.runTestMethod()

====================================================== search started: 11/26/23, 2:34 PM
[WARNING] orphan NativePeer method: jdk.internal.misc.Unsafe.getUnsafe()Lsun/misc/Unsafe;
Before.

====================================================== results
no errors detected

====================================================== search finished: 11/26/23, 2:34 PM
]]></system-out>
  <system-err><![CDATA[]]></system-err>
</testsuite>
