<?xml version="1.0" encoding="UTF-8"?>
<testsuite name="fault.injection.examples.LongEncodedCRCTest" tests="2" skipped="0" failures="0" errors="0" timestamp="2023-11-26T19:34:09" hostname="SHISHIRHP" time="0.002">
  <properties/>
  <testcase name="testPositive" classname="fault.injection.examples.LongEncodedCRCTest" time="0.001"/>
  <testcase name="testNegative" classname="fault.injection.examples.LongEncodedCRCTest" time="0.001"/>
  <system-out><![CDATA[]]></system-out>
  <system-err><![CDATA[]]></system-err>
</testsuite>
