<?xml version="1.0" encoding="UTF-8"?>
<testsuite name="gov.nasa.jpf.test.mc.data.TimeModelTest" tests="2" skipped="0" failures="0" errors="0" timestamp="2023-11-26T19:36:10" hostname="SHISHIRHP" time="0.558">
  <properties/>
  <testcase name="testSystemTime" classname="gov.nasa.jpf.test.mc.data.TimeModelTest" time="0.446"/>
  <testcase name="testPathTime" classname="gov.nasa.jpf.test.mc.data.TimeModelTest" time="0.112"/>
  <system-out><![CDATA[  running jpf with args: +vm.time.class=.vm.SystemTime
JavaPathfinder core system v8.0 (rev 1a704e1d6c3d92178504f8cdfe57b068b4e22d9c) - (C) 2005-2014 United States Government. All rights reserved.


====================================================== system under test
gov.nasa.jpf.test.mc.data.TimeModelTest.runTestMethod()

====================================================== search started: 11/26/23, 2:36 PM
[WARNING] orphan NativePeer method: jdk.internal.misc.Unsafe.getUnsafe()Lsun/misc/Unsafe;
t1 = 1701027370867
  t2 = 1701027370892
    t3 = 1701027370894
    t3 = 1701027370896
  t2 = 1701027370897
    t3 = 1701027370899
    t3 = 1701027370900

====================================================== results
no errors detected

====================================================== search finished: 11/26/23, 2:36 PM
  running jpf with args: +vm.time.class=.vm.ConstInsnPathTime
JavaPathfinder core system v8.0 (rev 1a704e1d6c3d92178504f8cdfe57b068b4e22d9c) - (C) 2005-2014 United States Government. All rights reserved.


====================================================== system under test
gov.nasa.jpf.test.mc.data.TimeModelTest.runTestMethod()

====================================================== search started: 11/26/23, 2:36 PM
[WARNING] orphan NativePeer method: jdk.internal.misc.Unsafe.getUnsafe()Lsun/misc/Unsafe;
t1 = 9242
  t2 = 9266
    t3 = 9298
    t3 = 9298
  t2 = 9266
    t3 = 9311
    t3 = 9311

====================================================== results
no errors detected

====================================================== search finished: 11/26/23, 2:36 PM
]]></system-out>
  <system-err><![CDATA[]]></system-err>
</testsuite>
