<?xml version="1.0" encoding="UTF-8"?>
<testsuite name="gov.nasa.jpf.test.mc.basic.AttrsTest" tests="13" skipped="0" failures="0" errors="0" timestamp="2023-11-26T19:35:18" hostname="SHISHIRHP" time="1.336">
  <properties/>
  <testcase name="testArrayPropagation" classname="gov.nasa.jpf.test.mc.basic.AttrsTest" time="0.434"/>
  <testcase name="testNativeMethod" classname="gov.nasa.jpf.test.mc.basic.AttrsTest" time="0.096"/>
  <testcase name="testDoublePropagation" classname="gov.nasa.jpf.test.mc.basic.AttrsTest" time="0.126"/>
  <testcase name="testArraycopy" classname="gov.nasa.jpf.test.mc.basic.AttrsTest" time="0.077"/>
  <testcase name="testInvokeListener" classname="gov.nasa.jpf.test.mc.basic.AttrsTest" time="0.088"/>
  <testcase name="testObjectAttr" classname="gov.nasa.jpf.test.mc.basic.AttrsTest" time="0.081"/>
  <testcase name="testIntPropagation" classname="gov.nasa.jpf.test.mc.basic.AttrsTest" time="0.06"/>
  <testcase name="testExplicitArrayRef" classname="gov.nasa.jpf.test.mc.basic.AttrsTest" time="0.07"/>
  <testcase name="testExplicitRef" classname="gov.nasa.jpf.test.mc.basic.AttrsTest" time="0.091"/>
  <testcase name="testIntAttrList" classname="gov.nasa.jpf.test.mc.basic.AttrsTest" time="0.061"/>
  <testcase name="testListenerMixedLongAttrLists" classname="gov.nasa.jpf.test.mc.basic.AttrsTest" time="0.055"/>
  <testcase name="testInteger" classname="gov.nasa.jpf.test.mc.basic.AttrsTest" time="0.041"/>
  <testcase name="testBacktrack" classname="gov.nasa.jpf.test.mc.basic.AttrsTest" time="0.054"/>
  <system-out><![CDATA[  running jpf with args:
JavaPathfinder core system v8.0 (rev 1a704e1d6c3d92178504f8cdfe57b068b4e22d9c) - (C) 2005-2014 United States Government. All rights reserved.


====================================================== system under test
gov.nasa.jpf.test.mc.basic.AttrsTest.runTestMethod()

====================================================== search started: 11/26/23, 2:35 PM
[WARNING] orphan NativePeer method: jdk.internal.misc.Unsafe.getUnsafe()Lsun/misc/Unsafe;
@ a2[0] : 42

====================================================== results
no errors detected

====================================================== search finished: 11/26/23, 2:35 PM
  running jpf with args:
JavaPathfinder core system v8.0 (rev 1a704e1d6c3d92178504f8cdfe57b068b4e22d9c) - (C) 2005-2014 United States Government. All rights reserved.


====================================================== system under test
gov.nasa.jpf.test.mc.basic.AttrsTest.runTestMethod()

====================================================== search started: 11/26/23, 2:35 PM
[WARNING] orphan NativePeer method: jdk.internal.misc.Unsafe.getUnsafe()Lsun/misc/Unsafe;
@ 'result' attribute: 6

====================================================== results
no errors detected

====================================================== search finished: 11/26/23, 2:35 PM
  running jpf with args: +listener=.test.mc.basic.AttrsTest$DoubleListener
JavaPathfinder core system v8.0 (rev 1a704e1d6c3d92178504f8cdfe57b068b4e22d9c) - (C) 2005-2014 United States Government. All rights reserved.


====================================================== system under test
gov.nasa.jpf.test.mc.basic.AttrsTest.runTestMethod()

====================================================== search started: 11/26/23, 2:35 PM
[WARNING] orphan NativePeer method: jdk.internal.misc.Unsafe.getUnsafe()Lsun/misc/Unsafe;
listener setting 'd' attr = <an AttrType>
'r' attribute: null
@ 'r' attribute after assignment: 42

====================================================== results
no errors detected

====================================================== search finished: 11/26/23, 2:35 PM
  running jpf with args:
JavaPathfinder core system v8.0 (rev 1a704e1d6c3d92178504f8cdfe57b068b4e22d9c) - (C) 2005-2014 United States Government. All rights reserved.


====================================================== system under test
gov.nasa.jpf.test.mc.basic.AttrsTest.runTestMethod()

====================================================== search started: 11/26/23, 2:35 PM
[WARNING] orphan NativePeer method: jdk.internal.misc.Unsafe.getUnsafe()Lsun/misc/Unsafe;

====================================================== results
no errors detected

====================================================== search finished: 11/26/23, 2:35 PM
  running jpf with args: +listener=.test.mc.basic.AttrsTest$InvokeListener
JavaPathfinder core system v8.0 (rev 1a704e1d6c3d92178504f8cdfe57b068b4e22d9c) - (C) 2005-2014 United States Government. All rights reserved.


====================================================== system under test
gov.nasa.jpf.test.mc.basic.AttrsTest.runTestMethod()

====================================================== search started: 11/26/23, 2:35 PM
[WARNING] orphan NativePeer method: jdk.internal.misc.Unsafe.getUnsafe()Lsun/misc/Unsafe;
listener notified of: goNative(), attributes= 1,2,3
@ 'result' attribute: 6
listener notified of: goModel(), attributes= 1,2,3

====================================================== results
no errors detected

====================================================== search finished: 11/26/23, 2:35 PM
  running jpf with args:
JavaPathfinder core system v8.0 (rev 1a704e1d6c3d92178504f8cdfe57b068b4e22d9c) - (C) 2005-2014 United States Government. All rights reserved.


====================================================== system under test
gov.nasa.jpf.test.mc.basic.AttrsTest.runTestMethod()

====================================================== search started: 11/26/23, 2:35 PM
[WARNING] orphan NativePeer method: jdk.internal.misc.Unsafe.getUnsafe()Lsun/misc/Unsafe;
object attr = 42
object attr = 42

====================================================== results
no errors detected

====================================================== search finished: 11/26/23, 2:35 PM
  running jpf with args: +listener=.test.mc.basic.AttrsTest$IntListener
JavaPathfinder core system v8.0 (rev 1a704e1d6c3d92178504f8cdfe57b068b4e22d9c) - (C) 2005-2014 United States Government. All rights reserved.


====================================================== system under test
gov.nasa.jpf.test.mc.basic.AttrsTest.runTestMethod()

====================================================== search started: 11/26/23, 2:35 PM
[WARNING] orphan NativePeer method: jdk.internal.misc.Unsafe.getUnsafe()Lsun/misc/Unsafe;
'i' attribute set to: <an AttrType>
'i' attribute after Verify.setLocalAttribute("i",42): 42
'j' AttrType attribute: null
'j' attribute after assignment: 42

====================================================== results
no errors detected

====================================================== search finished: 11/26/23, 2:35 PM
  running jpf with args:
JavaPathfinder core system v8.0 (rev 1a704e1d6c3d92178504f8cdfe57b068b4e22d9c) - (C) 2005-2014 United States Government. All rights reserved.


====================================================== system under test
gov.nasa.jpf.test.mc.basic.AttrsTest.runTestMethod()

====================================================== search started: 11/26/23, 2:35 PM
[WARNING] orphan NativePeer method: jdk.internal.misc.Unsafe.getUnsafe()Lsun/misc/Unsafe;
@ 'myArray[5]' attribute before set: 0
@ 'myArray[5]' attribute after set: 42

====================================================== results
no errors detected

====================================================== search finished: 11/26/23, 2:35 PM
  running jpf with args:
JavaPathfinder core system v8.0 (rev 1a704e1d6c3d92178504f8cdfe57b068b4e22d9c) - (C) 2005-2014 United States Government. All rights reserved.


====================================================== system under test
gov.nasa.jpf.test.mc.basic.AttrsTest.runTestMethod()

====================================================== search started: 11/26/23, 2:35 PM
[WARNING] orphan NativePeer method: jdk.internal.misc.Unsafe.getUnsafe()Lsun/misc/Unsafe;
@ 'iDouble' attribute before set: 0
@ 'iDouble' attribute after set: 42

====================================================== results
no errors detected

====================================================== search finished: 11/26/23, 2:35 PM
  running jpf with args:
JavaPathfinder core system v8.0 (rev 1a704e1d6c3d92178504f8cdfe57b068b4e22d9c) - (C) 2005-2014 United States Government. All rights reserved.


====================================================== system under test
gov.nasa.jpf.test.mc.basic.AttrsTest.runTestMethod()

====================================================== search started: 11/26/23, 2:35 PM
[WARNING] orphan NativePeer method: jdk.internal.misc.Unsafe.getUnsafe()Lsun/misc/Unsafe;
[0] = -42
[1] = 42

====================================================== results
no errors detected

====================================================== search finished: 11/26/23, 2:35 PM
  running jpf with args: +listener=.test.mc.basic.AttrsTest$MixedAttrTypeListener
JavaPathfinder core system v8.0 (rev 1a704e1d6c3d92178504f8cdfe57b068b4e22d9c) - (C) 2005-2014 United States Government. All rights reserved.


====================================================== system under test
gov.nasa.jpf.test.mc.basic.AttrsTest.runTestMethod()

====================================================== search started: 11/26/23, 2:35 PM
[WARNING] orphan NativePeer method: jdk.internal.misc.Unsafe.getUnsafe()Lsun/misc/Unsafe;
--- pre-exec foo() invoke interception, setting arg attrs
   operand attrs:
42
foo-arg
--- post-exec foo() invoke interception
42
foo-arg
  removing 42
foo-arg
--- pre-exec foo() return interception
  got 'x' attributes
foo-arg
  setting lreturn operand attrs
returned
foo-arg
--- post-exec foo() return interception
returned
foo-arg

====================================================== results
no errors detected

====================================================== search finished: 11/26/23, 2:35 PM
  running jpf with args:
JavaPathfinder core system v8.0 (rev 1a704e1d6c3d92178504f8cdfe57b068b4e22d9c) - (C) 2005-2014 United States Government. All rights reserved.


====================================================== system under test
gov.nasa.jpf.test.mc.basic.AttrsTest.runTestMethod()

====================================================== search started: 11/26/23, 2:35 PM
[WARNING] orphan NativePeer method: jdk.internal.misc.Unsafe.getUnsafe()Lsun/misc/Unsafe;

====================================================== results
no errors detected

====================================================== search finished: 11/26/23, 2:35 PM
  running jpf with args:
JavaPathfinder core system v8.0 (rev 1a704e1d6c3d92178504f8cdfe57b068b4e22d9c) - (C) 2005-2014 United States Government. All rights reserved.


====================================================== system under test
gov.nasa.jpf.test.mc.basic.AttrsTest.runTestMethod()

====================================================== search started: 11/26/23, 2:35 PM
[WARNING] orphan NativePeer method: jdk.internal.misc.Unsafe.getUnsafe()Lsun/misc/Unsafe;
false
42
-1
true
42
-1

====================================================== results
no errors detected

====================================================== search finished: 11/26/23, 2:35 PM
]]></system-out>
  <system-err><![CDATA[]]></system-err>
</testsuite>
