<?xml version="1.0" encoding="UTF-8"?>
<testsuite name="gov.nasa.jpf.test.mc.data.DynamicAbstractionTest" tests="4" skipped="0" failures="0" errors="0" timestamp="2023-11-26T19:35:58" hostname="SHISHIRHP" time="0.788">
  <properties/>
  <testcase name="testClassFilter" classname="gov.nasa.jpf.test.mc.data.DynamicAbstractionTest" time="0.433"/>
  <testcase name="testMixedFields" classname="gov.nasa.jpf.test.mc.data.DynamicAbstractionTest" time="0.15"/>
  <testcase name="testStackFrameFilter" classname="gov.nasa.jpf.test.mc.data.DynamicAbstractionTest" time="0.084"/>
  <testcase name="testMyClass" classname="gov.nasa.jpf.test.mc.data.DynamicAbstractionTest" time="0.12"/>
  <system-out><![CDATA[  running jpf with args: +vm.serializer.class=.vm.serialize.DynamicAbstractionSerializer +das.classes.include=*$MyClass +das.methods.exclude=* +vm.max_transition_length=MAX
JavaPathfinder core system v8.0 (rev 1a704e1d6c3d92178504f8cdfe57b068b4e22d9c) - (C) 2005-2014 United States Government. All rights reserved.


====================================================== system under test
gov.nasa.jpf.test.mc.data.DynamicAbstractionTest.runTestMethod()

====================================================== search started: 11/26/23, 2:35 PM
[WARNING] orphan NativePeer method: jdk.internal.misc.Unsafe.getUnsafe()Lsun/misc/Unsafe;
 matchedObject.data=0
    ignoredObject.data=0
 matchedObject.data=1
    ignoredObject.data=0
         new state for matched=1, ignored=0
    ignoredObject.data=1
 matchedObject.data=2
    ignoredObject.data=0
         new state for matched=2, ignored=0
    ignoredObject.data=1

====================================================== results
no errors detected

====================================================== search finished: 11/26/23, 2:35 PM
  running jpf with args: +vm.serializer.class=.vm.serialize.DynamicAbstractionSerializer +das.classes.include=*$MyClass +das.fields=data +das.data.field=*$MyClass.data +das.data.abstraction=gov.nasa.jpf.test.mc.data.DynamicAbstractionTest$MyClassDataAbstraction
JavaPathfinder core system v8.0 (rev 1a704e1d6c3d92178504f8cdfe57b068b4e22d9c) - (C) 2005-2014 United States Government. All rights reserved.


====================================================== system under test
gov.nasa.jpf.test.mc.data.DynamicAbstractionTest.runTestMethod()

====================================================== search started: 11/26/23, 2:35 PM
[WARNING] orphan NativePeer method: jdk.internal.misc.Unsafe.getUnsafe()Lsun/misc/Unsafe;
abstracted value for 0 = 1
  notAbstracted=1
abstracted value for 0 = 1
new state for myClass.data = 0, 1.0
abstracted value for 1 = 1
new state for myClass.data = 1, 0.0
abstracted value for 2 = 1
abstracted value for 3 = 1
  notAbstracted=1
abstracted value for 4 = 1
abstracted value for 5 = 1
abstracted value for 6 = 2
new state for myClass.data = 6, 0.0
abstracted value for 7 = 2
  notAbstracted=1
abstracted value for 8 = 2
new state for myClass.data = 8, 1.0
abstracted value for 9 = 2
abstracted value for 10 = 2
abstracted value for 11 = 3
new state for myClass.data = 11, 0.0
  notAbstracted=1
abstracted value for 12 = 3
new state for myClass.data = 12, 1.0
abstracted value for 13 = 3
abstracted value for 14 = 3
abstracted value for 15 = 3
  notAbstracted=1
abstracted value for 16 = 3
abstracted value for 17 = 3
abstracted value for 18 = 3
abstracted value for 19 = 3
  notAbstracted=1
abstracted value for 20 = 3

====================================================== results
no errors detected

====================================================== search finished: 11/26/23, 2:35 PM
  running jpf with args: +vm.serializer.class=.vm.serialize.DynamicAbstractionSerializer +das.methods.include=*DynamicAbstractionTest.matchThis(*)V
JavaPathfinder core system v8.0 (rev 1a704e1d6c3d92178504f8cdfe57b068b4e22d9c) - (C) 2005-2014 United States Government. All rights reserved.


====================================================== system under test
gov.nasa.jpf.test.mc.data.DynamicAbstractionTest.runTestMethod()

====================================================== search started: 11/26/23, 2:35 PM
[WARNING] orphan NativePeer method: jdk.internal.misc.Unsafe.getUnsafe()Lsun/misc/Unsafe;
loop cycle 0
  matchThis() i=0
    new state
  matchThis() i=1
    new state
loop cycle 1
  matchThis() i=0

====================================================== results
no errors detected

====================================================== search finished: 11/26/23, 2:35 PM
  running jpf with args: +vm.serializer.class=.vm.serialize.DynamicAbstractionSerializer +das.classes.include=*$MyClass +das.fields=data +das.data.field=*$MyClass.data +das.data.abstraction=gov.nasa.jpf.test.mc.data.DynamicAbstractionTest$MyClassDataAbstraction
JavaPathfinder core system v8.0 (rev 1a704e1d6c3d92178504f8cdfe57b068b4e22d9c) - (C) 2005-2014 United States Government. All rights reserved.


====================================================== system under test
gov.nasa.jpf.test.mc.data.DynamicAbstractionTest.runTestMethod()

====================================================== search started: 11/26/23, 2:35 PM
[WARNING] orphan NativePeer method: jdk.internal.misc.Unsafe.getUnsafe()Lsun/misc/Unsafe;
abstracted value for 0 = 1
abstracted value for 0 = 1
new state for myClass.data = 0
abstracted value for 1 = 1
abstracted value for 2 = 1
abstracted value for 3 = 1
abstracted value for 4 = 1
abstracted value for 5 = 1
abstracted value for 6 = 2
new state for myClass.data = 6
abstracted value for 7 = 2
abstracted value for 8 = 2
abstracted value for 9 = 2
abstracted value for 10 = 2
abstracted value for 11 = 3
new state for myClass.data = 11
abstracted value for 12 = 3
abstracted value for 13 = 3
abstracted value for 14 = 3
abstracted value for 15 = 3
abstracted value for 16 = 3
abstracted value for 17 = 3
abstracted value for 18 = 3
abstracted value for 19 = 3
abstracted value for 20 = 3

====================================================== results
no errors detected

====================================================== search finished: 11/26/23, 2:35 PM
]]></system-out>
  <system-err><![CDATA[]]></system-err>
</testsuite>
