<?xml version="1.0" encoding="UTF-8"?>
<testsuite name="gov.nasa.jpf.test.vm.threads.InterruptTest" tests="5" skipped="0" failures="0" errors="0" timestamp="2023-11-26T19:37:14" hostname="SHISHIRHP" time="0.888">
  <properties/>
  <testcase name="testWaitSyncInterrupt" classname="gov.nasa.jpf.test.vm.threads.InterruptTest" time="0.454"/>
  <testcase name="testBlockedWaitAsyncInterrupt" classname="gov.nasa.jpf.test.vm.threads.InterruptTest" time="0.126"/>
  <testcase name="testPark" classname="gov.nasa.jpf.test.vm.threads.InterruptTest" time="0.124"/>
  <testcase name="testInterruptStatus" classname="gov.nasa.jpf.test.vm.threads.InterruptTest" time="0.102"/>
  <testcase name="testWaitAsyncInterrupt" classname="gov.nasa.jpf.test.vm.threads.InterruptTest" time="0.082"/>
  <system-out><![CDATA[  running jpf with args:
JavaPathfinder core system v8.0 (rev 1a704e1d6c3d92178504f8cdfe57b068b4e22d9c) - (C) 2005-2014 United States Government. All rights reserved.


====================================================== system under test
gov.nasa.jpf.test.vm.threads.InterruptTest.runTestMethod()

====================================================== search started: 11/26/23, 2:37 PM
[WARNING] orphan NativePeer method: jdk.internal.misc.Unsafe.getUnsafe()Lsun/misc/Unsafe;
main terminated
T waiting
main terminated
T waiting
T waiting
main terminated
java.lang.InterruptedException
	at java.lang.Object.wait(gov.nasa.jpf.vm.JPF_java_lang_Object)
	at gov.nasa.jpf.test.vm.threads.InterruptTest$1.run(gov/nasa/jpf/test/vm/threads/InterruptTest.java:65)
T interrupted, terminating
main terminated

====================================================== results
no errors detected

====================================================== search finished: 11/26/23, 2:37 PM
  running jpf with args:
JavaPathfinder core system v8.0 (rev 1a704e1d6c3d92178504f8cdfe57b068b4e22d9c) - (C) 2005-2014 United States Government. All rights reserved.


====================================================== system under test
gov.nasa.jpf.test.vm.threads.InterruptTest.runTestMethod()

====================================================== search started: 11/26/23, 2:37 PM
[WARNING] orphan NativePeer method: jdk.internal.misc.Unsafe.getUnsafe()Lsun/misc/Unsafe;
T waiting
main interrupting t1
main terminated, t1 runnable again
java.lang.InterruptedException
	at java.lang.Object.wait(gov.nasa.jpf.vm.JPF_java_lang_Object)
	at gov.nasa.jpf.test.vm.threads.InterruptTest$3.run(gov/nasa/jpf/test/vm/threads/InterruptTest.java:148)
T interrupted, terminating
java.lang.InterruptedException
	at java.lang.Object.wait(gov.nasa.jpf.vm.JPF_java_lang_Object)
	at gov.nasa.jpf.test.vm.threads.InterruptTest$3.run(gov/nasa/jpf/test/vm/threads/InterruptTest.java:148)
T interrupted, terminating
main interrupting t1
main terminated, t1 runnable again
T waiting
main interrupting t1
main terminated, t1 runnable again

====================================================== results
no errors detected

====================================================== search finished: 11/26/23, 2:37 PM
  running jpf with args:
JavaPathfinder core system v8.0 (rev 1a704e1d6c3d92178504f8cdfe57b068b4e22d9c) - (C) 2005-2014 United States Government. All rights reserved.


====================================================== system under test
gov.nasa.jpf.test.vm.threads.InterruptTest.runTestMethod()

====================================================== search started: 11/26/23, 2:37 PM
[WARNING] orphan NativePeer method: jdk.internal.misc.Unsafe.getUnsafe()Lsun/misc/Unsafe;
main interrupting
main joining t1..
T parking..
T terminated
main joined t1
main terminated
T parking..
main interrupting
main joining t1..
T terminated
main interrupting
main joining t1..
T terminated
main interrupting
main joining t1..
T terminated
main interrupting
main joining t1..
T terminated

====================================================== results
no errors detected

====================================================== search finished: 11/26/23, 2:37 PM
  running jpf with args:
JavaPathfinder core system v8.0 (rev 1a704e1d6c3d92178504f8cdfe57b068b4e22d9c) - (C) 2005-2014 United States Government. All rights reserved.


====================================================== system under test
gov.nasa.jpf.test.vm.threads.InterruptTest.runTestMethod()

====================================================== search started: 11/26/23, 2:37 PM
[WARNING] orphan NativePeer method: jdk.internal.misc.Unsafe.getUnsafe()Lsun/misc/Unsafe;
setting interrupt status
query and clear interrupt status

====================================================== results
no errors detected

====================================================== search finished: 11/26/23, 2:37 PM
  running jpf with args:
JavaPathfinder core system v8.0 (rev 1a704e1d6c3d92178504f8cdfe57b068b4e22d9c) - (C) 2005-2014 United States Government. All rights reserved.


====================================================== system under test
gov.nasa.jpf.test.vm.threads.InterruptTest.runTestMethod()

====================================================== search started: 11/26/23, 2:37 PM
[WARNING] orphan NativePeer method: jdk.internal.misc.Unsafe.getUnsafe()Lsun/misc/Unsafe;
main interrupting t1
main terminated
T waiting
main interrupting t1
main terminated
T waiting
T waiting
main interrupting t1
main terminated
java.lang.InterruptedException
	at java.lang.Object.wait(gov.nasa.jpf.vm.JPF_java_lang_Object)
	at gov.nasa.jpf.test.vm.threads.InterruptTest$2.run(gov/nasa/jpf/test/vm/threads/InterruptTest.java:101)
T interrupted, terminating

====================================================== results
no errors detected

====================================================== search finished: 11/26/23, 2:37 PM
]]></system-out>
  <system-err><![CDATA[]]></system-err>
</testsuite>
