<?xml version="1.0" encoding="UTF-8"?>
<testsuite name="gov.nasa.jpf.test.mc.basic.StatelessTest" tests="2" skipped="0" failures="0" errors="0" timestamp="2023-11-26T19:35:47" hostname="SHISHIRHP" time="0.633">
  <properties/>
  <testcase name="testStatelessRandomSearch" classname="gov.nasa.jpf.test.mc.basic.StatelessTest" time="0.542"/>
  <testcase name="testNumberOfPaths" classname="gov.nasa.jpf.test.mc.basic.StatelessTest" time="0.091"/>
  <system-out><![CDATA[  running jpf with args: +search.class=.search.RandomSearch +search.RandomSearch.path_limit = 10 +cg.randomize_choices = FIXED_SEED
JavaPathfinder core system v8.0 (rev 1a704e1d6c3d92178504f8cdfe57b068b4e22d9c) - (C) 2005-2014 United States Government. All rights reserved.


====================================================== system under test
gov.nasa.jpf.test.mc.basic.StatelessTest.runTestMethod()

====================================================== search started: 11/26/23, 2:35 PM
[WARNING] orphan NativePeer method: jdk.internal.misc.Unsafe.getUnsafe()Lsun/misc/Unsafe;
paths = 1
paths = 2
paths = 3
paths = 4
paths = 5
paths = 6
paths = 7
paths = 8
paths = 9
paths = 10
paths = 11

====================================================== results
no errors detected

====================================================== search finished: 11/26/23, 2:35 PM
  running jpf with args: +vm.storage.class=null
JavaPathfinder core system v8.0 (rev 1a704e1d6c3d92178504f8cdfe57b068b4e22d9c) - (C) 2005-2014 United States Government. All rights reserved.


====================================================== system under test
gov.nasa.jpf.test.mc.basic.StatelessTest.runTestMethod()

====================================================== search started: 11/26/23, 2:35 PM
[WARNING] orphan NativePeer method: jdk.internal.misc.Unsafe.getUnsafe()Lsun/misc/Unsafe;
got here
got here
got here
got here
got here
got here

====================================================== results
no errors detected

====================================================== search finished: 11/26/23, 2:35 PM
]]></system-out>
  <system-err><![CDATA[]]></system-err>
</testsuite>
