<?xml version="1.0" encoding="UTF-8"?>
<testsuite name="gov.nasa.jpf.test.mc.basic.FinalBreakTest" tests="6" skipped="0" failures="0" errors="0" timestamp="2023-11-26T19:35:27" hostname="SHISHIRHP" time="0.935">
  <properties/>
  <testcase name="testConstructedFinalBreak" classname="gov.nasa.jpf.test.mc.basic.FinalBreakTest" time="0.47"/>
  <testcase name="testNoFinalBreak" classname="gov.nasa.jpf.test.mc.basic.FinalBreakTest" time="0.111"/>
  <testcase name="testStaticFinalBreak" classname="gov.nasa.jpf.test.mc.basic.FinalBreakTest" time="0.141"/>
  <testcase name="testNoStaticFinalBreak" classname="gov.nasa.jpf.test.mc.basic.FinalBreakTest" time="0.092"/>
  <testcase name="testNoConstructedFinalBreak" classname="gov.nasa.jpf.test.mc.basic.FinalBreakTest" time="0.064"/>
  <testcase name="testFinalBreak" classname="gov.nasa.jpf.test.mc.basic.FinalBreakTest" time="0.057"/>
  <system-out><![CDATA[  running jpf with args: +vm.shared.skip_finals=false +vm.shared.skip_constructed_finals=false
JavaPathfinder core system v8.0 (rev 1a704e1d6c3d92178504f8cdfe57b068b4e22d9c) - (C) 2005-2014 United States Government. All rights reserved.


====================================================== system under test
gov.nasa.jpf.test.mc.basic.FinalBreakTest.runTestMethod()

====================================================== search started: 11/26/23, 2:35 PM
[WARNING] orphan NativePeer method: jdk.internal.misc.Unsafe.getUnsafe()Lsun/misc/Unsafe;
T running
T enter InstanceFinal ctor
T exit InstanceFinal ctor
T terminating
T running
T enter InstanceFinal ctor
main now corrupting object
main now fixing object
T exit InstanceFinal ctor
T terminating
T exit InstanceFinal ctor
T terminating
T terminating
T terminating
T terminating
T exit InstanceFinal ctor
main now fixing object

====================================================== error 1
gov.nasa.jpf.vm.NoUncaughtExceptionsProperty
java.lang.AssertionError: constructed object corrupted
	at gov.nasa.jpf.util.test.TestJPF.fail(gov/nasa/jpf/util/test/TestJPF.java:164)
	at gov.nasa.jpf.util.test.TestJPF.assertTrue(gov/nasa/jpf/util/test/TestJPF.java:1174)
	at gov.nasa.jpf.test.mc.basic.FinalBreakTest$1.run(gov/nasa/jpf/test/mc/basic/FinalBreakTest.java:57)


====================================================== snapshot #1
thread java.lang.Thread:{id:0,name:main,status:RUNNING,priority:5,isDaemon:false,lockCount:0,suspendCount:0}
  call stack:
	at java.lang.reflect.Field.setInt(Field.java)
	at gov.nasa.jpf.test.mc.basic.FinalBreakTest.testConstructedFinalBreak(FinalBreakTest.java:124)
	at java.lang.reflect.Method.invoke(Method.java)
	at gov.nasa.jpf.util.test.TestJPF.runTestMethod(TestJPF.java:648)

thread java.lang.Thread:{id:1,name:Thread-1,status:RUNNING,priority:5,isDaemon:false,lockCount:0,suspendCount:0}
  call stack:
	at gov.nasa.jpf.util.test.TestJPF.fail(TestJPF.java:164)
	at gov.nasa.jpf.util.test.TestJPF.assertTrue(TestJPF.java:1174)
	at gov.nasa.jpf.test.mc.basic.FinalBreakTest$1.run(FinalBreakTest.java:57)


====================================================== results
error #1: gov.nasa.jpf.vm.NoUncaughtExceptionsProperty "java.lang.AssertionError: constructed object corru..."

====================================================== search finished: 11/26/23, 2:35 PM
  running jpf with args: +vm.shared.skip_finals=true
JavaPathfinder core system v8.0 (rev 1a704e1d6c3d92178504f8cdfe57b068b4e22d9c) - (C) 2005-2014 United States Government. All rights reserved.


====================================================== system under test
gov.nasa.jpf.test.mc.basic.FinalBreakTest.runTestMethod()

====================================================== search started: 11/26/23, 2:35 PM
[WARNING] orphan NativePeer method: jdk.internal.misc.Unsafe.getUnsafe()Lsun/misc/Unsafe;
T running
T enter InstanceFinal ctor
T exit InstanceFinal ctor
T terminating
T running
T enter InstanceFinal ctor
T exit InstanceFinal ctor
T terminating
T exit InstanceFinal ctor
T terminating
T terminating
T exit InstanceFinal ctor
T terminating

====================================================== results
no errors detected

====================================================== search finished: 11/26/23, 2:35 PM
  running jpf with args: +vm.shared.skip_static_finals=false
JavaPathfinder core system v8.0 (rev 1a704e1d6c3d92178504f8cdfe57b068b4e22d9c) - (C) 2005-2014 United States Government. All rights reserved.


====================================================== system under test
gov.nasa.jpf.test.mc.basic.FinalBreakTest.runTestMethod()

====================================================== search started: 11/26/23, 2:35 PM
[WARNING] orphan NativePeer method: jdk.internal.misc.Unsafe.getUnsafe()Lsun/misc/Unsafe;
main now corrupting static fields
main now fixing static fields
T running
T terminating
T running
main now fixing static fields
T terminating
main now fixing static fields
T terminating
main now fixing static fields
T terminating

====================================================== error 1
gov.nasa.jpf.vm.NoUncaughtExceptionsProperty
java.lang.AssertionError: static finals corrupted
	at gov.nasa.jpf.util.test.TestJPF.fail(gov/nasa/jpf/util/test/TestJPF.java:164)
	at gov.nasa.jpf.util.test.TestJPF.assertTrue(gov/nasa/jpf/util/test/TestJPF.java:1174)
	at gov.nasa.jpf.test.mc.basic.FinalBreakTest$2.run(gov/nasa/jpf/test/mc/basic/FinalBreakTest.java:150)


====================================================== snapshot #1
thread java.lang.Thread:{id:1,name:Thread-1,status:UNBLOCKED,priority:5,isDaemon:false,lockCount:0,suspendCount:0}
  call stack:
	at gov.nasa.jpf.util.test.TestJPF.fail(TestJPF.java:164)
	at gov.nasa.jpf.util.test.TestJPF.assertTrue(TestJPF.java:1174)
	at gov.nasa.jpf.test.mc.basic.FinalBreakTest$2.run(FinalBreakTest.java:150)


====================================================== results
error #1: gov.nasa.jpf.vm.NoUncaughtExceptionsProperty "java.lang.AssertionError: static finals corrupted ..."

====================================================== search finished: 11/26/23, 2:35 PM
  running jpf with args: +vm.shared.skip_static_finals=true
JavaPathfinder core system v8.0 (rev 1a704e1d6c3d92178504f8cdfe57b068b4e22d9c) - (C) 2005-2014 United States Government. All rights reserved.


====================================================== system under test
gov.nasa.jpf.test.mc.basic.FinalBreakTest.runTestMethod()

====================================================== search started: 11/26/23, 2:35 PM
[WARNING] orphan NativePeer method: jdk.internal.misc.Unsafe.getUnsafe()Lsun/misc/Unsafe;
main now corrupting static fields
main now fixing static fields
T running
T terminating
T running
main now fixing static fields
T terminating
main now fixing static fields
T terminating
T terminating
main now fixing static fields
main now fixing static fields
T terminating
T terminating
main now fixing static fields
T running
main now corrupting static fields
main now corrupting static fields
T terminating
main now corrupting static fields
main now fixing static fields

====================================================== results
no errors detected

====================================================== search finished: 11/26/23, 2:35 PM
  running jpf with args: +vm.shared.skip_constructed_finals=true
JavaPathfinder core system v8.0 (rev 1a704e1d6c3d92178504f8cdfe57b068b4e22d9c) - (C) 2005-2014 United States Government. All rights reserved.


====================================================== system under test
gov.nasa.jpf.test.mc.basic.FinalBreakTest.runTestMethod()

====================================================== search started: 11/26/23, 2:35 PM
[WARNING] orphan NativePeer method: jdk.internal.misc.Unsafe.getUnsafe()Lsun/misc/Unsafe;
T running
T enter InstanceFinal ctor
T exit InstanceFinal ctor
T terminating
T running
T enter InstanceFinal ctor
main now corrupting object
main now fixing object
T exit InstanceFinal ctor
T terminating
T exit InstanceFinal ctor
main now corrupting object
main now fixing object
T terminating
T terminating
main now corrupting object
main now fixing object
T exit InstanceFinal ctor
T terminating
main now corrupting object
main now fixing object

====================================================== results
no errors detected

====================================================== search finished: 11/26/23, 2:35 PM
  running jpf with args: +vm.shared.skip_finals=false
JavaPathfinder core system v8.0 (rev 1a704e1d6c3d92178504f8cdfe57b068b4e22d9c) - (C) 2005-2014 United States Government. All rights reserved.


====================================================== system under test
gov.nasa.jpf.test.mc.basic.FinalBreakTest.runTestMethod()

====================================================== search started: 11/26/23, 2:35 PM
[WARNING] orphan NativePeer method: jdk.internal.misc.Unsafe.getUnsafe()Lsun/misc/Unsafe;
T running
T enter InstanceFinal ctor
T exit InstanceFinal ctor
T terminating
T running
T enter InstanceFinal ctor
T exit InstanceFinal ctor
T terminating
T exit InstanceFinal ctor

====================================================== error 1
gov.nasa.jpf.vm.NoUncaughtExceptionsProperty
java.lang.AssertionError: break between field inits
	at gov.nasa.jpf.util.test.TestJPF.fail(gov/nasa/jpf/util/test/TestJPF.java:164)
	at gov.nasa.jpf.util.test.TestJPF.assertTrue(gov/nasa/jpf/util/test/TestJPF.java:1174)
	at gov.nasa.jpf.test.mc.basic.FinalBreakTest.testFinalBreak(gov/nasa/jpf/test/mc/basic/FinalBreakTest.java:81)
	at java.lang.reflect.Method.invoke(gov.nasa.jpf.vm.JPF_java_lang_reflect_Method)
	at gov.nasa.jpf.util.test.TestJPF.runTestMethod(gov/nasa/jpf/util/test/TestJPF.java:648)


====================================================== snapshot #1
thread java.lang.Thread:{id:0,name:main,status:RUNNING,priority:5,isDaemon:false,lockCount:0,suspendCount:0}
  call stack:
	at gov.nasa.jpf.util.test.TestJPF.runTestMethod(TestJPF.java:650)

thread java.lang.Thread:{id:1,name:Thread-1,status:RUNNING,priority:5,isDaemon:false,lockCount:0,suspendCount:0}
  call stack:
	at java.lang.Thread.yield(Thread.java)
	at gov.nasa.jpf.test.mc.basic.FinalBreakTest$1.run(FinalBreakTest.java:56)


====================================================== results
error #1: gov.nasa.jpf.vm.NoUncaughtExceptionsProperty "java.lang.AssertionError: break between field init..."

====================================================== search finished: 11/26/23, 2:35 PM
]]></system-out>
  <system-err><![CDATA[]]></system-err>
</testsuite>
