<?xml version="1.0" encoding="UTF-8"?>
<testsuite name="gov.nasa.jpf.test.java.concurrent.AtomicReferenceFieldUpdaterTest" tests="2" skipped="0" failures="0" errors="0" timestamp="2023-11-26T19:34:22" hostname="SHISHIRHP" time="0.501">
  <properties/>
  <testcase name="testByteArrayField" classname="gov.nasa.jpf.test.java.concurrent.AtomicReferenceFieldUpdaterTest" time="0.405"/>
  <testcase name="testStringField" classname="gov.nasa.jpf.test.java.concurrent.AtomicReferenceFieldUpdaterTest" time="0.096"/>
  <system-out><![CDATA[  running jpf with args: +cg.enumreate_cas=true
JavaPathfinder core system v8.0 (rev 1a704e1d6c3d92178504f8cdfe57b068b4e22d9c) - (C) 2005-2014 United States Government. All rights reserved.


====================================================== system under test
gov.nasa.jpf.test.java.concurrent.AtomicReferenceFieldUpdaterTest.runTestMethod()

====================================================== search started: 11/26/23, 2:34 PM
[WARNING] orphan NativePeer method: jdk.internal.misc.Unsafe.getUnsafe()Lsun/misc/Unsafe;
[B@43474
[B@43501

====================================================== results
no errors detected

====================================================== search finished: 11/26/23, 2:34 PM
  running jpf with args: +cg.enumreate_cas=true
JavaPathfinder core system v8.0 (rev 1a704e1d6c3d92178504f8cdfe57b068b4e22d9c) - (C) 2005-2014 United States Government. All rights reserved.


====================================================== system under test
gov.nasa.jpf.test.java.concurrent.AtomicReferenceFieldUpdaterTest.runTestMethod()

====================================================== search started: 11/26/23, 2:34 PM
[WARNING] orphan NativePeer method: jdk.internal.misc.Unsafe.getUnsafe()Lsun/misc/Unsafe;
one
two

====================================================== results
no errors detected

====================================================== search finished: 11/26/23, 2:34 PM
]]></system-out>
  <system-err><![CDATA[]]></system-err>
</testsuite>
