<?xml version="1.0" encoding="UTF-8"?>
<testsuite name="gov.nasa.jpf.test.mc.basic.ExceptionInjectorTest" tests="3" skipped="0" failures="0" errors="0" timestamp="2023-11-26T19:35:25" hostname="SHISHIRHP" time="0.629">
  <properties/>
  <testcase name="testAbsLine" classname="gov.nasa.jpf.test.mc.basic.ExceptionInjectorTest" time="0.436"/>
  <testcase name="testCallee" classname="gov.nasa.jpf.test.mc.basic.ExceptionInjectorTest" time="0.093"/>
  <testcase name="testMethodOffset" classname="gov.nasa.jpf.test.mc.basic.ExceptionInjectorTest" time="0.1"/>
  <system-out><![CDATA[  running jpf with args: +listener=.listener.ExceptionInjector +ei.exception=java.lang.ArithmeticException@gov.nasa.jpf.test.mc.basic.ExceptionInjectorTest:41
java.lang.ArithmeticException@gov.nasa.jpf.test.mc.basic.ExceptionInjectorTest:41
JavaPathfinder core system v8.0 (rev 1a704e1d6c3d92178504f8cdfe57b068b4e22d9c) - (C) 2005-2014 United States Government. All rights reserved.


====================================================== system under test
gov.nasa.jpf.test.mc.basic.ExceptionInjectorTest.runTestMethod()

====================================================== search started: 11/26/23, 2:35 PM
[WARNING] orphan NativePeer method: jdk.internal.misc.Unsafe.getUnsafe()Lsun/misc/Unsafe;
got it handled
java.lang.ArithmeticException
	at gov.nasa.jpf.test.mc.basic.ExceptionInjectorTest.testAbsLine(gov/nasa/jpf/test/mc/basic/ExceptionInjectorTest.java:41)
	at java.lang.reflect.Method.invoke(gov.nasa.jpf.vm.JPF_java_lang_reflect_Method)
	at gov.nasa.jpf.util.test.TestJPF.runTestMethod(gov/nasa/jpf/util/test/TestJPF.java:648)

====================================================== results
no errors detected

====================================================== search finished: 11/26/23, 2:35 PM
  running jpf with args: +listener=.listener.ExceptionInjector +ei.exception=java.io.IOException@java.io.File.createTempFile(java.lang.String,java.lang.String)
java.io.IOException@java.io.File.createTempFile(Ljava/lang/String;Ljava/lang/String;)
JavaPathfinder core system v8.0 (rev 1a704e1d6c3d92178504f8cdfe57b068b4e22d9c) - (C) 2005-2014 United States Government. All rights reserved.


====================================================== system under test
gov.nasa.jpf.test.mc.basic.ExceptionInjectorTest.runTestMethod()

====================================================== search started: 11/26/23, 2:35 PM
[WARNING] orphan NativePeer method: jdk.internal.misc.Unsafe.getUnsafe()Lsun/misc/Unsafe;
java.io.IOException
	at gov.nasa.jpf.test.mc.basic.ExceptionInjectorTest.testCallee(gov/nasa/jpf/test/mc/basic/ExceptionInjectorTest.java:83)
	at java.lang.reflect.Method.invoke(gov.nasa.jpf.vm.JPF_java_lang_reflect_Method)
	at gov.nasa.jpf.util.test.TestJPF.runTestMethod(gov/nasa/jpf/util/test/TestJPF.java:648)

====================================================== results
no errors detected

====================================================== search finished: 11/26/23, 2:35 PM
  running jpf with args: +listener=.listener.ExceptionInjector +ei.exception=gov.nasa.jpf.test.mc.basic.ExceptionInjectorTest$Zapp("gotcha")@gov.nasa.jpf.test.mc.basic.ExceptionInjectorTest.testMethodOffset():6
gov.nasa.jpf.test.mc.basic.ExceptionInjectorTest$Zapp("gotcha")@gov.nasa.jpf.test.mc.basic.ExceptionInjectorTest.testMethodOffset():6
JavaPathfinder core system v8.0 (rev 1a704e1d6c3d92178504f8cdfe57b068b4e22d9c) - (C) 2005-2014 United States Government. All rights reserved.


====================================================== system under test
gov.nasa.jpf.test.mc.basic.ExceptionInjectorTest.runTestMethod()

====================================================== search started: 11/26/23, 2:35 PM
[WARNING] orphan NativePeer method: jdk.internal.misc.Unsafe.getUnsafe()Lsun/misc/Unsafe;
gov.nasa.jpf.test.mc.basic.ExceptionInjectorTest$Zapp: gotcha

====================================================== results
no errors detected

====================================================== search finished: 11/26/23, 2:35 PM
]]></system-out>
  <system-err><![CDATA[]]></system-err>
</testsuite>
