<?xml version="1.0" encoding="UTF-8"?>
<testsuite name="gov.nasa.jpf.test.vm.basic.ClassInitTest" tests="1" skipped="0" failures="0" errors="0" timestamp="2023-11-26T19:36:43" hostname="SHISHIRHP" time="0.421">
  <properties/>
  <testcase name="testClinits" classname="gov.nasa.jpf.test.vm.basic.ClassInitTest" time="0.421"/>
  <system-out><![CDATA[  running jpf with args:
JavaPathfinder core system v8.0 (rev 1a704e1d6c3d92178504f8cdfe57b068b4e22d9c) - (C) 2005-2014 United States Government. All rights reserved.


====================================================== system under test
gov.nasa.jpf.test.vm.basic.ClassInitTest.runTestMethod()

====================================================== search started: 11/26/23, 2:36 PM
[WARNING] orphan NativePeer method: jdk.internal.misc.Unsafe.getUnsafe()Lsun/misc/Unsafe;
in Root.<clinit>()
in Base.<clinit>()
in Derived.<clinit>()

====================================================== results
no errors detected

====================================================== search finished: 11/26/23, 2:36 PM
]]></system-out>
  <system-err><![CDATA[]]></system-err>
</testsuite>
