<?xml version="1.0" encoding="UTF-8"?>
<testsuite name="ReporterResourcesTest" tests="2" skipped="0" failures="0" errors="0" timestamp="2023-11-26T19:34:06" hostname="SHISHIRHP" time="0.172">
  <properties/>
  <testcase name="hashMustExist" classname="ReporterResourcesTest" time="0.167"/>
  <testcase name="checkResources" classname="ReporterResourcesTest" time="0.005"/>
  <system-out><![CDATA[]]></system-out>
  <system-err><![CDATA[]]></system-err>
</testsuite>
