<?xml version="1.0" encoding="UTF-8"?>
<testsuite name="gov.nasa.jpf.util.OATHashTest" tests="2" skipped="0" failures="0" errors="0" timestamp="2023-11-26T19:37:38" hostname="SHISHIRHP" time="0.02">
  <properties/>
  <testcase name="testRandomSmall" classname="gov.nasa.jpf.util.OATHashTest" time="0.014"/>
  <testcase name="testRandom" classname="gov.nasa.jpf.util.OATHashTest" time="0.006"/>
  <system-out><![CDATA[23,1,21,1 => 1145017541
9,30,8,22 => -616602280
21,2,28,14 => -1214321772
11,12,8,22 => 194488156
14,24,25,31 => -1581897591
29,4,13,14 => 1522658071
23,29,12,25 => 1147246306
5,4,19,10 => -1832056750
6,8,26,11 => -514398130
5,5,18,8 => -1205773957
24,20,18,2 => 1463884415
18,2,24,25 => -1803368626
1,10,11,6 => -135054410
26,0,13,24 => 152218325
31,2,22,17 => -2025078814
15,27,9,7 => -47454248
30,19,26,6 => -1563387791
20,12,11,4 => 1480546966
11,13,13,20 => 1419108120
14,22,15,30 => -626191837
15,17,26,1 => 1488634479
4,1,26,25 => 1780176245
14,24,8,20 => -1872074861
6,11,5,30 => 1857950294
27,15,15,17 => 1361260368
13,0,20,24 => -562853412
22,20,10,2 => 1344022593
18,10,11,9 => -1007202855
27,4,25,8 => 1086868401
19,12,11,3 => -153947036
22,4,29,9 => -1974508009
6,5,25,9 => 1086047464
20,24,14,21 => 2083668911
9,31,17,25 => 1124685439
20,22,4,2 => -1070039011
15,25,0,21 => 823744154
1,14,15,14 => -1804446144
20,8,12,15 => 1449691638
30,4,12,26 => -1545063882
20,31,24,22 => -528902094
28,12,19,9 => -1881723184
31,19,2,11 => -1645030170
24,11,8,31 => 1548694095
28,5,11,29 => 1308708970
13,8,10,25 => 76933025
10,25,14,4 => 646260434
3,12,23,28 => 794178148
5,29,25,9 => -299293070
4,30,2,9 => -1006945354
0,21,17,8 => -1331444787
9,12,30,31 => -2044142784
28,28,11,23 => -1232639358
0,0,25,0 => -1675704241
16,9,26,17 => 901797667
18,13,22,27 => 2104738619
17,15,3,9 => 1457770231
18,2,28,28 => -407898035
20,21,12,22 => 1326055808
28,18,26,4 => 1252508946
8,0,30,20 => 874025463
12,26,18,13 => 295553875
8,30,26,28 => 417537465
21,4,19,22 => -505276188
15,6,11,6 => 193804764
23,31,27,31 => 1771259086
10,16,24,2 => -697412699
23,16,16,27 => -2122567607
24,24,12,21 => -1716372144
27,4,22,12 => 2094642191
5,0,25,16 => 816217533
23,13,25,24 => -1990434072
26,20,27,13 => 966778165
31,17,4,7 => 345064560
19,1,17,4 => -584885931
4,19,17,23 => 1870100194
17,24,10,31 => 305608904
23,28,12,20 => 1227189851
0,14,3,16 => 1749743030
3,12,5,14 => -955629254
28,5,13,21 => 1450082836
27,14,10,14 => 132552364
13,4,1,4 => 813312072
19,30,5,12 => -583377706
15,0,18,9 => 1445443270
16,17,22,30 => -71763508
21,1,27,8 => -1924245477
25,10,9,19 => -330636214
11,7,16,0 => -2088354511
9,9,31,10 => -1478927671
18,20,3,20 => 1412656773
13,15,17,6 => 1037132660
18,26,23,8 => 1300511031
19,14,26,3 => 100983898
28,30,11,25 => 311609150
20,17,26,18 => 632616004
3,8,29,6 => -543548175
19,17,18,20 => 1696489185
5,31,31,0 => -583231868
18,20,24,13 => -1466849231
16,19,2,19 => 3622116
15,6,5,22 => -711209937
15,20,22,14 => -757062766
20,28,11,14 => -2050847438
17,31,24,3 => -664727580
16,7,5,0 => -1029943511
22,14,17,26 => 1447689807
14,20,10,30 => -1626780467
1,9,25,7 => -1699486450
22,14,9,13 => 100939471
20,14,18,5 => 1502201527
16,1,17,20 => 1823061615
8,20,5,10 => -1250178997
22,26,12,28 => -1055426709
14,3,8,24 => 872147770
15,12,13,14 => -1007211045
18,27,5,0 => -208989691
8,6,16,14 => -156631219
7,16,20,2 => -257235244
10,25,20,17 => 1516478681
26,15,31,23 => -278956537
16,21,30,3 => 809074738
8,23,20,13 => 1259835360
30,16,18,9 => 2111515662
23,12,4,23 => -1501671566
22,8,4,27 => 1254177140
17,0,2,26 => 1672059102
23,18,21,0 => 1305400925
26,2,15,10 => 1673676681
10,23,25,23 => 1441884420
25,31,9,29 => 312329979
16,14,13,28 => 679966866
30,9,30,17 => 976808987
26,21,26,13 => -1367897820
28,5,11,6 => 1232679791
27,14,13,16 => 715234346
19,29,29,3 => 1559863355
30,23,19,18 => 243455702
5,22,13,28 => 578294262
1,18,12,20 => 1365915396
2,3,3,23 => -497794781
29,10,6,13 => -1991538946
18,14,17,7 => -291324708
2,8,13,3 => 459372881
17,30,3,1 => 1075014143
19,21,29,24 => -2038120499
1,21,5,23 => -1926228638
31,4,23,7 => 1417717685
2,6,10,22 => 1499783650
20,1,23,26 => -1347385347
0,11,26,0 => -1975711052
12,28,27,7 => 1250209578
16,12,26,5 => -347226523
31,28,17,6 => -1887199238
0,6,4,4 => -1771726803
4,19,21,30 => -1666462254
22,9,29,20 => 1472140785
13,3,28,9 => 211915367
29,19,4,22 => 1308981014
14,8,4,12 => 920718144
23,12,8,29 => 1975790560
1,6,28,27 => -1960116389
17,10,28,21 => -1559929766
0,18,14,27 => 2112304716
9,31,4,6 => 366532716
20,23,14,29 => 1631099042
21,25,18,7 => 881392892
19,30,22,15 => 767994377
22,31,16,7 => 98589224
22,27,7,7 => 1464050182
6,26,18,27 => 610790975
19,5,28,12 => 1263916754
17,22,31,25 => -1914339390
4,2,10,13 => 1875753736
27,17,21,13 => 157584460
9,20,7,0 => -249774421
25,29,20,9 => -1111817737
10,14,5,14 => -172701526
12,25,20,4 => 2061201372
21,29,19,15 => 312756169
6,3,23,5 => -352113012
21,25,6,8 => -80457787
0,4,6,16 => 2074272023
14,19,6,7 => 1985594862
18,26,4,27 => 1534401241
4,21,25,17 => -899036884
13,6,18,20 => -1892652881
9,10,28,10 => -211198702
1,18,12,9 => -274676119
15,11,28,9 => 1808186650
15,12,10,16 => 611980724
13,11,0,20 => -751666203
1,6,30,4 => 406149328
13,29,4,12 => -980540263
1,20,18,14 => -2033420341
8,22,7,21 => -203680793
23,7,16,20 => -817778663
1,30,20,3 => 745411581
16,8,31,13 => -1977170598
26,26,3,30 => -420036466
18,18,23,9 => 1850902330
18,31,16,25 => -1096848448
11,16,24,27 => 1265668520
21,23,7,15 => 293011299
19,7,27,28 => 701314292
30,5,26,2 => 435961942
8,27,18,19 => 414777252
30,19,0,7 => -93190892
23,30,26,22 => 1714526292
29,11,25,18 => -1189668309
2,4,22,4 => -1026167228
0,14,21,20 => 983671955
27,12,29,30 => -266613719
16,31,27,3 => -647706631
12,22,0,8 => -1011548849
30,14,3,8 => -1636730781
18,29,10,21 => 696767886
21,21,25,4 => -1800878164
15,9,24,8 => -1087534156
25,25,15,13 => -1884932605
8,2,22,11 => -206277624
5,27,10,31 => 489255663
10,21,3,14 => 1390937375
23,10,15,15 => 835580314
8,9,30,24 => 1332340524
12,0,23,15 => 811657604
10,26,31,9 => 659467941
23,18,4,13 => 1475216570
14,20,23,30 => 265968115
7,1,12,13 => -49585891
6,10,8,18 => -861075966
19,9,15,26 => 708198261
31,17,4,28 => -897585699
14,25,11,25 => 960726654
16,15,10,10 => 736630554
3,4,31,5 => -1059984826
23,26,6,1 => 1636540894
6,31,18,28 => -1102087126
11,22,12,22 => -182323221
21,3,5,8 => -1620649311
28,10,16,26 => 483144297
11,3,17,6 => 1047123761
2,3,25,16 => -537662140
0,13,18,2 => -989737726
11,29,11,29 => -621966884
4,23,16,27 => 1803786770
20,16,7,20 => -273268756
26,20,26,12 => -2093794489
22,8,4,16 => 1995759064
31,14,16,7 => -1426589791
18,23,28,14 => -1661760799
22,16,20,7 => -1044481789
17,28,4,17 => 600504574
28,24,12,2 => -2121904776
13,25,1,11 => 689747010
19,4,4,13 => -1065929264
8,21,24,25 => -1698092299
ba419d35,dfe8af7,aee7bbe1,c45c028,4f083ce4,f12bbb4b,46ee9d83,b52c856d => 1688205728
aa616abe,17610c9a,e74367bd,738597dc,5e688e99,61b35c88,46976cf8,b0bfbe20 => 412060987
76b20011,c3185754,c86c400f,ff88a1e3,eb5910f1,26e6bc6f,6fbddf55,7096b883 => -197628828
bff9d9d6,ee3dd852,62f60bdc,cc5c8305,2d68ad16,268a478c,982750f4,569b5949 => 2147270599
35b353dd,402b571a,d3727ff2,5d7b347f,2c167999,289d95fa,9661a432,46302cd9 => -295176589
c053e997,a4c46c02,922fb35e,148d9e82,947c82ee,1735c9ed,c0a47def,cc7229ce => 1281683023
80b069b,510846b6,5ba0a3f3,32f702b1,d15b23ed,2d53e28,6aed9211,c5004375 => -1472499780
f95a6723,14a5c4b6,b6a1caca,887336a7,7b06ee53,df9a8487,4aaa0001,3832cc52 => -1543633772
f32a088c,988bd7d5,d20bc0bc,3051ae6f,a2fb233f,60e0b477,5e7ebf2c,22eca89b => -90624511
5c39a9da,6fb03cbb,6f45f2ea,a617570a,7512bbb5,b22b0979,79021b83,f37050bb => 1193978165
7811dc31,8c868164,d3cb6736,99140ed,26aa011e,d75d1a3,d57841fb,c9e2a3d1 => -868671151
75d6a35d,c2e15b9f,47d390c7,a1a21a80,322ab5c6,5846ac1e,2de4dd0e,f6658a2e => 1716130513
dd9da64b,7b384f91,7c913489,8c547aa0,6bc4cd5d,21617a9,a203c139,c1f467db => -1719359019
b329ef8e,a18ba62f,50b95daa,11fbfb1d,9255b577,57ec5114,5efaa97c,4a6c5f10 => 1665472495
df2f3ddb,2760b3c7,ce44621f,406f233d,9dc02e0c,624b81c6,5fd603dd,1d6a62be => 313435316
b27ee48d,25906e78,e89af71d,4aa42237,3236b1f8,2bc13e38,cf22cde5,48e91907 => 979333287
a0c03c22,c7e254b4,76a155a0,a83a59b9,4e3a6f7c,ffb95478,8a378121,cbc88dc0 => -792869840
a296a2bb,b1ada3c5,20526ee7,17bab863,7f50d0bb,ca6beaa7,6fe0fa2,aba9b4f6 => -2122682905
9570ca0,77fade46,7bdd30f5,7598e44a,a7b1943e,4400ed7b,6550f07d,78c7bd66 => 2094364271
f0af24ba,22dfa2a6,6275db12,d13f3576,a56f7571,fa42cebe,c53d3c4c,b3b93303 => -935833653
e4dffd18,650ed1a9,994d6249,48af8064,f9dd6523,9d7a93cd,13bbd9ac,5c42f173 => 1375992209
c66e4f6a,5dd704e6,4760e5e8,fa82b084,e632520a,2e4f3419,5fb3b9bd,eba6e693 => -1636996742
6e6a4d89,47095549,55133402,cd5132bc,50ad813d,cbc247aa,715724a5,2018a4ef => 1184028036
18b101ed,65827193,bec25df0,e2ce2fe3,2bbd76b8,e9a40597,ce2e160d,4a41c64a => 603700201
23c94035,f05004d5,17cb5ccc,4c1f9747,6eb6ddb,a918928f,8c5fa9a2,41001e1c => 1773468998
483e25a3,67ac6cf9,f7adc5f4,fc3cf928,e78d61eb,e6089f53,580c9795,bac7bc0f => -383094778
399299d,24ac139,cf418f8d,45f313a,8580a690,4d975739,d5ccc11c,8f52be82 => -233070913
955dbe2e,6cad28a6,b030e4fe,ddcae127,8e6f1056,7af79eab,1da1ccef,4f88f506 => 1734877781
96a88082,137f80a2,e5280b70,e37fbb0b,a060ad2c,a93aa1a6,61f0d3cb,b4c952e3 => 1471985678
e753f96d,97305366,d56d5655,25969bf6,429c0ce7,1f1b23c,f6551cf3,a3ff3194 => 1411393910
65c4ede5,d4421e7d,92d32bde,6f58766d,421719c0,f1bd7712,d25deaaa,e42d6346 => 923391028
a8c03f84,210ee947,9d361983,b0580cea,7cfa80d2,352469e2,5c8956ba,3359155e => -564435662
bcec5d07,fef82b77,daf8f87f,f8187c57,56f9aa9d,814aa5fa,c20e3ef0,17fe82f0 => -1131393918
b9e042d1,823d0396,82312252,db0a9697,c6814386,c56506bc,6047419d,a8797748 => -2004890293
dce20b69,20f0bd7e,b274b53d,66eb0cfe,28fe5454,301961c,ccd0ca17,850ba065 => 1239853340
b9b70ff7,6ecba8df,cb7ce8c9,c3cb6ad3,d2bfeab5,a47f4b25,d9ac2d36,6c6ab179 => -1174877424
fc2798cb,88d03fbd,210e7241,3e4fdfd5,9d3551b7,a4f1874,8af9d5d7,2600556b => -1455449577
27181dd7,98fe9cef,88d9f933,beebdab3,8c8ada4f,c0d84abb,541c815c,f845f154 => 574062597
b85a1730,e79042a2,63469bf2,a1277393,3e733d5,721a3740,1a578c2b,84e63705 => -409029241
1a965d90,647630d5,2c588417,7537a68c,e5cb5486,2f653a5b,6b3a4e2b,af8e8780 => -1645358396
d8f31ad7,71134bdb,56258afc,75735e2b,6c56f201,20c505fc,d6a874a,279a257b => 1267901409
9a574a85,f76d12dc,2a89ee40,606f4df2,7b7389cb,f64022,929fdbf9,480137e1 => 87547373
846dca42,894ca653,b60f1446,f7ca9cd4,ad27f9cb,e017165,d9e261ae,44359c50 => 1133396087
c8c9fa57,570a1e91,4a3660b5,9af65fbb,5e96a8ce,3fd5436d,815e3b61,3d7899b => -951806768
48cfee32,4afc3239,f99a18f9,5481e403,92683f04,a77a0f78,1f5e460f,a26c0249 => 893143032
6f422ce6,7bc62cc2,8c9658c1,37b5c9fc,93a4ee81,d2b8bcd8,ba3fd53a,437f1714 => 1425998635
989701a8,74fe34f8,d16c167f,1b87ef6b,e23e4bbd,f14eef73,5f717f68,cedbf96c => 207735223
a5775c53,8ae5e37c,d71037eb,97322a09,18cbb615,420a8641,e9cefaa0,33c4ddf2 => 633269966
9d0941e5,8b2f293f,9618b680,a3f5d203,293b5047,ff6669d2,ffec08f0,554aefd => 950604201
96e7cd00,a207860b,c779d3fe,6ed61c78,847988fa,9c82aac5,132074e9,9d748f18 => 1230535288
7eeabe6a,37e38efa,2d055ee6,b45345ff,7f513334,a491f052,b0671e21,770f2b82 => -466734663
a71f9d8d,e1c4c4fd,5bde0701,77708d1e,8d062ee2,f81636c1,c46215b0,1b6bdeac => -433940439
869668f8,3af3bb56,2d50c1da,48efcd4,b66ca153,7486ddf1,8c15cab3,d1dba2bf => -119007411
75e3d6dc,a4688e1e,56c63f3f,f7e70710,a7ebdbd,4c3a07d2,cc2d46cd,3c21d413 => 270237458
b47b258f,735ba8c0,4dbe6dc4,6eaaef37,a3b31db7,75ab46eb,90d97aa1,2d42c3b9 => 802507190
84417c0d,db8dc7c,89080f3f,a11c04a2,4395a9bd,a2799cd5,289d9a59,53a219f3 => -1780622332
b2fcda72,d06ec6e5,64a65d4d,e31cad1d,746511b0,1fb6c8bd,449a8a22,c29b08b6 => -454407857
7b809a81,60d48863,6a16bdcc,70093f6a,96b6d553,da61e5e6,292b5aae,2fc4e2f => 157246224
42b98020,379fcab2,82e8875f,75e1adbc,3f63dccf,84275a25,a1e4d5b0,1512073b => -1057234216
56fb59da,c9251761,a7d8d5ed,8b0e003c,d03fa130,7dc01463,fc4a1a63,ba2751ed => -444280616
8232315b,abdc7e54,f2e46f22,19479f88,445be4e5,bd8a1b1f,a4c84a04,6ea9c00c => 1365305934
f1d90bf8,83648c43,9701b6ed,4f716f2f,bedafc44,62346ae9,21cb4453,b9589992 => -726675324
b1d83b24,437d9139,2474b400,db68b836,8992a603,29824e8,10fd7416,d729ef2e => -2048991234
b9ad3cfc,93b73715,acef2454,418e396,d70173c0,15190d55,7b04ab97,56cf7cc3 => -237792552
557e2cbc,b9ca680c,ceeea1a2,bb5c04bb,c958c27b,fa2759fe,4a4e1121,ea055be7 => 2130805829
86fac348,75d98525,6c0ad5ea,e6723406,f69d4317,4ebcd0c4,f1bb1b86,8e148665 => -1730054452
d42ce7a4,a910ecbc,d225bff0,6b19b94c,e02012dc,2cef361d,58419e9c,303328bb => 332428991
dc9acf7c,7461d0ff,6bb007ba,86920656,99d263f8,e9f20b93,eed0e7bb,1dacc49d => 1842414918
f75caf9d,ba515e74,9f736314,9313815f,2c35b5f9,b2219e42,6e0dea41,e2fc2370 => -1673574146
f07fc7a,94163271,64950a0c,a7861f99,11ea9e54,1cf1655e,19b87c0e,b84118cf => 1310978523
ea923aa8,577e21a3,33c23b76,6c80cfa8,902020e2,73d7b0ab,8fcba208,3cbc150a => 1945389194
148d5f62,40564e88,6ab8d168,18dbb425,8f65985e,f090a703,19aaec98,e3987a2 => -1528750346
9c5fc105,ad4f8ff4,eb9de5bf,c75f2e1c,8a12ee8,a85294d4,2deee42c,bc9711cf => -1157261707
ff599795,25992790,bdd48699,3e59b78e,102ce685,32cd8a9f,51a285b3,b4cc88fa => 373080260
a1ca0d37,9abc856,ba467ad9,d1268df0,75c319c,5d104b7a,d003cf24,222c943 => -1678320060
6275deb5,e6feed17,d95116a7,3aef2cab,82ec1b7a,61ac8b8f,d0195bf7,2f8257fc => -338972722
fd118bfd,e3a27ef5,8cc81fed,3131979a,32000cf,30b47e9b,27af11aa,2603d62b => 892785418
22a118a2,9bf6cbe9,acc0c2db,f3d5758e,b08cd82f,4b6bb670,eb8bdc3d,a12c430c => 1916830139
68df5c5a,19fccd3e,e2169663,4fd9facd,eed50a93,98c55173,24f27ab6,b47f0e8d => -115581401
740ee37e,42f8be14,25dcb0bd,60e6a38f,bcd6dbd5,6109791e,44bf5b9f,e94ffbd1 => -889976436
8d65f8d,356101de,e12ccbe5,dd48be80,880f6337,503c307f,e4b58983,aefed3ae => 1413370197
60aa7a9,96535ae4,75067a18,df27c741,4f3413dd,f81f72b8,27cca774,3306e72e => 2033160202
a0884918,bb0a70c2,76306a5b,ecfa90e7,ae44d54e,cbeaa17d,9291fd88,398c6212 => 687544032
9d7ea7c4,f00da6e7,b54dbcf4,7a87407a,b498abf7,f9114399,84ee9557,3a516d4a => -1652339638
b1ceaebc,dd154317,3f9967ef,3af81778,33a6f1a8,d1b31369,96e4667f,d93d217e => -1825749607
9f5f10b1,29dce3ea,e0f9ab9a,63cf0e4f,8b8f1e14,b68f5d5f,fa149320,ccde4988 => 734520504
2388187a,155e474a,545d9709,6fc23ee6,d8a11f56,8f95ae80,aa20b461,6893f4f8 => -1725775873
4bf90990,a62e60f9,3b969c93,7cb1f15,cb684267,eb6dd2e7,a63936e9,4b45da8f => -2027224308
51b91092,77f6c109,2c203652,77f28b28,62faaba9,cf912440,a66ac766,26d68ac4 => -1478658692
ac25c3c3,ef454a62,9a879aa7,7ca3a060,378f5f5f,1bcf284d,bf7ccf0a,2fb97242 => -247411816
a8113387,ca2c393f,326580b5,448f6772,19cda32,25577f65,30730008,8756ac68 => -2070381147
71618ae9,996c79b1,351bf4e1,3a6b4f06,900239ae,d6a322f0,2503f21c,df26a5c8 => 1066505432
27d44018,ab244e1b,cdca3d58,89147639,6dfcf4c2,32d6f3ec,9096cf00,a5af8ea8 => -1898856524
49c6d4e6,553c45b4,e528ce89,53e1c71b,fed2444,9479996b,659a0ef8,49ce9d84 => 1492468495
7a272748,5b0c8308,e43f4fa7,4c2ee132,7c2a5b6b,6096af13,55454547,83f7218a => -1996134387
68ed51d8,5ef45277,126af28,a469d3f6,b6b1053,30a9439c,f417fcb8,2051651c => 270282175
6fc11c56,edde10b5,25494748,602da952,a80947c,a6e7a756,97a7a416,77e36052 => 1481973881
46acfc23,b7e96148,38d31287,a833c02a,bd699d4b,39ca8aa0,828e8ab3,a22d3b75 => -1520677507
f00a4c4,f6b5b50e,a343f027,1825f6cf,81fd5c88,44e96c72,fb8dece5,6be3a185 => -701558355
d4c52865,d70720b4,1d55f8af,f39ba58c,96b128df,968658d4,bd351084,4ab1e2b4 => -783910407
9164a853,f8bf833f,84a9e26b,cecb691d,583ab65f,8262f764,c39f716e,d92de6e9 => -1533363886
ac679581,bd65fc87,3deb75e9,7ebbbd33,9f10defe,3bb8e9d5,de1bfe04,e167f03e => 287971575
f1698104,2ab6b3b7,d660127d,13fc66f1,440cfb12,d96f7a6a,92cf63aa,9fc02d83 => 990228601
f4a77c97,9bf4edcf,21142be,3a32af72,b9aec9d9,f0e89a7f,d2a36b4a,b2ec1cb8 => 588497105
e9ca0b18,59f97422,c8056107,96026e41,15c4e9f2,24ff3101,b41565d2,2155bd97 => 181117512
2cca109,77374ad8,aa384bf7,a21de3de,dd7be1e2,6010b8f0,ebb5a8b1,f73e9407 => 822898959
8724b510,fa30b76d,db462af1,1b866440,6415b891,b12c2fe4,16a1a5e,44507aaa => 1727470237
f58a6077,76169730,1ffa429d,4447d14e,92cc1dca,edc05486,51c5ced1,aa864550 => 1225718845
ad048fac,ae8c05c5,cf33d965,2338e565,7e9f22be,4a633512,c307b408,43963382 => 1844315254
cc1ac2c2,c8c853a4,7ed32bf9,6e8a4dd5,47128282,168d0ddb,b5924e84,5d4832f8 => 2050043722
2f4e5def,d9914c97,50a071cb,fe2e9564,571b7a8c,a86077c7,1fee85c9,7061f223 => 1643151684
ba3d8a0c,54c7ce40,7e5ef194,7a64dec9,47c1333a,4ed9e6cf,f6ab80e1,c112c2a4 => 329505875
6111a518,80ae91,b87e25cd,79f06f32,5231b84b,d2007881,f8ad92da,4b094bd3 => 891127794
ba1b42b5,92e3f252,271af137,6ac708bf,754d8163,a1f2127e,b8be3743,f69d0d39 => -250511126
39bdbcaa,f4c539e,6142e354,6f401504,30eb8a8c,56e4d0fc,456f1eb3,97b5b116 => 1991775813
9d0c535f,4c611866,7aab8ceb,d10e9f8b,ff57fcb0,8d77c544,20a24b43,e25a2edc => -282001865
71bade64,ca2438ec,5c4fe488,ca902050,83cf6620,7bed0435,50493d0f,5411bdb1 => 1228771147
1c440cea,242ed64a,f8a5baf9,2e3a1643,baf88310,d62704c0,322d2eb8,c8096f1 => -1998387741
37673648,f99600e9,905d3fd2,e33071c9,589e9618,b7834e6a,64d261e4,b2ea88aa => 1315455393
aa5fba77,1931cf0a,28dc95ea,454ecf3c,e42e50b4,52ec77cd,87c87bbd,d185581f => -2042235512
5d77f297,1e40c341,89e977dc,362e8166,13b74bc5,1abd7516,cdf9f16e,82c4f446 => -2057094424
6d9b168,6ea182f4,9432ec87,13f36c0a,5b74100f,eb503689,5ccc84aa,e80b784a => 2101853236
23be53d2,b91cdce0,86ad0b8e,d9e9ae5b,a61aaeb9,845196f9,3b24d025,a466fe09 => -987339993
d460615d,a77a1f95,d4f0d1d9,663e1d83,b077e9d0,46349a50,239ee418,81474096 => -1171868998
fb50bcb9,7557bff5,85120612,3f5b8f1e,9116ecc3,ba5efc0d,e58df2c1,76550eb8 => -732158636
b3116438,82024fb9,a79d2d29,3ab6f3bc,8af794e8,e5e90dc1,20950ce1,88d58d6a => 1319033978
e717c24f,c0c3c3ec,60af8ed1,16144162,689549f6,c80ae591,eeaee3c,5a434a59 => 793040973
9f988e19,20650b6d,255b4a00,6b8e2e09,42c06689,ae90dcb7,c29ada1c,c9071e69 => -308905216
59bf3bd4,9fdbf572,44c97973,67eaba1e,c50c30a2,3bf15e01,b25487cf,b97ae031 => -2118562787
9832fd61,cb5f6800,90cc6828,52068b01,b7d36224,13de0450,b29d1f24,f89fe67a => 903722605
b20b52c8,ca5be674,fdd3d5e1,41611586,d6154158,246a091b,807344f2,2d335ac3 => 1104154165
c8962ab2,fc0267fd,5e754ba8,59139877,bbad496a,6b2002e9,d2b83792,f70a5bc0 => 891873981
b69192ed,5d6b7e1f,f2fa8046,7bbce70f,6a762e9,e6a0f3da,7feffb60,afdfefd7 => -78017291
bdbaf8ec,9988cb31,61a7ccca,b42c0380,9cb2ac4b,1ea6a81f,a62a973d,bbfec7a1 => -187253150
b1d5fa45,b05ec8e0,d0acb108,7dd3896e,63f4d267,4d83647e,eb286110,fc70d06f => -1768649037
628cc531,9840deaa,46f06817,af4fe873,a4bff8f9,bf78e4cf,db0b5a40,bf9e96c3 => -758259042
fcc090f,1909c864,2d2c8cd2,88a6e99,b7ed3321,6d80aa81,24279c3c,808878d2 => -1542723005
c67c76e1,668a4cb5,c507ce58,4d4322e3,9bdd8be4,325f9b16,eec4d4f3,e003a909 => -1654127880
9dbbd1cd,aca84398,b022b48d,640b6fc4,88639eaa,3a1eeea2,d7e2d35c,86a50085 => -1989256696
eef78f9d,d4e7ecde,2d487497,28fb9da5,a017bfbe,75446e50,265323f0,943a199 => 290096714
cd8b093f,4a5996aa,8635d561,82ad1d64,6bd8b4d1,ea6402dd,a9b9bd2b,7d3d6a4c => 544675122
34c33b47,662593f3,44a8241b,cf43a2d0,e37afd78,b9e4931b,5346bc0e,24e736d8 => -11324794
9d6a1668,7c308305,29a638b8,ee8f0f2e,64e8aba9,89123270,3b30a0,7fd2f42c => -952374273
ee3b5fff,3491e400,8e358a6e,5902bb7,2133cc42,d2d79f54,1e8afa68,15d5826b => -1429830177
4e52288,fbd6ff57,c8ed543a,96ea3417,355d5f82,4db911d6,cc2db4f5,86f6676b => -142408398
6775ae26,d94c1c53,7019c959,b30b30f0,dad2e18e,2fea5a18,d1f0b457,c5b35137 => -1891876276
859291f,e7c6078e,d46159d0,d2152255,d9e462ee,9b9a4ecf,62dc11a3,e441688e => -1885827108
6948b05e,2a5e978,dc1e06e6,60d1fa4f,aeb5310d,e6cd8bc4,d97cc772,88b67361 => -1588925285
d3cd07f0,f6116cd6,7bdcc7a4,293c675c,9f690ebc,c3628055,c4a5de62,ef43c759 => 345423040
d036db87,a699353d,64b4fd5c,86676eeb,588ffcaf,8518cdf4,757aa994,5ced0c4e => -41533434
7e2e8efa,31c7a59b,2569f81f,c2ced7e1,831291fe,e4b5f6a7,e8d4132c,864ced1 => -1007479405
f43d9ec3,fe51f6af,e7888b45,175a6516,2d20e4a6,a8a15b87,5652f8d5,c9f8e2a3 => 466273019
55f3907f,fe59d8c,25f2b1e9,809ddfd9,cde60206,8c918b41,e7b1983a,56b8953c => -1915087887
e2887372,b7cc021a,368b436b,71ff268,2201f762,9b24e098,1b260b8e,663eb045 => -351392925
d81ef101,e8de8595,44f3b7ec,26b1d279,1d0c6a64,ed7f70e0,1be7d605,e5c94c1e => 1266220271
aa07ed35,a84d90c,688dfcd5,b821bbb4,b2a1c196,6e484a85,ec2a8059,46897259 => 1349234625
b2a9b73f,23b7a3e3,d4345950,1fd23a37,47bcdce8,cea00382,941f4546,854903d => 839559571
3becc9ee,9c417a52,ba5962cd,8b004511,335f5e30,54ea97ea,a9cfce0d,dd21b944 => -1042447376
73501c3a,9fb823e3,6482017f,b4c228c7,d3ca81a5,8e869863,6de3fef5,24fcb99d => -254228285
a10701bd,62e831f8,294b84dd,30941d1,63ca8664,36cba8a6,69a4d3c5,d58f8aa => -332075931
c3c29b35,29ace642,606fc821,cb30871e,e9d6a6ec,d6ea4e01,f2ce4c4c,51ee2b83 => -820119599
8508d704,f06e694b,307966cc,34e1e48c,5107a1a1,bb870dd5,3a0268da,7888d772 => 927642504
543b01b0,9c050ee,161a0120,815c6571,fa26d14c,de2adc17,90ef36c4,6478a475 => -227260823
58ade663,d5da76d9,515490a5,74652f15,d957d599,49e2d9d3,6579ece3,49867fc0 => -1674542590
d5757f6b,f6e61f12,f8edcca4,3b6d4b35,831ecb97,53a963a5,7811815,599c8e38 => -1705259312
8bc636bb,a596e6f,50d49eaf,76b64282,61c5163c,b872703e,af07d7bb,389eef8 => -71692190
a30db669,fcdb311c,2474a717,f77f8720,aa5eb6df,53f53ee5,60dc2a3a,3c8c4dd0 => 287108212
a025492e,8368f119,5224d174,5d86af27,8ef235bc,ac8d55f3,400a497a,198945c1 => 186323509
ff3fcae9,21b95cba,6923f922,fd647f26,99851a74,1ccd156,92af176a,f0219382 => -1912733940
1675291c,6b14fd25,37d59dbe,6090c49b,120ef48a,e49a010f,40fb9a7a,530817fe => 1601785662
10d736d,d81f3cd7,6c30a7ac,3f17007c,cf94f3e7,a0f257b4,dd7b8a1f,8046aad4 => -1630400850
75ed7c27,a149be20,f4923c94,a45e1b1,daf01156,eaaca8ee,55f0eb52,435abcd6 => 3044974
95c708b7,8aec01a2,a366a3e1,fee38f97,d7ffc709,4fd4b7fc,4456bd11,e053ca8a => -1329629515
efee922f,75395cd6,b45a3b41,3cb0c47e,404b5912,ec7a162f,77dcb4dd,585d9eac => -1969955649
36f895c6,cf8f4086,36047b28,9044b82c,1853adeb,bd0c516c,b5ee0b3b,3b6064aa => -342101785
60807555,c3d5cf54,73f0b4c,738bda59,ef17b6ef,b59e72ad,e3955833,45a08b27 => -1653240110
35bae7db,becc432,b9ae72a,48735d31,a58d68de,75abcc80,bfcf7fd4,3b887678 => -1828630370
acb5f9fb,e85ea8e8,76a59280,f88b8fd5,b211445d,9381986,179faeae,d106032a => -1531775975
bc689e79,9cd45c92,91f05dd1,f3ab08da,520e6e73,a964eaf5,e4f66656,ed25d87a => 1783123117
bff3cec1,2c02ea1f,2e0bbae4,fedca0c8,6261590e,d7d66717,19bd99e5,45d68adb => -121126657
e7b73b60,ca0daed3,2e8a145,64223c9c,6536fb7c,818157c9,f09bda7a,22fd8e74 => 1145994109
a91b8c88,a196d0c5,a05202c3,dad66846,926a9af2,ebc88fd,7d4093b3,1347f99f => -349794403
98343291,14f80562,33704ff0,efb6c12c,ada42309,67af7738,de4b5838,8061176c => 1188838000
989ac672,9a5da7e8,52890ca5,cae130a5,c3b90e3b,fd784e14,e3203e31,5b78ca1b => 1080576710
dd25fa4c,aebe1fec,346c747b,f14df67f,df11de6a,d9a336bf,303b4bca,8e43bda6 => 897557003
c05e19e0,20e797d5,35432f52,690837a,3916255a,8eccf67b,ecd4f3b6,77df6a35 => 1282861269
19d11b13,231e035e,4eae15ce,a2e923cb,6ce11d32,a68add1c,cce9a1a9,8043e6a7 => -82951737
56a83e71,27037618,356a05d5,8f1799a,b5c0d100,d1f2038d,daf656dd,b82d8b10 => 71728665
46213fa8,84c4c9e5,22e9c712,e56dc784,5241d532,b357da4b,bcfc568e,8ea86335 => 389151033
3ccd1608,53c4957e,ed97ff75,4b0d0b19,bac9901d,912607e8,509de27e,e0a77112 => 1066286493
ebb6450a,a83e72ef,f6b337b1,cb21e75f,79011279,a2db978a,62660772,a51bf54 => -971284484
ad0bcc6,9e9c9616,a0f5efbd,e39e5f4d,13927fe2,f2957769,f48d79b2,2cef43e0 => 2109579354
c0554a7b,3a79b327,777cc354,f9dc6051,affb0759,feb84754,1ce818d,8f9f924a => 1116399825
80ea990b,2489352a,e89c9e75,c0fd1ccb,c2736bc2,6095772d,e919f7d3,dc445e5f => 1967408126
febdc17c,bfdfc47c,7c9b01e3,39e93690,62311c64,be25b568,b73f5259,fd49ce9b => 1700374866
9fec6b78,e4561d4a,bc7a57a5,723bb967,9e81dd6c,3632ad90,53d9c079,8c369eb3 => 1862811014
dee27dcd,c9003619,914c5787,c6a1e58f,7f84006a,478a16c3,2f14578f,142e120d => 843669435
e98d5eef,4ef2b641,c0bc7b98,b479ca37,337d2cd1,ed141231,6e174f7d,e6cdb643 => -1941496822
ce86c571,e9d0bc6d,4fc484ab,35b9b005,4811b87b,49e6d9a0,bc304f27,e510f5a4 => 1802311422
89991890,d8dbf51c,bd0ed6,396a5390,b4de9024,c9b1bdeb,d707c8f8,692479b3 => 1316616659
4b3f60a8,40810123,d63c35f5,a3defe6,eb37afea,b19757e,a475675c,71535da6 => 349640745
6902c7bc,f99a2c29,80744a28,5c0e1907,150d2bd4,42dfbadc,20c58944,477830e8 => -551569283
7ed7a9f2,98e2732a,df049450,484a6667,2b38c847,7f03b1a,bc81cea5,239bc997 => -2007925531
6bdc3615,4652daf5,4d6e2a96,b8a1ed70,91b62292,a1acd461,d10eb4f9,b3abe707 => 709016584
ff1a9e12,796416ae,449ed4e5,9e718bfe,76876964,313246f,abb043bc,573a43d => -2024544687
5b30d77b,946e7e4c,f844016b,dcc102e1,4648a550,96956716,4ec7c8f0,b3fba74 => 450301254
51ffec07,a6a2551c,fad7c91c,f9d8e05e,27b39150,dfc0a4bc,715ca59a,d6d8939c => -663343453
3bc4da10,5152603c,9f9a042f,84bb3aaf,9596033f,c10a30da,75422a42,b1bc2cd6 => 1250816407
173d0513,ea8acd21,c5e76e9f,9a093a7e,dcfce45e,e55e787e,46c8377,6cc1c8f9 => 187014877
12b83633,7c2e6812,f5a0dcab,1b1f756e,7b95b9d0,664b20c8,c646b649,9c917310 => 1751542609
f83a2cb7,2c1422aa,38947f56,f9731892,1888bd1d,48de7570,261baccd,fb9950da => -1074187323
590dbe88,eedeea5a,e91b38e7,6f79e2f4,184d84b3,d496273f,73e4529d,d56ac549 => 1868099675
bf6b88b4,2489cee4,c25c016a,1fa6f010,9a3c3c60,18f75a91,c10cc155,32a96303 => 73137995
9f162fee,e2e278e1,dae75b2e,d9465256,4dd6dd9,2faa05da,bb027d17,77f5aee4 => -281841135
380e310b,3f6bf03c,d69cd746,32417dab,243a5937,ea31a01d,6d9dc108,4d7db27a => -1497690534
20bf4186,df63b2b5,890caa08,3c1681e8,43afdd75,a39d1f76,47b7dbd1,f01d5e88 => 297638671
b7493ffd,71e31a60,75c74f90,598c155a,9b05f0f3,dfc84792,f4809c1e,8038bd83 => -583611735
4bc6b4b1,7d571423,184d403e,a1ec6f40,dccda9f6,3b084832,9c64cd22,7db9f618 => 883383189
6fb2e20a,16c8263b,a190b534,4dd0f251,b247d725,ee5dabac,e897c312,63dd1da4 => 2092418285
78d16511,aeacc6b7,e53b7cd9,60c8a733,7756280e,d585956a,b491f7a5,42b3daba => 79902031
f03965f5,1c4001fc,852adf58,22638705,9738e59f,75845068,b116b69b,478ad7a1 => -178578153
58665887,7596713f,5d39322,6c95d6,811b3aad,fb832dba,5c92da33,609b04d4 => 2045489939
6f704cbd,feb810e,5a7fc168,235ccd2b,49b00c70,8d1bb304,9ce697b2,8bb0ab80 => -595072916
d4cdcf32,38e107c8,a4991aa1,5550d67d,b5616305,8c6a1900,f6ec5be3,eab25009 => -1866108047
c44159a4,d6ab2c20,5570fb0a,db0b95b9,94d461eb,a38119fc,d84eb792,6c316485 => 2129497693
69d45375,22629b9e,9e389f21,85cf83be,13c3d086,84191059,a87f5c10,b16ecb3f => 846597442
2d01a22b,1cf7111e,1e1b682a,9418d8e2,d87332a0,4994650d,5de127b2,de7d2936 => -1453447576
3371c9f1,347c2b4e,aad30aa,ee82876e,983c70e3,54b34e22,24774252,2c6b089b => -1310067192
45ea9e14,ccca9334,a31eb0ee,ed60061d,13fa1160,4990dd35,3bab49cc,689ecb57 => 1509804727
34548186,3af72a7,9ae9f385,1ad5eaa1,4550000b,91c35df7,90fc8e82,7ce6d82 => 964187559
cff7375d,16243ad1,4ce8d9c2,547b541e,e414e73c,65ba04b0,c5aa5fd9,163d17ed => 1317665292
95504355,4148bab3,f407b03b,46ce25ad,515e182f,e9b1ecb7,3dab68ba,1a288299 => 258463578
2924da4a,d71985a1,db05d34d,7c0410db,63f00385,5bdc66fb,8e841c12,f090273e => -791829986
deb162c0,841ca9c2,70f66395,1f027027,881541c1,aa90987d,24ce3152,c7c043c5 => -15764326
9718855b,707eb691,74730a78,2286f187,231e2bcc,aa268d3,3f8330ef,9e4aacce => -592130659
6c73cd67,fc5a135f,f3b2ce9c,b3cb10e3,310b0372,4f38c0a7,705c10e3,1857702b => -1805302377
c527d951,5422a5ce,b3f6f86d,bf2c6299,a122abe3,d5bd1836,a8d7e12a,10774763 => 1138964185
9e5e1b2b,ff6fc857,af000699,d4a3adf8,c77f233,d1be55d2,7bbb8846,461da30 => -250295816
16c6292c,d99e90c5,b97cb294,e914d7c5,ff9f65d9,a5e0fc61,a31c8fbc,6149d101 => 2009845543
85009e2e,990666b8,11a50515,48c19cb9,3717c134,c036a9db,b490095,beb0b779 => 989959596
af558a2f,26b9ea24,89737a97,8e691c00,dc26e201,2196e5cf,9b1e4fde,49e4aeee => -668056884
c9872d0,8e0e29cf,3c2e37d9,99de31bb,62d51e6,50d33fdf,b2a15b28,ff91f0eb => 1301933222
505be3d9,386229d6,43324e5e,501ea17f,82b25eeb,fbe0be3f,e0e97508,d41221ae => -1179178019
e6d68fb3,7ee0ba28,aa3310ee,663510d4,2caac3fc,f2509c3a,a2b08198,966372ab => 811235063
6f1bffec,59369d09,f75f7813,976fd1b8,e9bbe168,75b258ad,131a22f5,2cf19507 => -2013633204
b48ad5b7,1576fd91,f81f969d,6eb67d19,ba7d8565,15b9148a,5883f5bf,c69a7c1d => 2052724390
22929a69,92a8362b,275c1e1f,3a085d5e,28fc4489,6f3e4157,3f70dd9c,bd98effd => -2030463366
30331ffd,6cb2e716,ee81f36f,d66da8df,c6fe6252,2e7b9fac,e5e161b4,353eefe8 => -850717446
cad77191,e5ad5ce7,36b3d32a,c1e58c68,5bcd49a0,a6168db9,91ab1936,eea9e4d5 => -865902028
5a6e53e7,1dbd4705,3bdc062d,481b05bb,d7859536,25d6a5bd,cca127d2,6bdaa3ef => 1745955390
92e255e5,5809be2c,5790261d,adea8e0a,202fa83c,fd21ac90,a99fca3e,3bdb4115 => 1523150534
e9537115,a0779aeb,85f8f1e1,f7029481,5322d6c0,be96d01a,a5ccf2b2,35dcb159 => -416557449
2db43a26,232a1c26,bb303222,4028c8ba,23751e30,eb6335d9,f19ff56b,7c763d82 => 32878194
7baca169,ec01dd94,bbc6add2,afee3546,94796de1,a629d960,d82452b,5d70c48a => 1034169179
6fe44354,91941e42,f642ea2,aedc2a2b,6d8e7f8c,6e98bad2,8e1b3fb7,85c7ce20 => 1274474786
51164903,8454570e,d0b3958a,6f63f761,6ac03fcb,30055d6b,8c990a58,8cca6d26 => -1016915066
]]></system-out>
  <system-err><![CDATA[]]></system-err>
</testsuite>
