<?xml version="1.0" encoding="UTF-8"?>
<testsuite name="java11.StringConcatenationTest" tests="14" skipped="0" failures="0" errors="0" timestamp="2023-11-26T19:37:57" hostname="SHISHIRHP" time="1.325">
  <properties/>
  <testcase name="testStringConcatenationWithEmptyString" classname="java11.StringConcatenationTest" time="0.428"/>
  <testcase name="testStringConcatenationWith_null" classname="java11.StringConcatenationTest" time="0.104"/>
  <testcase name="testStringConcatenationWith_typeInt" classname="java11.StringConcatenationTest" time="0.128"/>
  <testcase name="testStringConcatenationWith_typeByte" classname="java11.StringConcatenationTest" time="0.087"/>
  <testcase name="testStringConcatenationWith_typeChar" classname="java11.StringConcatenationTest" time="0.06"/>
  <testcase name="testStringConcatenationWith_typeDouble" classname="java11.StringConcatenationTest" time="0.055"/>
  <testcase name="testStringConcatenation_SecondStringAsBmArg" classname="java11.StringConcatenationTest" time="0.05"/>
  <testcase name="testStringConcatenationWith_typeFloat" classname="java11.StringConcatenationTest" time="0.06"/>
  <testcase name="testStringConcatenation" classname="java11.StringConcatenationTest" time="0.086"/>
  <testcase name="testStringConcatenationWith_toStringNested" classname="java11.StringConcatenationTest" time="0.048"/>
  <testcase name="testStringConcatenationWith_mixedTypes" classname="java11.StringConcatenationTest" time="0.057"/>
  <testcase name="testStringConcatenation_firstStringAsBmArg" classname="java11.StringConcatenationTest" time="0.049"/>
  <testcase name="testStringConcatenationWith_multipleStrings" classname="java11.StringConcatenationTest" time="0.055"/>
  <testcase name="testStringConcatenationWith_toString" classname="java11.StringConcatenationTest" time="0.054"/>
  <system-out><![CDATA[  running jpf with args:
JavaPathfinder core system v8.0 (rev 1a704e1d6c3d92178504f8cdfe57b068b4e22d9c) - (C) 2005-2014 United States Government. All rights reserved.


====================================================== system under test
java11.StringConcatenationTest.runTestMethod()

====================================================== search started: 11/26/23, 2:37 PM
[WARNING] orphan NativePeer method: jdk.internal.misc.Unsafe.getUnsafe()Lsun/misc/Unsafe;

====================================================== results
no errors detected

====================================================== search finished: 11/26/23, 2:37 PM
  running jpf with args:
JavaPathfinder core system v8.0 (rev 1a704e1d6c3d92178504f8cdfe57b068b4e22d9c) - (C) 2005-2014 United States Government. All rights reserved.


====================================================== system under test
java11.StringConcatenationTest.runTestMethod()

====================================================== search started: 11/26/23, 2:37 PM
[WARNING] orphan NativePeer method: jdk.internal.misc.Unsafe.getUnsafe()Lsun/misc/Unsafe;

====================================================== results
no errors detected

====================================================== search finished: 11/26/23, 2:37 PM
  running jpf with args:
JavaPathfinder core system v8.0 (rev 1a704e1d6c3d92178504f8cdfe57b068b4e22d9c) - (C) 2005-2014 United States Government. All rights reserved.


====================================================== system under test
java11.StringConcatenationTest.runTestMethod()

====================================================== search started: 11/26/23, 2:37 PM
[WARNING] orphan NativePeer method: jdk.internal.misc.Unsafe.getUnsafe()Lsun/misc/Unsafe;

====================================================== results
no errors detected

====================================================== search finished: 11/26/23, 2:37 PM
  running jpf with args:
JavaPathfinder core system v8.0 (rev 1a704e1d6c3d92178504f8cdfe57b068b4e22d9c) - (C) 2005-2014 United States Government. All rights reserved.


====================================================== system under test
java11.StringConcatenationTest.runTestMethod()

====================================================== search started: 11/26/23, 2:37 PM
[WARNING] orphan NativePeer method: jdk.internal.misc.Unsafe.getUnsafe()Lsun/misc/Unsafe;

====================================================== results
no errors detected

====================================================== search finished: 11/26/23, 2:37 PM
  running jpf with args:
JavaPathfinder core system v8.0 (rev 1a704e1d6c3d92178504f8cdfe57b068b4e22d9c) - (C) 2005-2014 United States Government. All rights reserved.


====================================================== system under test
java11.StringConcatenationTest.runTestMethod()

====================================================== search started: 11/26/23, 2:37 PM
[WARNING] orphan NativePeer method: jdk.internal.misc.Unsafe.getUnsafe()Lsun/misc/Unsafe;

====================================================== results
no errors detected

====================================================== search finished: 11/26/23, 2:37 PM
  running jpf with args:
JavaPathfinder core system v8.0 (rev 1a704e1d6c3d92178504f8cdfe57b068b4e22d9c) - (C) 2005-2014 United States Government. All rights reserved.


====================================================== system under test
java11.StringConcatenationTest.runTestMethod()

====================================================== search started: 11/26/23, 2:37 PM
[WARNING] orphan NativePeer method: jdk.internal.misc.Unsafe.getUnsafe()Lsun/misc/Unsafe;

====================================================== results
no errors detected

====================================================== search finished: 11/26/23, 2:37 PM
  running jpf with args:
JavaPathfinder core system v8.0 (rev 1a704e1d6c3d92178504f8cdfe57b068b4e22d9c) - (C) 2005-2014 United States Government. All rights reserved.


====================================================== system under test
java11.StringConcatenationTest.runTestMethod()

====================================================== search started: 11/26/23, 2:37 PM
[WARNING] orphan NativePeer method: jdk.internal.misc.Unsafe.getUnsafe()Lsun/misc/Unsafe;

====================================================== results
no errors detected

====================================================== search finished: 11/26/23, 2:37 PM
  running jpf with args:
JavaPathfinder core system v8.0 (rev 1a704e1d6c3d92178504f8cdfe57b068b4e22d9c) - (C) 2005-2014 United States Government. All rights reserved.


====================================================== system under test
java11.StringConcatenationTest.runTestMethod()

====================================================== search started: 11/26/23, 2:37 PM
[WARNING] orphan NativePeer method: jdk.internal.misc.Unsafe.getUnsafe()Lsun/misc/Unsafe;

====================================================== results
no errors detected

====================================================== search finished: 11/26/23, 2:37 PM
  running jpf with args:
JavaPathfinder core system v8.0 (rev 1a704e1d6c3d92178504f8cdfe57b068b4e22d9c) - (C) 2005-2014 United States Government. All rights reserved.


====================================================== system under test
java11.StringConcatenationTest.runTestMethod()

====================================================== search started: 11/26/23, 2:37 PM
[WARNING] orphan NativePeer method: jdk.internal.misc.Unsafe.getUnsafe()Lsun/misc/Unsafe;

====================================================== results
no errors detected

====================================================== search finished: 11/26/23, 2:37 PM
  running jpf with args:
JavaPathfinder core system v8.0 (rev 1a704e1d6c3d92178504f8cdfe57b068b4e22d9c) - (C) 2005-2014 United States Government. All rights reserved.


====================================================== system under test
java11.StringConcatenationTest.runTestMethod()

====================================================== search started: 11/26/23, 2:37 PM
[WARNING] orphan NativePeer method: jdk.internal.misc.Unsafe.getUnsafe()Lsun/misc/Unsafe;

====================================================== results
no errors detected

====================================================== search finished: 11/26/23, 2:37 PM
  running jpf with args:
JavaPathfinder core system v8.0 (rev 1a704e1d6c3d92178504f8cdfe57b068b4e22d9c) - (C) 2005-2014 United States Government. All rights reserved.


====================================================== system under test
java11.StringConcatenationTest.runTestMethod()

====================================================== search started: 11/26/23, 2:37 PM
[WARNING] orphan NativePeer method: jdk.internal.misc.Unsafe.getUnsafe()Lsun/misc/Unsafe;

====================================================== results
no errors detected

====================================================== search finished: 11/26/23, 2:37 PM
  running jpf with args:
JavaPathfinder core system v8.0 (rev 1a704e1d6c3d92178504f8cdfe57b068b4e22d9c) - (C) 2005-2014 United States Government. All rights reserved.


====================================================== system under test
java11.StringConcatenationTest.runTestMethod()

====================================================== search started: 11/26/23, 2:37 PM
[WARNING] orphan NativePeer method: jdk.internal.misc.Unsafe.getUnsafe()Lsun/misc/Unsafe;

====================================================== results
no errors detected

====================================================== search finished: 11/26/23, 2:37 PM
  running jpf with args:
JavaPathfinder core system v8.0 (rev 1a704e1d6c3d92178504f8cdfe57b068b4e22d9c) - (C) 2005-2014 United States Government. All rights reserved.


====================================================== system under test
java11.StringConcatenationTest.runTestMethod()

====================================================== search started: 11/26/23, 2:37 PM
[WARNING] orphan NativePeer method: jdk.internal.misc.Unsafe.getUnsafe()Lsun/misc/Unsafe;

====================================================== results
no errors detected

====================================================== search finished: 11/26/23, 2:37 PM
  running jpf with args:
JavaPathfinder core system v8.0 (rev 1a704e1d6c3d92178504f8cdfe57b068b4e22d9c) - (C) 2005-2014 United States Government. All rights reserved.


====================================================== system under test
java11.StringConcatenationTest.runTestMethod()

====================================================== search started: 11/26/23, 2:37 PM
[WARNING] orphan NativePeer method: jdk.internal.misc.Unsafe.getUnsafe()Lsun/misc/Unsafe;

====================================================== results
no errors detected

====================================================== search finished: 11/26/23, 2:37 PM
]]></system-out>
  <system-err><![CDATA[]]></system-err>
</testsuite>
