<?xml version="1.0" encoding="UTF-8"?>
<testsuite name="gov.nasa.jpf.test.mc.basic.OOMEInjectorTest" tests="3" skipped="0" failures="0" errors="0" timestamp="2023-11-26T19:35:37" hostname="SHISHIRHP" time="0.647">
  <properties/>
  <testcase name="testScope" classname="gov.nasa.jpf.test.mc.basic.OOMEInjectorTest" time="0.436"/>
  <testcase name="testType" classname="gov.nasa.jpf.test.mc.basic.OOMEInjectorTest" time="0.108"/>
  <testcase name="testDirectLoc" classname="gov.nasa.jpf.test.mc.basic.OOMEInjectorTest" time="0.103"/>
  <system-out><![CDATA[  running jpf with args: +listener=.listener.OOMEInjector +oome.locations=OOMEInjectorTest.java:52-53
JavaPathfinder core system v8.0 (rev 1a704e1d6c3d92178504f8cdfe57b068b4e22d9c) - (C) 2005-2014 United States Government. All rights reserved.


====================================================== system under test
gov.nasa.jpf.test.mc.basic.OOMEInjectorTest.runTestMethod()

====================================================== search started: 11/26/23, 2:35 PM
[WARNING] orphan NativePeer method: jdk.internal.misc.Unsafe.getUnsafe()Lsun/misc/Unsafe;

====================================================== error 1
gov.nasa.jpf.vm.NoUncaughtExceptionsProperty
java.lang.OutOfMemoryError
	at gov.nasa.jpf.test.mc.basic.OOMEInjectorTest.testScope(gov/nasa/jpf/test/mc/basic/OOMEInjectorTest.java:49)
	at java.lang.reflect.Method.invoke(gov.nasa.jpf.vm.JPF_java_lang_reflect_Method)
	at gov.nasa.jpf.util.test.TestJPF.runTestMethod(gov/nasa/jpf/util/test/TestJPF.java:648)


====================================================== snapshot #1
thread java.lang.Thread:{id:0,name:main,status:RUNNING,priority:5,isDaemon:false,lockCount:0,suspendCount:0}
  call stack:
	at gov.nasa.jpf.util.test.TestJPF.runTestMethod(TestJPF.java:650)


====================================================== results
error #1: gov.nasa.jpf.vm.NoUncaughtExceptionsProperty "java.lang.OutOfMemoryError  at gov.nasa.jpf.test.m..."

====================================================== search finished: 11/26/23, 2:35 PM
  running jpf with args: +listener=.listener.OOMEInjector +oome.types=*DontAllocateMe+
JavaPathfinder core system v8.0 (rev 1a704e1d6c3d92178504f8cdfe57b068b4e22d9c) - (C) 2005-2014 United States Government. All rights reserved.


====================================================== system under test
gov.nasa.jpf.test.mc.basic.OOMEInjectorTest.runTestMethod()

====================================================== search started: 11/26/23, 2:35 PM
[WARNING] orphan NativePeer method: jdk.internal.misc.Unsafe.getUnsafe()Lsun/misc/Unsafe;
java.lang.OutOfMemoryError
	at gov.nasa.jpf.test.mc.basic.OOMEInjectorTest.testType(gov/nasa/jpf/test/mc/basic/OOMEInjectorTest.java:69)
	at java.lang.reflect.Method.invoke(gov.nasa.jpf.vm.JPF_java_lang_reflect_Method)
	at gov.nasa.jpf.util.test.TestJPF.runTestMethod(gov/nasa/jpf/util/test/TestJPF.java:648)

====================================================== results
no errors detected

====================================================== search finished: 11/26/23, 2:35 PM
  running jpf with args: +listener=.listener.OOMEInjector +oome.locations=OOMEInjectorTest.java:32
JavaPathfinder core system v8.0 (rev 1a704e1d6c3d92178504f8cdfe57b068b4e22d9c) - (C) 2005-2014 United States Government. All rights reserved.


====================================================== system under test
gov.nasa.jpf.test.mc.basic.OOMEInjectorTest.runTestMethod()

====================================================== search started: 11/26/23, 2:35 PM
[WARNING] orphan NativePeer method: jdk.internal.misc.Unsafe.getUnsafe()Lsun/misc/Unsafe;

====================================================== error 1
gov.nasa.jpf.vm.NoUncaughtExceptionsProperty
java.lang.OutOfMemoryError
	at gov.nasa.jpf.test.mc.basic.OOMEInjectorTest.testDirectLoc(gov/nasa/jpf/test/mc/basic/OOMEInjectorTest.java:30)
	at java.lang.reflect.Method.invoke(gov.nasa.jpf.vm.JPF_java_lang_reflect_Method)
	at gov.nasa.jpf.util.test.TestJPF.runTestMethod(gov/nasa/jpf/util/test/TestJPF.java:648)


====================================================== snapshot #1
thread java.lang.Thread:{id:0,name:main,status:RUNNING,priority:5,isDaemon:false,lockCount:0,suspendCount:0}
  call stack:
	at gov.nasa.jpf.util.test.TestJPF.runTestMethod(TestJPF.java:650)


====================================================== results
error #1: gov.nasa.jpf.vm.NoUncaughtExceptionsProperty "java.lang.OutOfMemoryError  at gov.nasa.jpf.test.m..."

====================================================== search finished: 11/26/23, 2:35 PM
]]></system-out>
  <system-err><![CDATA[]]></system-err>
</testsuite>
