<?xml version="1.0" encoding="UTF-8"?>
<testsuite name="gov.nasa.jpf.test.vm.basic.InitializeInterfaceClassObjectRefTest" tests="1" skipped="0" failures="0" errors="0" timestamp="2023-11-26T19:36:48" hostname="SHISHIRHP" time="0.427">
  <properties/>
  <testcase name="test" classname="gov.nasa.jpf.test.vm.basic.InitializeInterfaceClassObjectRefTest" time="0.427"/>
  <system-out><![CDATA[  running jpf with args: +log.finest+=,gov.nasa.jpf.vm.ClassInfo
JavaPathfinder core system v8.0 (rev 1a704e1d6c3d92178504f8cdfe57b068b4e22d9c) - (C) 2005-2014 United States Government. All rights reserved.


====================================================== system under test
gov.nasa.jpf.test.vm.basic.InitializeInterfaceClassObjectRefTest.runTestMethod()

====================================================== search started: 11/26/23, 2:36 PM
[WARNING] orphan NativePeer method: jdk.internal.misc.Unsafe.getUnsafe()Lsun/misc/Unsafe;

====================================================== error 1
gov.nasa.jpf.vm.NoUncaughtExceptionsProperty
java.lang.RuntimeException: This test throws an expected exception.
	at gov.nasa.jpf.test.vm.basic.InitializeInterfaceClassObjectRefTest.test(gov/nasa/jpf/test/vm/basic/InitializeInterfaceClassObjectRefTest.java:41)
	at java.lang.reflect.Method.invoke(gov.nasa.jpf.vm.JPF_java_lang_reflect_Method)
	at gov.nasa.jpf.util.test.TestJPF.runTestMethod(gov/nasa/jpf/util/test/TestJPF.java:648)


====================================================== snapshot #1
thread java.lang.Thread:{id:0,name:main,status:RUNNING,priority:5,isDaemon:false,lockCount:0,suspendCount:0}
  call stack:
	at gov.nasa.jpf.util.test.TestJPF.runTestMethod(TestJPF.java:650)


====================================================== results
error #1: gov.nasa.jpf.vm.NoUncaughtExceptionsProperty "java.lang.RuntimeException: This test throws an ex..."

====================================================== search finished: 11/26/23, 2:36 PM
]]></system-out>
  <system-err><![CDATA[]]></system-err>
</testsuite>
