<?xml version="1.0" encoding="UTF-8"?>
<testsuite name="gov.nasa.jpf.test.mc.basic.IdleLoopTest" tests="3" skipped="0" failures="0" errors="0" timestamp="2023-11-26T19:35:30" hostname="SHISHIRHP" time="0.677">
  <properties/>
  <testcase name="testBreak" classname="gov.nasa.jpf.test.mc.basic.IdleLoopTest" time="0.475"/>
  <testcase name="testPrune" classname="gov.nasa.jpf.test.mc.basic.IdleLoopTest" time="0.101"/>
  <testcase name="testJump" classname="gov.nasa.jpf.test.mc.basic.IdleLoopTest" time="0.101"/>
  <system-out><![CDATA[  running jpf with args: +listener=.listener.IdleFilter +idle.action=break +log.warning=gov.nasa.jpf.listener.IdleFilter +vm.max_transition_length=MAX
JavaPathfinder core system v8.0 (rev 1a704e1d6c3d92178504f8cdfe57b068b4e22d9c) - (C) 2005-2014 United States Government. All rights reserved.


====================================================== system under test
gov.nasa.jpf.test.mc.basic.IdleLoopTest.runTestMethod()

====================================================== search started: 11/26/23, 2:35 PM
[WARNING] orphan NativePeer method: jdk.internal.misc.Unsafe.getUnsafe()Lsun/misc/Unsafe;
[WARNING] breaks transition on suspicious loop in thread: main
	at gov.nasa.jpf.test.mc.basic.IdleLoopTest.testBreak(gov/nasa/jpf/test/mc/basic/IdleLoopTest.java:40)
[WARNING] breaks transition on suspicious loop in thread: main
	at gov.nasa.jpf.test.mc.basic.IdleLoopTest.testBreak(gov/nasa/jpf/test/mc/basic/IdleLoopTest.java:41)
[WARNING] breaks transition on suspicious loop in thread: main
	at gov.nasa.jpf.test.mc.basic.IdleLoopTest.testBreak(gov/nasa/jpf/test/mc/basic/IdleLoopTest.java:40)

====================================================== results
no errors detected

====================================================== search finished: 11/26/23, 2:35 PM
  running jpf with args: +listener=.listener.IdleFilter +idle.action=prune +log.warning=gov.nasa.jpf.listener.IdleFilter +vm.max_transition_length=MAX
JavaPathfinder core system v8.0 (rev 1a704e1d6c3d92178504f8cdfe57b068b4e22d9c) - (C) 2005-2014 United States Government. All rights reserved.


====================================================== system under test
gov.nasa.jpf.test.mc.basic.IdleLoopTest.runTestMethod()

====================================================== search started: 11/26/23, 2:35 PM
[WARNING] orphan NativePeer method: jdk.internal.misc.Unsafe.getUnsafe()Lsun/misc/Unsafe;
[WARNING] pruned thread: main
	at gov.nasa.jpf.test.mc.basic.IdleLoopTest.testPrune(gov/nasa/jpf/test/mc/basic/IdleLoopTest.java:61)

====================================================== results
no errors detected

====================================================== search finished: 11/26/23, 2:35 PM
  running jpf with args: +listener=.listener.IdleFilter +idle.action=jump +idle.max_backjumps=100 +log.warning=gov.nasa.jpf.listener.IdleFilter +vm.max_transition_length=MAX
JavaPathfinder core system v8.0 (rev 1a704e1d6c3d92178504f8cdfe57b068b4e22d9c) - (C) 2005-2014 United States Government. All rights reserved.


====================================================== system under test
gov.nasa.jpf.test.mc.basic.IdleLoopTest.runTestMethod()

====================================================== search started: 11/26/23, 2:35 PM
[WARNING] orphan NativePeer method: jdk.internal.misc.Unsafe.getUnsafe()Lsun/misc/Unsafe;
[WARNING] jumped past loop in: main
	at gov.nasa.jpf.test.mc.basic.IdleLoopTest.testJump(gov/nasa/jpf/test/mc/basic/IdleLoopTest.java:76)
Ok, jumped past loop

====================================================== results
no errors detected

====================================================== search finished: 11/26/23, 2:35 PM
]]></system-out>
  <system-err><![CDATA[]]></system-err>
</testsuite>
