<?xml version="1.0" encoding="UTF-8"?>
<testsuite name="gov.nasa.jpf.vm.AnnotationInfoTest" tests="2" skipped="0" failures="0" errors="0" timestamp="2023-11-26T19:37:46" hostname="SHISHIRHP" time="0.03">
  <properties/>
  <testcase name="testStringDefaultValue" classname="gov.nasa.jpf.vm.AnnotationInfoTest" time="0.029"/>
  <testcase name="testIntArrayDefaultValue" classname="gov.nasa.jpf.vm.AnnotationInfoTest" time="0.001"/>
  <system-out><![CDATA[]]></system-out>
  <system-err><![CDATA[]]></system-err>
</testsuite>
