<?xml version="1.0" encoding="UTF-8"?>
<testsuite name="gov.nasa.jpf.test.vm.threads.LockedStackDepthTest" tests="5" skipped="0" failures="0" errors="0" timestamp="2023-11-26T19:37:21" hostname="SHISHIRHP" time="0.77">
  <properties/>
  <testcase name="recursiveLock" classname="gov.nasa.jpf.test.vm.threads.LockedStackDepthTest" time="0.426"/>
  <testcase name="breadthFirstSearch" classname="gov.nasa.jpf.test.vm.threads.LockedStackDepthTest" time="0.104"/>
  <testcase name="waitRetainsDepth" classname="gov.nasa.jpf.test.vm.threads.LockedStackDepthTest" time="0.099"/>
  <testcase name="hitSameStateThroughDifferentSearchPaths" classname="gov.nasa.jpf.test.vm.threads.LockedStackDepthTest" time="0.076"/>
  <testcase name="randomHeuristicSearch" classname="gov.nasa.jpf.test.vm.threads.LockedStackDepthTest" time="0.065"/>
  <system-out><![CDATA[  running jpf with args: +listener+=,.listener.LockedStackDepth
JavaPathfinder core system v8.0 (rev 1a704e1d6c3d92178504f8cdfe57b068b4e22d9c) - (C) 2005-2014 United States Government. All rights reserved.


====================================================== system under test
gov.nasa.jpf.test.vm.threads.LockedStackDepthTest.runTestMethod()

====================================================== search started: 11/26/23, 2:37 PM
[WARNING] orphan NativePeer method: jdk.internal.misc.Unsafe.getUnsafe()Lsun/misc/Unsafe;

====================================================== results
no errors detected

====================================================== search finished: 11/26/23, 2:37 PM
  running jpf with args: +listener+=,.listener.LockedStackDepth +search.class=gov.nasa.jpf.search.heuristic.BFSHeuristic
JavaPathfinder core system v8.0 (rev 1a704e1d6c3d92178504f8cdfe57b068b4e22d9c) - (C) 2005-2014 United States Government. All rights reserved.


====================================================== system under test
gov.nasa.jpf.test.vm.threads.LockedStackDepthTest.runTestMethod()

====================================================== search started: 11/26/23, 2:37 PM
[WARNING] orphan NativePeer method: jdk.internal.misc.Unsafe.getUnsafe()Lsun/misc/Unsafe;

====================================================== results
no errors detected

====================================================== search finished: 11/26/23, 2:37 PM
  running jpf with args: +listener+=,.listener.LockedStackDepth
JavaPathfinder core system v8.0 (rev 1a704e1d6c3d92178504f8cdfe57b068b4e22d9c) - (C) 2005-2014 United States Government. All rights reserved.


====================================================== system under test
gov.nasa.jpf.test.vm.threads.LockedStackDepthTest.runTestMethod()

====================================================== search started: 11/26/23, 2:37 PM
[WARNING] orphan NativePeer method: jdk.internal.misc.Unsafe.getUnsafe()Lsun/misc/Unsafe;

====================================================== results
no errors detected

====================================================== search finished: 11/26/23, 2:37 PM
  running jpf with args: +listener+=,.listener.LockedStackDepth
JavaPathfinder core system v8.0 (rev 1a704e1d6c3d92178504f8cdfe57b068b4e22d9c) - (C) 2005-2014 United States Government. All rights reserved.


====================================================== system under test
gov.nasa.jpf.test.vm.threads.LockedStackDepthTest.runTestMethod()

====================================================== search started: 11/26/23, 2:37 PM
[WARNING] orphan NativePeer method: jdk.internal.misc.Unsafe.getUnsafe()Lsun/misc/Unsafe;

====================================================== results
no errors detected

====================================================== search finished: 11/26/23, 2:37 PM
  running jpf with args: +listener+=,.listener.LockedStackDepth +search.class=gov.nasa.jpf.search.heuristic.RandomHeuristic
JavaPathfinder core system v8.0 (rev 1a704e1d6c3d92178504f8cdfe57b068b4e22d9c) - (C) 2005-2014 United States Government. All rights reserved.


====================================================== system under test
gov.nasa.jpf.test.vm.threads.LockedStackDepthTest.runTestMethod()

====================================================== search started: 11/26/23, 2:37 PM
[WARNING] orphan NativePeer method: jdk.internal.misc.Unsafe.getUnsafe()Lsun/misc/Unsafe;

====================================================== results
no errors detected

====================================================== search finished: 11/26/23, 2:37 PM
]]></system-out>
  <system-err><![CDATA[]]></system-err>
</testsuite>
