<?xml version="1.0" encoding="UTF-8"?>
<testsuite name="gov.nasa.jpf.test.mc.threads.MinimizePreemptionTest" tests="2" skipped="0" failures="0" errors="0" timestamp="2023-11-26T19:36:20" hostname="SHISHIRHP" time="0.582">
  <properties/>
  <testcase name="testPreemptionCount" classname="gov.nasa.jpf.test.mc.threads.MinimizePreemptionTest" time="0.479"/>
  <testcase name="testNoPreemptions" classname="gov.nasa.jpf.test.mc.threads.MinimizePreemptionTest" time="0.103"/>
  <system-out><![CDATA[  running jpf with args: +search.class=.search.heuristic.MinimizePreemption +listener=gov.nasa.jpf.test.mc.threads.MinimizePreemptionTest$Listener
JavaPathfinder core system v8.0 (rev 1a704e1d6c3d92178504f8cdfe57b068b4e22d9c) - (C) 2005-2014 United States Government. All rights reserved.


====================================================== system under test
gov.nasa.jpf.test.mc.threads.MinimizePreemptionTest.runTestMethod()

====================================================== search started: 11/26/23, 2:36 PM
[WARNING] orphan NativePeer method: jdk.internal.misc.Unsafe.getUnsafe()Lsun/misc/Unsafe;
       gov.nasa.jpf.vm.choice.ThreadChoiceFromSet {id:"ROOT" ,1/1,isCascaded:false}
   explore state with 0 preemptions
       gov.nasa.jpf.vm.choice.ThreadChoiceFromSet {id:"START" ,1/2,isCascaded:false}
       gov.nasa.jpf.vm.choice.ThreadChoiceFromSet {id:"ROOT" ,1/1,isCascaded:false}
   explore state with 0 preemptions
45
       gov.nasa.jpf.vm.choice.ThreadChoiceFromSet {id:"START" ,2/2,isCascaded:false}
       gov.nasa.jpf.vm.choice.ThreadChoiceFromSet {id:"ROOT" ,1/1,isCascaded:false}
   explore state with 1 preemptions
       gov.nasa.jpf.vm.choice.ThreadChoiceFromSet {id:"SHARED_CLASS" ,2/2,isCascaded:false}
       gov.nasa.jpf.vm.choice.ThreadChoiceFromSet {id:"START" ,2/2,isCascaded:false}
       gov.nasa.jpf.vm.choice.ThreadChoiceFromSet {id:"ROOT" ,1/1,isCascaded:false}
   explore state with 1 preemptions
       gov.nasa.jpf.vm.choice.ThreadChoiceFromSet {id:"SHARED_CLASS" ,2/2,isCascaded:false}
       gov.nasa.jpf.vm.choice.ThreadChoiceFromSet {id:"SHARED_CLASS" ,2/2,isCascaded:false}
       gov.nasa.jpf.vm.choice.ThreadChoiceFromSet {id:"START" ,2/2,isCascaded:false}
       gov.nasa.jpf.vm.choice.ThreadChoiceFromSet {id:"ROOT" ,1/1,isCascaded:false}
   explore state with 1 preemptions
       gov.nasa.jpf.vm.choice.ThreadChoiceFromSet {id:"SHARED_CLASS" ,2/2,isCascaded:false}
       gov.nasa.jpf.vm.choice.ThreadChoiceFromSet {id:"SHARED_CLASS" ,2/2,isCascaded:false}
       gov.nasa.jpf.vm.choice.ThreadChoiceFromSet {id:"SHARED_CLASS" ,2/2,isCascaded:false}
       gov.nasa.jpf.vm.choice.ThreadChoiceFromSet {id:"START" ,2/2,isCascaded:false}
       gov.nasa.jpf.vm.choice.ThreadChoiceFromSet {id:"ROOT" ,1/1,isCascaded:false}
   explore state with 1 preemptions
       gov.nasa.jpf.vm.choice.ThreadChoiceFromSet {id:"SHARED_CLASS" ,2/2,isCascaded:false}
       gov.nasa.jpf.vm.choice.ThreadChoiceFromSet {id:"SHARED_CLASS" ,2/2,isCascaded:false}
       gov.nasa.jpf.vm.choice.ThreadChoiceFromSet {id:"SHARED_CLASS" ,2/2,isCascaded:false}
       gov.nasa.jpf.vm.choice.ThreadChoiceFromSet {id:"SHARED_CLASS" ,2/2,isCascaded:false}
       gov.nasa.jpf.vm.choice.ThreadChoiceFromSet {id:"START" ,2/2,isCascaded:false}
       gov.nasa.jpf.vm.choice.ThreadChoiceFromSet {id:"ROOT" ,1/1,isCascaded:false}
   explore state with 1 preemptions
5
       gov.nasa.jpf.vm.choice.ThreadChoiceFromSet {id:"SHARED_CLASS" ,2/2,isCascaded:false}
       gov.nasa.jpf.vm.choice.ThreadChoiceFromSet {id:"SHARED_CLASS" ,2/2,isCascaded:false}
       gov.nasa.jpf.vm.choice.ThreadChoiceFromSet {id:"SHARED_CLASS" ,2/2,isCascaded:false}
       gov.nasa.jpf.vm.choice.ThreadChoiceFromSet {id:"SHARED_CLASS" ,2/2,isCascaded:false}
       gov.nasa.jpf.vm.choice.ThreadChoiceFromSet {id:"SHARED_CLASS" ,2/2,isCascaded:false}
       gov.nasa.jpf.vm.choice.ThreadChoiceFromSet {id:"START" ,2/2,isCascaded:false}
       gov.nasa.jpf.vm.choice.ThreadChoiceFromSet {id:"ROOT" ,1/1,isCascaded:false}
   explore state with 1 preemptions
       gov.nasa.jpf.vm.choice.ThreadChoiceFromSet {id:"SHARED_CLASS" ,1/2,isCascaded:false}
       gov.nasa.jpf.vm.choice.ThreadChoiceFromSet {id:"START" ,2/2,isCascaded:false}
       gov.nasa.jpf.vm.choice.ThreadChoiceFromSet {id:"ROOT" ,1/1,isCascaded:false}
   explore state with 2 preemptions
       gov.nasa.jpf.vm.choice.ThreadChoiceFromSet {id:"SHARED_CLASS" ,1/2,isCascaded:false}
       gov.nasa.jpf.vm.choice.ThreadChoiceFromSet {id:"SHARED_CLASS" ,2/2,isCascaded:false}
       gov.nasa.jpf.vm.choice.ThreadChoiceFromSet {id:"START" ,2/2,isCascaded:false}
       gov.nasa.jpf.vm.choice.ThreadChoiceFromSet {id:"ROOT" ,1/1,isCascaded:false}
   explore state with 2 preemptions
       gov.nasa.jpf.vm.choice.ThreadChoiceFromSet {id:"SHARED_CLASS" ,1/2,isCascaded:false}
       gov.nasa.jpf.vm.choice.ThreadChoiceFromSet {id:"SHARED_CLASS" ,2/2,isCascaded:false}
       gov.nasa.jpf.vm.choice.ThreadChoiceFromSet {id:"SHARED_CLASS" ,2/2,isCascaded:false}
       gov.nasa.jpf.vm.choice.ThreadChoiceFromSet {id:"START" ,2/2,isCascaded:false}
       gov.nasa.jpf.vm.choice.ThreadChoiceFromSet {id:"ROOT" ,1/1,isCascaded:false}
   explore state with 2 preemptions
       gov.nasa.jpf.vm.choice.ThreadChoiceFromSet {id:"SHARED_CLASS" ,1/2,isCascaded:false}
       gov.nasa.jpf.vm.choice.ThreadChoiceFromSet {id:"SHARED_CLASS" ,2/2,isCascaded:false}
       gov.nasa.jpf.vm.choice.ThreadChoiceFromSet {id:"SHARED_CLASS" ,2/2,isCascaded:false}
       gov.nasa.jpf.vm.choice.ThreadChoiceFromSet {id:"SHARED_CLASS" ,2/2,isCascaded:false}
       gov.nasa.jpf.vm.choice.ThreadChoiceFromSet {id:"START" ,2/2,isCascaded:false}
       gov.nasa.jpf.vm.choice.ThreadChoiceFromSet {id:"ROOT" ,1/1,isCascaded:false}
   explore state with 2 preemptions
       gov.nasa.jpf.vm.choice.ThreadChoiceFromSet {id:"SHARED_CLASS" ,1/2,isCascaded:false}
       gov.nasa.jpf.vm.choice.ThreadChoiceFromSet {id:"SHARED_CLASS" ,2/2,isCascaded:false}
       gov.nasa.jpf.vm.choice.ThreadChoiceFromSet {id:"SHARED_CLASS" ,2/2,isCascaded:false}
       gov.nasa.jpf.vm.choice.ThreadChoiceFromSet {id:"SHARED_CLASS" ,2/2,isCascaded:false}
       gov.nasa.jpf.vm.choice.ThreadChoiceFromSet {id:"SHARED_CLASS" ,2/2,isCascaded:false}
       gov.nasa.jpf.vm.choice.ThreadChoiceFromSet {id:"START" ,2/2,isCascaded:false}
       gov.nasa.jpf.vm.choice.ThreadChoiceFromSet {id:"ROOT" ,1/1,isCascaded:false}
   explore state with 2 preemptions
5
       gov.nasa.jpf.vm.choice.ThreadChoiceFromSet {id:"SHARED_CLASS" ,1/2,isCascaded:false}
       gov.nasa.jpf.vm.choice.ThreadChoiceFromSet {id:"SHARED_CLASS" ,1/2,isCascaded:false}
       gov.nasa.jpf.vm.choice.ThreadChoiceFromSet {id:"START" ,2/2,isCascaded:false}
       gov.nasa.jpf.vm.choice.ThreadChoiceFromSet {id:"ROOT" ,1/1,isCascaded:false}
   explore state with 2 preemptions
       gov.nasa.jpf.vm.choice.ThreadChoiceFromSet {id:"SHARED_CLASS" ,1/2,isCascaded:false}
       gov.nasa.jpf.vm.choice.ThreadChoiceFromSet {id:"SHARED_CLASS" ,1/2,isCascaded:false}
       gov.nasa.jpf.vm.choice.ThreadChoiceFromSet {id:"SHARED_CLASS" ,2/2,isCascaded:false}
       gov.nasa.jpf.vm.choice.ThreadChoiceFromSet {id:"START" ,2/2,isCascaded:false}
       gov.nasa.jpf.vm.choice.ThreadChoiceFromSet {id:"ROOT" ,1/1,isCascaded:false}
   explore state with 2 preemptions
       gov.nasa.jpf.vm.choice.ThreadChoiceFromSet {id:"SHARED_CLASS" ,1/2,isCascaded:false}
       gov.nasa.jpf.vm.choice.ThreadChoiceFromSet {id:"SHARED_CLASS" ,1/2,isCascaded:false}
       gov.nasa.jpf.vm.choice.ThreadChoiceFromSet {id:"SHARED_CLASS" ,2/2,isCascaded:false}
       gov.nasa.jpf.vm.choice.ThreadChoiceFromSet {id:"SHARED_CLASS" ,2/2,isCascaded:false}
       gov.nasa.jpf.vm.choice.ThreadChoiceFromSet {id:"START" ,2/2,isCascaded:false}
       gov.nasa.jpf.vm.choice.ThreadChoiceFromSet {id:"ROOT" ,1/1,isCascaded:false}
   explore state with 2 preemptions
       gov.nasa.jpf.vm.choice.ThreadChoiceFromSet {id:"SHARED_CLASS" ,1/2,isCascaded:false}
       gov.nasa.jpf.vm.choice.ThreadChoiceFromSet {id:"SHARED_CLASS" ,1/2,isCascaded:false}
       gov.nasa.jpf.vm.choice.ThreadChoiceFromSet {id:"SHARED_CLASS" ,2/2,isCascaded:false}
       gov.nasa.jpf.vm.choice.ThreadChoiceFromSet {id:"SHARED_CLASS" ,2/2,isCascaded:false}
       gov.nasa.jpf.vm.choice.ThreadChoiceFromSet {id:"SHARED_CLASS" ,2/2,isCascaded:false}
       gov.nasa.jpf.vm.choice.ThreadChoiceFromSet {id:"START" ,2/2,isCascaded:false}
       gov.nasa.jpf.vm.choice.ThreadChoiceFromSet {id:"ROOT" ,1/1,isCascaded:false}
   explore state with 2 preemptions
       gov.nasa.jpf.vm.choice.ThreadChoiceFromSet {id:"SHARED_CLASS" ,1/2,isCascaded:false}
       gov.nasa.jpf.vm.choice.ThreadChoiceFromSet {id:"SHARED_CLASS" ,1/2,isCascaded:false}
       gov.nasa.jpf.vm.choice.ThreadChoiceFromSet {id:"SHARED_CLASS" ,2/2,isCascaded:false}
       gov.nasa.jpf.vm.choice.ThreadChoiceFromSet {id:"SHARED_CLASS" ,2/2,isCascaded:false}
       gov.nasa.jpf.vm.choice.ThreadChoiceFromSet {id:"SHARED_CLASS" ,2/2,isCascaded:false}
       gov.nasa.jpf.vm.choice.ThreadChoiceFromSet {id:"SHARED_CLASS" ,2/2,isCascaded:false}
       gov.nasa.jpf.vm.choice.ThreadChoiceFromSet {id:"START" ,2/2,isCascaded:false}
       gov.nasa.jpf.vm.choice.ThreadChoiceFromSet {id:"ROOT" ,1/1,isCascaded:false}
   explore state with 2 preemptions
15

====================================================== error 1
gov.nasa.jpf.vm.NoUncaughtExceptionsProperty
java.lang.AssertionError: gotcha
	at gov.nasa.jpf.test.mc.threads.MinimizePreemptionTest$A.run(gov/nasa/jpf/test/mc/threads/MinimizePreemptionTest.java:56)


====================================================== snapshot #1
thread java.lang.Thread:{id:0,name:main,status:RUNNING,priority:5,isDaemon:false,lockCount:0,suspendCount:0}
  call stack:
	at gov.nasa.jpf.test.mc.threads.MinimizePreemptionTest.testPreemptionCount(MinimizePreemptionTest.java:148)
	at java.lang.reflect.Method.invoke(Method.java)
	at gov.nasa.jpf.util.test.TestJPF.runTestMethod(TestJPF.java:648)

thread java.lang.Thread:{id:1,name:Thread-1,status:RUNNING,priority:5,isDaemon:false,lockCount:0,suspendCount:0}
  call stack:
	at gov.nasa.jpf.test.mc.threads.MinimizePreemptionTest$A.run(MinimizePreemptionTest.java:56)


====================================================== results
error #1: gov.nasa.jpf.vm.NoUncaughtExceptionsProperty "java.lang.AssertionError: gotcha  at gov.nasa.jpf...."

====================================================== search finished: 11/26/23, 2:36 PM
completions = 4
  running jpf with args: +search.class=.search.heuristic.MinimizePreemption
JavaPathfinder core system v8.0 (rev 1a704e1d6c3d92178504f8cdfe57b068b4e22d9c) - (C) 2005-2014 United States Government. All rights reserved.


====================================================== system under test
gov.nasa.jpf.test.mc.threads.MinimizePreemptionTest.runTestMethod()

====================================================== search started: 11/26/23, 2:36 PM
[WARNING] orphan NativePeer method: jdk.internal.misc.Unsafe.getUnsafe()Lsun/misc/Unsafe;
95
5

====================================================== error 1
gov.nasa.jpf.vm.NoUncaughtExceptionsProperty
java.lang.AssertionError: gotcha
	at gov.nasa.jpf.test.mc.threads.MinimizePreemptionTest$A.run(gov/nasa/jpf/test/mc/threads/MinimizePreemptionTest.java:56)


====================================================== snapshot #1
thread java.lang.Thread:{id:0,name:main,status:RUNNING,priority:5,isDaemon:false,lockCount:0,suspendCount:0}
  call stack:
	at java.lang.Thread.start(Thread.java)
	at gov.nasa.jpf.test.mc.threads.MinimizePreemptionTest.testNoPreemptions(MinimizePreemptionTest.java:72)
	at java.lang.reflect.Method.invoke(Method.java)
	at gov.nasa.jpf.util.test.TestJPF.runTestMethod(TestJPF.java:648)

thread java.lang.Thread:{id:1,name:Thread-1,status:RUNNING,priority:5,isDaemon:false,lockCount:0,suspendCount:0}
  call stack:
	at gov.nasa.jpf.test.mc.threads.MinimizePreemptionTest$A.run(MinimizePreemptionTest.java:56)


====================================================== results
error #1: gov.nasa.jpf.vm.NoUncaughtExceptionsProperty "java.lang.AssertionError: gotcha  at gov.nasa.jpf...."

====================================================== search finished: 11/26/23, 2:36 PM
number of A(0) run() completions = 2
]]></system-out>
  <system-err><![CDATA[]]></system-err>
</testsuite>
