<?xml version="1.0" encoding="UTF-8"?>
<testsuite name="gov.nasa.jpf.test.xerces.SAXParserTest" tests="1" skipped="0" failures="0" errors="0" timestamp="2023-11-26T19:37:30" hostname="SHISHIRHP" time="1.12">
  <properties/>
  <testcase name="testSimpleParse" classname="gov.nasa.jpf.test.xerces.SAXParserTest" time="1.12"/>
  <system-out><![CDATA[  running jpf with args: +http.connection=http://*.dtd -- gov.nasa.jpf.CachedROHttpConnection +http.cache_dir=src/tests/gov/nasa/jpf/test/xerces +log.info=http
JavaPathfinder core system v8.0 (rev 1a704e1d6c3d92178504f8cdfe57b068b4e22d9c) - (C) 2005-2014 United States Government. All rights reserved.


====================================================== system under test
gov.nasa.jpf.test.xerces.SAXParserTest.runTestMethod()

====================================================== search started: 11/26/23, 2:37 PM
[WARNING] orphan NativePeer method: jdk.internal.misc.Unsafe.getUnsafe()Lsun/misc/Unsafe;
[INFO] mapping URL pattern http://*.dtd to gov.nasa.jpf.CachedROHttpConnection
[INFO] using gov.nasa.jpf.CachedROHttpConnection for URL http://www.puppycrawl.com/dtds/configuration_1_3.dtd
[INFO] reading contents of http://www.puppycrawl.com/dtds/configuration_1_3.dtd from file src\tests\gov\nasa\jpf\test\xerces\http%^^www.puppycrawl.com^dtds^configuration_1_3.dtd

====================================================== results
no errors detected

====================================================== search finished: 11/26/23, 2:37 PM
]]></system-out>
  <system-err><![CDATA[]]></system-err>
</testsuite>
