<?xml version="1.0" encoding="UTF-8"?>
<testsuite name="gov.nasa.jpf.test.java.lang.reflect.MethodTest" tests="6" skipped="0" failures="0" errors="0" timestamp="2023-11-26T19:35:01" hostname="SHISHIRHP" time="0.828">
  <properties/>
  <testcase name="isVarArgsTest" classname="gov.nasa.jpf.test.java.lang.reflect.MethodTest" time="0.416"/>
  <testcase name="testGetMethodsOnIfc" classname="gov.nasa.jpf.test.java.lang.reflect.MethodTest" time="0.103"/>
  <testcase name="isBridgeTest" classname="gov.nasa.jpf.test.java.lang.reflect.MethodTest" time="0.094"/>
  <testcase name="equalsTest" classname="gov.nasa.jpf.test.java.lang.reflect.MethodTest" time="0.084"/>
  <testcase name="testGetMethodsOnClass" classname="gov.nasa.jpf.test.java.lang.reflect.MethodTest" time="0.07"/>
  <testcase name="hashCodeTest" classname="gov.nasa.jpf.test.java.lang.reflect.MethodTest" time="0.059"/>
  <system-out><![CDATA[  running jpf with args:
JavaPathfinder core system v8.0 (rev 1a704e1d6c3d92178504f8cdfe57b068b4e22d9c) - (C) 2005-2014 United States Government. All rights reserved.


====================================================== system under test
gov.nasa.jpf.test.java.lang.reflect.MethodTest.runTestMethod()

====================================================== search started: 11/26/23, 2:35 PM
[WARNING] orphan NativePeer method: jdk.internal.misc.Unsafe.getUnsafe()Lsun/misc/Unsafe;

====================================================== results
no errors detected

====================================================== search finished: 11/26/23, 2:35 PM
  running jpf with args:
JavaPathfinder core system v8.0 (rev 1a704e1d6c3d92178504f8cdfe57b068b4e22d9c) - (C) 2005-2014 United States Government. All rights reserved.


====================================================== system under test
gov.nasa.jpf.test.java.lang.reflect.MethodTest.runTestMethod()

====================================================== search started: 11/26/23, 2:35 PM
[WARNING] orphan NativePeer method: jdk.internal.misc.Unsafe.getUnsafe()Lsun/misc/Unsafe;
public abstract void gov.nasa.jpf.test.java.lang.reflect.MethodTest$I2.i2()
public abstract void gov.nasa.jpf.test.java.lang.reflect.MethodTest$I1.i1()

====================================================== results
no errors detected

====================================================== search finished: 11/26/23, 2:35 PM
  running jpf with args:
JavaPathfinder core system v8.0 (rev 1a704e1d6c3d92178504f8cdfe57b068b4e22d9c) - (C) 2005-2014 United States Government. All rights reserved.


====================================================== system under test
gov.nasa.jpf.test.java.lang.reflect.MethodTest.runTestMethod()

====================================================== search started: 11/26/23, 2:35 PM
[WARNING] orphan NativePeer method: jdk.internal.misc.Unsafe.getUnsafe()Lsun/misc/Unsafe;

====================================================== results
no errors detected

====================================================== search finished: 11/26/23, 2:35 PM
  running jpf with args:
JavaPathfinder core system v8.0 (rev 1a704e1d6c3d92178504f8cdfe57b068b4e22d9c) - (C) 2005-2014 United States Government. All rights reserved.


====================================================== system under test
gov.nasa.jpf.test.java.lang.reflect.MethodTest.runTestMethod()

====================================================== search started: 11/26/23, 2:35 PM
[WARNING] orphan NativePeer method: jdk.internal.misc.Unsafe.getUnsafe()Lsun/misc/Unsafe;

====================================================== results
no errors detected

====================================================== search finished: 11/26/23, 2:35 PM
  running jpf with args:
JavaPathfinder core system v8.0 (rev 1a704e1d6c3d92178504f8cdfe57b068b4e22d9c) - (C) 2005-2014 United States Government. All rights reserved.


====================================================== system under test
gov.nasa.jpf.test.java.lang.reflect.MethodTest.runTestMethod()

====================================================== search started: 11/26/23, 2:35 PM
[WARNING] orphan NativePeer method: jdk.internal.misc.Unsafe.getUnsafe()Lsun/misc/Unsafe;
public native int java.lang.Object.hashCode()
public final native void java.lang.Object.notify()
public final native void java.lang.Object.notifyAll()
public final native java.lang.Class java.lang.Object.getClass()
public boolean java.lang.Object.equals(java.lang.Object)
public final void java.lang.Object.wait(long,int)
public java.lang.String java.lang.Object.toString()
public final void java.lang.Object.wait()
public gov.nasa.jpf.test.java.lang.reflect.MethodTest$B gov.nasa.jpf.test.java.lang.reflect.MethodTest$B.foo(int)
public final native void java.lang.Object.wait(long)
public volatile gov.nasa.jpf.test.java.lang.reflect.MethodTest$A gov.nasa.jpf.test.java.lang.reflect.MethodTest$B.foo(int)

====================================================== results
no errors detected

====================================================== search finished: 11/26/23, 2:35 PM
  running jpf with args:
JavaPathfinder core system v8.0 (rev 1a704e1d6c3d92178504f8cdfe57b068b4e22d9c) - (C) 2005-2014 United States Government. All rights reserved.


====================================================== system under test
gov.nasa.jpf.test.java.lang.reflect.MethodTest.runTestMethod()

====================================================== search started: 11/26/23, 2:35 PM
[WARNING] orphan NativePeer method: jdk.internal.misc.Unsafe.getUnsafe()Lsun/misc/Unsafe;

====================================================== results
no errors detected

====================================================== search finished: 11/26/23, 2:35 PM
]]></system-out>
  <system-err><![CDATA[]]></system-err>
</testsuite>
