<?xml version="1.0" encoding="UTF-8"?>
<testsuite name="gov.nasa.jpf.test.vm.basic.JPFAttrAnnotationTest" tests="1" skipped="0" failures="0" errors="0" timestamp="2023-11-26T19:36:49" hostname="SHISHIRHP" time="0.425">
  <properties/>
  <testcase name="testAttrs" classname="gov.nasa.jpf.test.vm.basic.JPFAttrAnnotationTest" time="0.425"/>
  <system-out><![CDATA[  running jpf with args: +listener=gov.nasa.jpf.test.vm.basic.JPFAttrAnnotationTest$LoadListener
JavaPathfinder core system v8.0 (rev 1a704e1d6c3d92178504f8cdfe57b068b4e22d9c) - (C) 2005-2014 United States Government. All rights reserved.


====================================================== system under test
gov.nasa.jpf.test.vm.basic.JPFAttrAnnotationTest.runTestMethod()

====================================================== search started: 11/26/23, 2:36 PM
[WARNING] orphan NativePeer method: jdk.internal.misc.Unsafe.getUnsafe()Lsun/misc/Unsafe;
#--- checking attribute annotations of gov.nasa.jpf.test.vm.basic.JPFAttrAnnotationTest$SomeClass
# class attr Ok
# method bar() attr Ok
# field data2 attr Ok
SomeClass.bar() executed

====================================================== results
no errors detected

====================================================== search finished: 11/26/23, 2:36 PM
]]></system-out>
  <system-err><![CDATA[]]></system-err>
</testsuite>
