<?xml version="1.0" encoding="UTF-8"?>
<testsuite name="gov.nasa.jpf.vm.multiProcess.ThreadTest" tests="3" skipped="0" failures="0" errors="0" timestamp="2023-11-26T19:37:54" hostname="SHISHIRHP" time="0.817">
  <properties/>
  <testcase name="numOfThreadsTest" classname="gov.nasa.jpf.vm.multiProcess.ThreadTest" time="0.526"/>
  <testcase name="mainThreadsIdTest" classname="gov.nasa.jpf.vm.multiProcess.ThreadTest" time="0.151"/>
  <testcase name="threadInterleavingTest" classname="gov.nasa.jpf.vm.multiProcess.ThreadTest" time="0.14"/>
  <system-out><![CDATA[  running jpf with args:
JavaPathfinder core system v8.0 (rev 1a704e1d6c3d92178504f8cdfe57b068b4e22d9c) - (C) 2005-2014 United States Government. All rights reserved.


====================================================== system under test
gov.nasa.jpf.vm.multiProcess.ThreadTest.runTestMethod()+gov.nasa.jpf.vm.multiProcess.ThreadTest.runTestMethod()

====================================================== search started: 11/26/23, 2:37 PM
[WARNING] orphan NativePeer method: jdk.internal.misc.Unsafe.getUnsafe()Lsun/misc/Unsafe;
[WARNING] orphan NativePeer method: jdk.internal.misc.Unsafe.getUnsafe()Lsun/misc/Unsafe;

====================================================== results
no errors detected

====================================================== search finished: 11/26/23, 2:37 PM
  running jpf with args:
JavaPathfinder core system v8.0 (rev 1a704e1d6c3d92178504f8cdfe57b068b4e22d9c) - (C) 2005-2014 United States Government. All rights reserved.


====================================================== system under test
gov.nasa.jpf.vm.multiProcess.ThreadTest.runTestMethod()+gov.nasa.jpf.vm.multiProcess.ThreadTest.runTestMethod()

====================================================== search started: 11/26/23, 2:37 PM
[WARNING] orphan NativePeer method: jdk.internal.misc.Unsafe.getUnsafe()Lsun/misc/Unsafe;
[WARNING] orphan NativePeer method: jdk.internal.misc.Unsafe.getUnsafe()Lsun/misc/Unsafe;

====================================================== results
no errors detected

====================================================== search finished: 11/26/23, 2:37 PM
  running jpf with args: +listener=gov.nasa.jpf.vm.multiProcess.ThreadTest$InterleaveCheckListener +vm.max_transition_length=MAX
JavaPathfinder core system v8.0 (rev 1a704e1d6c3d92178504f8cdfe57b068b4e22d9c) - (C) 2005-2014 United States Government. All rights reserved.


====================================================== system under test
gov.nasa.jpf.vm.multiProcess.ThreadTest.runTestMethod()+gov.nasa.jpf.vm.multiProcess.ThreadTest.runTestMethod()

====================================================== search started: 11/26/23, 2:37 PM
[WARNING] orphan NativePeer method: jdk.internal.misc.Unsafe.getUnsafe()Lsun/misc/Unsafe;
[WARNING] orphan NativePeer method: jdk.internal.misc.Unsafe.getUnsafe()Lsun/misc/Unsafe;

====================================================== results
no errors detected

====================================================== search finished: 11/26/23, 2:37 PM
]]></system-out>
  <system-err><![CDATA[]]></system-err>
</testsuite>
