<?xml version="1.0" encoding="UTF-8"?>
<testsuite name="gov.nasa.jpf.test.java.math.BigIntegerTest" tests="1" skipped="0" failures="0" errors="0" timestamp="2023-11-26T19:35:03" hostname="SHISHIRHP" time="0.454">
  <properties/>
  <testcase name="testArithmeticOps" classname="gov.nasa.jpf.test.java.math.BigIntegerTest" time="0.454"/>
  <system-out><![CDATA[  running jpf with args:
JavaPathfinder core system v8.0 (rev 1a704e1d6c3d92178504f8cdfe57b068b4e22d9c) - (C) 2005-2014 United States Government. All rights reserved.


====================================================== system under test
gov.nasa.jpf.test.java.math.BigIntegerTest.runTestMethod()

====================================================== search started: 11/26/23, 2:35 PM
[WARNING] orphan NativePeer method: jdk.internal.misc.Unsafe.getUnsafe()Lsun/misc/Unsafe;
testing arithmetic operations of BigInteger objects
x = 4200000000000000001

====================================================== results
no errors detected

====================================================== search finished: 11/26/23, 2:35 PM
]]></system-out>
  <system-err><![CDATA[]]></system-err>
</testsuite>
