<?xml version="1.0" encoding="UTF-8"?>
<testsuite name="gov.nasa.jpf.test.mc.data.NumericValueCheckerTest" tests="2" skipped="0" failures="0" errors="0" timestamp="2023-11-26T19:36:04" hostname="SHISHIRHP" time="0.547">
  <properties/>
  <testcase name="testField" classname="gov.nasa.jpf.test.mc.data.NumericValueCheckerTest" time="0.439"/>
  <testcase name="testVars" classname="gov.nasa.jpf.test.mc.data.NumericValueCheckerTest" time="0.107"/>
  <system-out><![CDATA[  running jpf with args: +listener=.listener.NumericValueChecker +range.fields=d +range.d.field=*.NumericValueCheckerTest$C1.d +range.d.min=42
JavaPathfinder core system v8.0 (rev 1a704e1d6c3d92178504f8cdfe57b068b4e22d9c) - (C) 2005-2014 United States Government. All rights reserved.


====================================================== system under test
gov.nasa.jpf.test.mc.data.NumericValueCheckerTest.runTestMethod()

====================================================== search started: 11/26/23, 2:36 PM
[WARNING] orphan NativePeer method: jdk.internal.misc.Unsafe.getUnsafe()Lsun/misc/Unsafe;

====================================================== error 1
gov.nasa.jpf.listener.NumericValueChecker
field gov.nasa.jpf.test.mc.data.NumericValueCheckerTest$C1.d out of range: 0.000000 < 42.000000
	 at gov.nasa.jpf.test.mc.data.NumericValueCheckerTest$C1.setValue(NumericValueCheckerTest.java:34)

====================================================== snapshot #1
thread java.lang.Thread:{id:0,name:main,status:RUNNING,priority:5,isDaemon:false,lockCount:0,suspendCount:0}
  call stack:
	at gov.nasa.jpf.test.mc.data.NumericValueCheckerTest$C1.setValue(NumericValueCheckerTest.java:35)
	at gov.nasa.jpf.test.mc.data.NumericValueCheckerTest.testField(NumericValueCheckerTest.java:46)
	at java.lang.reflect.Method.invoke(Method.java)
	at gov.nasa.jpf.util.test.TestJPF.runTestMethod(TestJPF.java:648)


====================================================== results
error #1: gov.nasa.jpf.listener.NumericValueChecker "field gov.nasa.jpf.test.mc.data.NumericValueChecke..."

====================================================== search finished: 11/26/23, 2:36 PM
  running jpf with args: +listener=.listener.NumericValueChecker +range.vars=x +range.x.var=*$C2.doSomething(int):x +range.x.min=42
JavaPathfinder core system v8.0 (rev 1a704e1d6c3d92178504f8cdfe57b068b4e22d9c) - (C) 2005-2014 United States Government. All rights reserved.


====================================================== system under test
gov.nasa.jpf.test.mc.data.NumericValueCheckerTest.runTestMethod()

====================================================== search started: 11/26/23, 2:36 PM
[WARNING] orphan NativePeer method: jdk.internal.misc.Unsafe.getUnsafe()Lsun/misc/Unsafe;

====================================================== error 1
gov.nasa.jpf.listener.NumericValueChecker
local variable x out of range: -42 < 42
	 at gov.nasa.jpf.test.mc.data.NumericValueCheckerTest$C2.doSomething(NumericValueCheckerTest.java:53)

====================================================== snapshot #1
thread java.lang.Thread:{id:0,name:main,status:RUNNING,priority:5,isDaemon:false,lockCount:0,suspendCount:0}
  call stack:
	at gov.nasa.jpf.test.mc.data.NumericValueCheckerTest$C2.doSomething(NumericValueCheckerTest.java:54)
	at gov.nasa.jpf.test.mc.data.NumericValueCheckerTest.testVars(NumericValueCheckerTest.java:65)
	at java.lang.reflect.Method.invoke(Method.java)
	at gov.nasa.jpf.util.test.TestJPF.runTestMethod(TestJPF.java:648)


====================================================== results
error #1: gov.nasa.jpf.listener.NumericValueChecker "local variable x out of range: -42 < 42   at gov.n..."

====================================================== search finished: 11/26/23, 2:36 PM
]]></system-out>
  <system-err><![CDATA[]]></system-err>
</testsuite>
