<?xml version="1.0" encoding="UTF-8"?>
<testsuite name="gov.nasa.jpf.test.mc.basic.ExtendTransitionTest" tests="1" skipped="0" failures="0" errors="0" timestamp="2023-11-26T19:35:26" hostname="SHISHIRHP" time="0.444">
  <properties/>
  <testcase name="testExtendedStateTransitions" classname="gov.nasa.jpf.test.mc.basic.ExtendTransitionTest" time="0.444"/>
  <system-out><![CDATA[  running jpf with args: +vm.extend_transitions=* +cg.break_single_choice=false +listener=gov.nasa.jpf.test.mc.basic.ExtendTransitionTest$CGListener
CG registered: gov.nasa.jpf.vm.choice.ThreadChoiceFromSet {id:"ROOT" ,0/1,isCascaded:false}
JavaPathfinder core system v8.0 (rev 1a704e1d6c3d92178504f8cdfe57b068b4e22d9c) - (C) 2005-2014 United States Government. All rights reserved.


====================================================== system under test
gov.nasa.jpf.test.mc.basic.ExtendTransitionTest.runTestMethod()

====================================================== search started: 11/26/23, 2:35 PM

CG set: gov.nasa.jpf.vm.choice.ThreadChoiceFromSet {id:"ROOT" ,0/1,isCascaded:false} by: invokestatic java.lang.Boolean.<clinit>()V
CG advanced: gov.nasa.jpf.vm.choice.ThreadChoiceFromSet {id:"ROOT" ,1/1,isCascaded:false}
[WARNING] orphan NativePeer method: jdk.internal.misc.Unsafe.getUnsafe()Lsun/misc/Unsafe;
-- start
CG registered: gov.nasa.jpf.vm.choice.IntIntervalGenerator[id="loop cycle",isCascaded:false,0..0,delta=+1,cur=-1]

CG set: gov.nasa.jpf.vm.choice.IntIntervalGenerator[id="loop cycle",isCascaded:false,0..0,delta=+1,cur=-1] by: executenative JPF_gov_nasa_jpf_vm_Verify.breakTransition__Ljava_lang_String_2II__I
CG advanced: gov.nasa.jpf.vm.choice.IntIntervalGenerator[id="loop cycle",isCascaded:false,0..0,delta=+1,cur=0]
i= : 0, n= : 0
CG registered: gov.nasa.jpf.vm.choice.IntIntervalGenerator[id="loop cycle",isCascaded:false,1..1,delta=+1,cur=0]

CG set: gov.nasa.jpf.vm.choice.IntIntervalGenerator[id="loop cycle",isCascaded:false,1..1,delta=+1,cur=0] by: executenative JPF_gov_nasa_jpf_vm_Verify.breakTransition__Ljava_lang_String_2II__I
CG advanced: gov.nasa.jpf.vm.choice.IntIntervalGenerator[id="loop cycle",isCascaded:false,1..1,delta=+1,cur=1]
i= : 1, n= : 1
CG registered: gov.nasa.jpf.vm.choice.IntIntervalGenerator[id="loop cycle",isCascaded:false,2..2,delta=+1,cur=1]

CG set: gov.nasa.jpf.vm.choice.IntIntervalGenerator[id="loop cycle",isCascaded:false,2..2,delta=+1,cur=1] by: executenative JPF_gov_nasa_jpf_vm_Verify.breakTransition__Ljava_lang_String_2II__I
CG advanced: gov.nasa.jpf.vm.choice.IntIntervalGenerator[id="loop cycle",isCascaded:false,2..2,delta=+1,cur=2]
i= : 2, n= : 2
CG registered: gov.nasa.jpf.vm.choice.IntIntervalGenerator[id="loop cycle",isCascaded:false,3..3,delta=+1,cur=2]

CG set: gov.nasa.jpf.vm.choice.IntIntervalGenerator[id="loop cycle",isCascaded:false,3..3,delta=+1,cur=2] by: executenative JPF_gov_nasa_jpf_vm_Verify.breakTransition__Ljava_lang_String_2II__I
CG advanced: gov.nasa.jpf.vm.choice.IntIntervalGenerator[id="loop cycle",isCascaded:false,3..3,delta=+1,cur=3]
i= : 3, n= : 3
CG registered: gov.nasa.jpf.vm.choice.IntIntervalGenerator[id="loop cycle",isCascaded:false,4..4,delta=+1,cur=3]

CG set: gov.nasa.jpf.vm.choice.IntIntervalGenerator[id="loop cycle",isCascaded:false,4..4,delta=+1,cur=3] by: executenative JPF_gov_nasa_jpf_vm_Verify.breakTransition__Ljava_lang_String_2II__I
CG advanced: gov.nasa.jpf.vm.choice.IntIntervalGenerator[id="loop cycle",isCascaded:false,4..4,delta=+1,cur=4]
i= : 4, n= : 4
!!! state advanced - this should not happen
CG processed: gov.nasa.jpf.vm.choice.IntIntervalGenerator[id="loop cycle",isCascaded:false,4..4,delta=+1,cur=4]

====================================================== results
no errors detected

====================================================== search finished: 11/26/23, 2:35 PM
nStates=0
]]></system-out>
  <system-err><![CDATA[]]></system-err>
</testsuite>
