<?xml version="1.0" encoding="UTF-8"?>
<testsuite name="gov.nasa.jpf.util.ObjVectorTest" tests="2" skipped="0" failures="0" errors="0" timestamp="2023-11-26T19:37:38" hostname="SHISHIRHP" time="0.011">
  <properties/>
  <testcase name="testMutatingSnapshot" classname="gov.nasa.jpf.util.ObjVectorTest" time="0.009"/>
  <testcase name="testSnapshot" classname="gov.nasa.jpf.util.ObjVectorTest" time="0.001"/>
  <system-out><![CDATA[0,2,4,6,8,10,12,14,16,18,20,22,24,26,28,30,32,34,36,38,40,42,44,46,48,50,52,54,56,58,60,62,64,66,68,70,72,74,76,78,80,82,84,86,88,90,92,94,96,98
now storing snapshot for ObjVector of size 99
now modifying ObjVector
42,42,42,42,42,42,42,42,42,42,42,42,42,42,42,42,42,42,42,42,42,42,42,42,42,42,42,42,42,42
now restoring ObjVector
0,2,4,6,8,10,12,14,16,18,20,22,24,26,28,30,32,34,36,38,40,42,44,46,48,50,52,54,56,58,60,62,64,66,68,70,72,74,76,78,80,82,84,86,88,90,92,94,96,98
]]></system-out>
  <system-err><![CDATA[]]></system-err>
</testsuite>
