<?xml version="1.0" encoding="UTF-8"?>
<testsuite name="java8.LambdaTest" tests="22" skipped="0" failures="0" errors="0" timestamp="2023-11-26T19:38:00" hostname="SHISHIRHP" time="1.926">
  <properties/>
  <testcase name="testFuncObjAssignment" classname="java8.LambdaTest" time="0.439"/>
  <testcase name="testClosureWithLocalReferenceOfComplexType" classname="java8.LambdaTest" time="0.123"/>
  <testcase name="testSAMReturn" classname="java8.LambdaTest" time="0.092"/>
  <testcase name="testClosureWithLocalReference" classname="java8.LambdaTest" time="0.091"/>
  <testcase name="testLoadingClassWithManyBootstrapMethods" classname="java8.LambdaTest" time="0.089"/>
  <testcase name="testPassingToMethod" classname="java8.LambdaTest" time="0.064"/>
  <testcase name="testRepeatInvokedynamic" classname="java8.LambdaTest" time="0.063"/>
  <testcase name="testSerializableLambdaExpression" classname="java8.LambdaTest" time="0.076"/>
  <testcase name="testLambdaArgument" classname="java8.LambdaTest" time="0.057"/>
  <testcase name="testClosureWithLocalsOfDifferentSizes" classname="java8.LambdaTest" time="0.073"/>
  <testcase name="testDoubleCloneOperator" classname="java8.LambdaTest" time="0.069"/>
  <testcase name="testInitDoubleCloneOperator" classname="java8.LambdaTest" time="0.072"/>
  <testcase name="testNullCaptureValues" classname="java8.LambdaTest" time="0.054"/>
  <testcase name="testLambdaTypeName" classname="java8.LambdaTest" time="0.052"/>
  <testcase name="testClosure" classname="java8.LambdaTest" time="0.065"/>
  <testcase name="testNewSpecialMethodHandleWithArguments" classname="java8.LambdaTest" time="0.082"/>
  <testcase name="testLambdaWithMultipleSuperInterfaces" classname="java8.LambdaTest" time="0.056"/>
  <testcase name="testClinitDeadlock" classname="java8.LambdaTest" time="0.081"/>
  <testcase name="testNewSpecialMethodHandle" classname="java8.LambdaTest" time="0.052"/>
  <testcase name="testSyntheticFuncObjClass" classname="java8.LambdaTest" time="0.062"/>
  <testcase name="testFreeVariables" classname="java8.LambdaTest" time="0.056"/>
  <testcase name="testLambdaWithOverridenDefaultMethods" classname="java8.LambdaTest" time="0.057"/>
  <system-out><![CDATA[  running jpf with args:
JavaPathfinder core system v8.0 (rev 1a704e1d6c3d92178504f8cdfe57b068b4e22d9c) - (C) 2005-2014 United States Government. All rights reserved.


====================================================== system under test
java8.LambdaTest.runTestMethod()

====================================================== search started: 11/26/23, 2:38 PM
[WARNING] orphan NativePeer method: jdk.internal.misc.Unsafe.getUnsafe()Lsun/misc/Unsafe;

====================================================== error 1
gov.nasa.jpf.vm.NoUncaughtExceptionsProperty
java8.LambdaTest$EnforcedException
	at java8.LambdaTest.lambda$testFuncObjAssignment$0(java8/LambdaTest.java:48)
	at java8.LambdaTest$0.run


====================================================== snapshot #1
thread java.lang.Thread:{id:1,name:Thread-1,status:RUNNING,priority:5,isDaemon:false,lockCount:0,suspendCount:0}
  call stack:
	at java8.LambdaTest.lambda$testFuncObjAssignment$0(LambdaTest.java:48)
	at java8.LambdaTest$0.run(pc 0)


====================================================== results
error #1: gov.nasa.jpf.vm.NoUncaughtExceptionsProperty "java8.LambdaTest$EnforcedException  at java8.Lambd..."

====================================================== search finished: 11/26/23, 2:38 PM
  running jpf with args:
JavaPathfinder core system v8.0 (rev 1a704e1d6c3d92178504f8cdfe57b068b4e22d9c) - (C) 2005-2014 United States Government. All rights reserved.


====================================================== system under test
java8.LambdaTest.runTestMethod()

====================================================== search started: 11/26/23, 2:38 PM
[WARNING] orphan NativePeer method: jdk.internal.misc.Unsafe.getUnsafe()Lsun/misc/Unsafe;

====================================================== results
no errors detected

====================================================== search finished: 11/26/23, 2:38 PM
  running jpf with args:
JavaPathfinder core system v8.0 (rev 1a704e1d6c3d92178504f8cdfe57b068b4e22d9c) - (C) 2005-2014 United States Government. All rights reserved.


====================================================== system under test
java8.LambdaTest.runTestMethod()

====================================================== search started: 11/26/23, 2:38 PM
[WARNING] orphan NativePeer method: jdk.internal.misc.Unsafe.getUnsafe()Lsun/misc/Unsafe;

====================================================== results
no errors detected

====================================================== search finished: 11/26/23, 2:38 PM
  running jpf with args:
JavaPathfinder core system v8.0 (rev 1a704e1d6c3d92178504f8cdfe57b068b4e22d9c) - (C) 2005-2014 United States Government. All rights reserved.


====================================================== system under test
java8.LambdaTest.runTestMethod()

====================================================== search started: 11/26/23, 2:38 PM
[WARNING] orphan NativePeer method: jdk.internal.misc.Unsafe.getUnsafe()Lsun/misc/Unsafe;

====================================================== results
no errors detected

====================================================== search finished: 11/26/23, 2:38 PM
  running jpf with args:
JavaPathfinder core system v8.0 (rev 1a704e1d6c3d92178504f8cdfe57b068b4e22d9c) - (C) 2005-2014 United States Government. All rights reserved.


====================================================== system under test
java8.LambdaTest.runTestMethod()

====================================================== search started: 11/26/23, 2:38 PM
[WARNING] orphan NativePeer method: jdk.internal.misc.Unsafe.getUnsafe()Lsun/misc/Unsafe;

====================================================== results
no errors detected

====================================================== search finished: 11/26/23, 2:38 PM
  running jpf with args:
JavaPathfinder core system v8.0 (rev 1a704e1d6c3d92178504f8cdfe57b068b4e22d9c) - (C) 2005-2014 United States Government. All rights reserved.


====================================================== system under test
java8.LambdaTest.runTestMethod()

====================================================== search started: 11/26/23, 2:38 PM
[WARNING] orphan NativePeer method: jdk.internal.misc.Unsafe.getUnsafe()Lsun/misc/Unsafe;

====================================================== error 1
gov.nasa.jpf.vm.NoUncaughtExceptionsProperty
java8.LambdaTest$EnforcedException
	at java8.LambdaTest.lambda$testPassingToMethod$8(java8/LambdaTest.java:247)
	at java8.LambdaTest$10.sam
	at java8.LambdaTest.method(java8/LambdaTest.java:236)
	at java8.LambdaTest.testPassingToMethod(java8/LambdaTest.java:244)
	at java.lang.reflect.Method.invoke(gov.nasa.jpf.vm.JPF_java_lang_reflect_Method)
	at gov.nasa.jpf.util.test.TestJPF.runTestMethod(gov/nasa/jpf/util/test/TestJPF.java:648)


====================================================== snapshot #1
thread java.lang.Thread:{id:0,name:main,status:RUNNING,priority:5,isDaemon:false,lockCount:0,suspendCount:0}
  call stack:
	at gov.nasa.jpf.util.test.TestJPF.runTestMethod(TestJPF.java:650)


====================================================== results
error #1: gov.nasa.jpf.vm.NoUncaughtExceptionsProperty "java8.LambdaTest$EnforcedException  at java8.Lambd..."

====================================================== search finished: 11/26/23, 2:38 PM
  running jpf with args:
JavaPathfinder core system v8.0 (rev 1a704e1d6c3d92178504f8cdfe57b068b4e22d9c) - (C) 2005-2014 United States Government. All rights reserved.


====================================================== system under test
java8.LambdaTest.runTestMethod()

====================================================== search started: 11/26/23, 2:38 PM
[WARNING] orphan NativePeer method: jdk.internal.misc.Unsafe.getUnsafe()Lsun/misc/Unsafe;

====================================================== results
no errors detected

====================================================== search finished: 11/26/23, 2:38 PM
  running jpf with args:
JavaPathfinder core system v8.0 (rev 1a704e1d6c3d92178504f8cdfe57b068b4e22d9c) - (C) 2005-2014 United States Government. All rights reserved.


====================================================== system under test
java8.LambdaTest.runTestMethod()

====================================================== search started: 11/26/23, 2:38 PM
[WARNING] orphan NativePeer method: jdk.internal.misc.Unsafe.getUnsafe()Lsun/misc/Unsafe;

====================================================== results
no errors detected

====================================================== search finished: 11/26/23, 2:38 PM
  running jpf with args:
JavaPathfinder core system v8.0 (rev 1a704e1d6c3d92178504f8cdfe57b068b4e22d9c) - (C) 2005-2014 United States Government. All rights reserved.


====================================================== system under test
java8.LambdaTest.runTestMethod()

====================================================== search started: 11/26/23, 2:38 PM
[WARNING] orphan NativePeer method: jdk.internal.misc.Unsafe.getUnsafe()Lsun/misc/Unsafe;

====================================================== results
no errors detected

====================================================== search finished: 11/26/23, 2:38 PM
  running jpf with args:
JavaPathfinder core system v8.0 (rev 1a704e1d6c3d92178504f8cdfe57b068b4e22d9c) - (C) 2005-2014 United States Government. All rights reserved.


====================================================== system under test
java8.LambdaTest.runTestMethod()

====================================================== search started: 11/26/23, 2:38 PM
[WARNING] orphan NativePeer method: jdk.internal.misc.Unsafe.getUnsafe()Lsun/misc/Unsafe;

====================================================== results
no errors detected

====================================================== search finished: 11/26/23, 2:38 PM
  running jpf with args:
JavaPathfinder core system v8.0 (rev 1a704e1d6c3d92178504f8cdfe57b068b4e22d9c) - (C) 2005-2014 United States Government. All rights reserved.


====================================================== system under test
java8.LambdaTest.runTestMethod()

====================================================== search started: 11/26/23, 2:38 PM
[WARNING] orphan NativePeer method: jdk.internal.misc.Unsafe.getUnsafe()Lsun/misc/Unsafe;

====================================================== error 1
gov.nasa.jpf.vm.NoUncaughtExceptionsProperty
java8.LambdaTest$EnforcedException
	at java8.LambdaTest$C2.throwException(java8/LambdaTest.java:277)
	at java8.LambdaTest$12.sam
	at java8.LambdaTest.testDoubleCloneOperator(java8/LambdaTest.java:285)
	at java.lang.reflect.Method.invoke(gov.nasa.jpf.vm.JPF_java_lang_reflect_Method)
	at gov.nasa.jpf.util.test.TestJPF.runTestMethod(gov/nasa/jpf/util/test/TestJPF.java:648)


====================================================== snapshot #1
thread java.lang.Thread:{id:0,name:main,status:RUNNING,priority:5,isDaemon:false,lockCount:0,suspendCount:0}
  call stack:
	at gov.nasa.jpf.util.test.TestJPF.runTestMethod(TestJPF.java:650)


====================================================== results
error #1: gov.nasa.jpf.vm.NoUncaughtExceptionsProperty "java8.LambdaTest$EnforcedException  at java8.Lambd..."

====================================================== search finished: 11/26/23, 2:38 PM
  running jpf with args:
JavaPathfinder core system v8.0 (rev 1a704e1d6c3d92178504f8cdfe57b068b4e22d9c) - (C) 2005-2014 United States Government. All rights reserved.


====================================================== system under test
java8.LambdaTest.runTestMethod()

====================================================== search started: 11/26/23, 2:38 PM
[WARNING] orphan NativePeer method: jdk.internal.misc.Unsafe.getUnsafe()Lsun/misc/Unsafe;

====================================================== error 1
gov.nasa.jpf.vm.NoUncaughtExceptionsProperty
java8.LambdaTest$EnforcedException
	at java8.LambdaTest$A.<clinit>(java8/LambdaTest.java:292)
	at java8.LambdaTest$13.run


====================================================== snapshot #1
thread java.lang.Thread:{id:1,name:Thread-1,status:RUNNING,priority:5,isDaemon:false,lockCount:0,suspendCount:0}
  owned locks:java.lang.Class@34a
  call stack:
	at java8.LambdaTest$A.<clinit>(LambdaTest.java:292)
	at java8.LambdaTest$13.run(pc 0)


====================================================== results
error #1: gov.nasa.jpf.vm.NoUncaughtExceptionsProperty "java8.LambdaTest$EnforcedException  at java8.Lambd..."

====================================================== search finished: 11/26/23, 2:38 PM
  running jpf with args:
JavaPathfinder core system v8.0 (rev 1a704e1d6c3d92178504f8cdfe57b068b4e22d9c) - (C) 2005-2014 United States Government. All rights reserved.


====================================================== system under test
java8.LambdaTest.runTestMethod()

====================================================== search started: 11/26/23, 2:38 PM
[WARNING] orphan NativePeer method: jdk.internal.misc.Unsafe.getUnsafe()Lsun/misc/Unsafe;

====================================================== results
no errors detected

====================================================== search finished: 11/26/23, 2:38 PM
  running jpf with args:
JavaPathfinder core system v8.0 (rev 1a704e1d6c3d92178504f8cdfe57b068b4e22d9c) - (C) 2005-2014 United States Government. All rights reserved.


====================================================== system under test
java8.LambdaTest.runTestMethod()

====================================================== search started: 11/26/23, 2:38 PM
[WARNING] orphan NativePeer method: jdk.internal.misc.Unsafe.getUnsafe()Lsun/misc/Unsafe;

====================================================== results
no errors detected

====================================================== search finished: 11/26/23, 2:38 PM
  running jpf with args:
JavaPathfinder core system v8.0 (rev 1a704e1d6c3d92178504f8cdfe57b068b4e22d9c) - (C) 2005-2014 United States Government. All rights reserved.


====================================================== system under test
java8.LambdaTest.runTestMethod()

====================================================== search started: 11/26/23, 2:38 PM
[WARNING] orphan NativePeer method: jdk.internal.misc.Unsafe.getUnsafe()Lsun/misc/Unsafe;

====================================================== results
no errors detected

====================================================== search finished: 11/26/23, 2:38 PM
  running jpf with args:
JavaPathfinder core system v8.0 (rev 1a704e1d6c3d92178504f8cdfe57b068b4e22d9c) - (C) 2005-2014 United States Government. All rights reserved.


====================================================== system under test
java8.LambdaTest.runTestMethod()

====================================================== search started: 11/26/23, 2:38 PM
[WARNING] orphan NativePeer method: jdk.internal.misc.Unsafe.getUnsafe()Lsun/misc/Unsafe;

====================================================== results
no errors detected

====================================================== search finished: 11/26/23, 2:38 PM
  running jpf with args:
JavaPathfinder core system v8.0 (rev 1a704e1d6c3d92178504f8cdfe57b068b4e22d9c) - (C) 2005-2014 United States Government. All rights reserved.


====================================================== system under test
java8.LambdaTest.runTestMethod()

====================================================== search started: 11/26/23, 2:38 PM
[WARNING] orphan NativePeer method: jdk.internal.misc.Unsafe.getUnsafe()Lsun/misc/Unsafe;

====================================================== results
no errors detected

====================================================== search finished: 11/26/23, 2:38 PM
  running jpf with args:
JavaPathfinder core system v8.0 (rev 1a704e1d6c3d92178504f8cdfe57b068b4e22d9c) - (C) 2005-2014 United States Government. All rights reserved.


====================================================== system under test
java8.LambdaTest.runTestMethod()

====================================================== search started: 11/26/23, 2:38 PM
[WARNING] orphan NativePeer method: jdk.internal.misc.Unsafe.getUnsafe()Lsun/misc/Unsafe;

====================================================== error 1
gov.nasa.jpf.vm.NotDeadlockedProperty
deadlock encountered:
  thread java.lang.Thread:{id:0,name:main,status:BLOCKED,priority:5,isDaemon:false,lockCount:0,suspendCount:0}
  thread java.lang.Thread:{id:1,name:Thread-1,status:BLOCKED,priority:5,isDaemon:false,lockCount:0,suspendCount:0}


====================================================== snapshot #1
thread java.lang.Thread:{id:0,name:main,status:BLOCKED,priority:5,isDaemon:false,lockCount:0,suspendCount:0}
  owned locks:java.lang.Class@33e
  blocked on: java.lang.Class@341
  call stack:
	at java8.LambdaTest$B.<clinit>(LambdaTest.java:309)
	at java8.LambdaTest.testClinitDeadlock(LambdaTest.java:316)
	at java.lang.reflect.Method.invoke(Method.java)
	at gov.nasa.jpf.util.test.TestJPF.runTestMethod(TestJPF.java:648)

thread java.lang.Thread:{id:1,name:Thread-1,status:BLOCKED,priority:5,isDaemon:false,lockCount:0,suspendCount:0}
  owned locks:java.lang.Class@341
  blocked on: java.lang.Class@33e
  call stack:
	at java8.LambdaTest$D.<clinit>(LambdaTest.java:305)
	at java8.LambdaTest$14.run(pc 0)


====================================================== results
error #1: gov.nasa.jpf.vm.NotDeadlockedProperty "deadlock encountered:    thread java.lang.Thread:{..."

====================================================== search finished: 11/26/23, 2:38 PM
  running jpf with args:
JavaPathfinder core system v8.0 (rev 1a704e1d6c3d92178504f8cdfe57b068b4e22d9c) - (C) 2005-2014 United States Government. All rights reserved.


====================================================== system under test
java8.LambdaTest.runTestMethod()

====================================================== search started: 11/26/23, 2:38 PM
[WARNING] orphan NativePeer method: jdk.internal.misc.Unsafe.getUnsafe()Lsun/misc/Unsafe;

====================================================== results
no errors detected

====================================================== search finished: 11/26/23, 2:38 PM
  running jpf with args:
JavaPathfinder core system v8.0 (rev 1a704e1d6c3d92178504f8cdfe57b068b4e22d9c) - (C) 2005-2014 United States Government. All rights reserved.


====================================================== system under test
java8.LambdaTest.runTestMethod()

====================================================== search started: 11/26/23, 2:38 PM
[WARNING] orphan NativePeer method: jdk.internal.misc.Unsafe.getUnsafe()Lsun/misc/Unsafe;

====================================================== results
no errors detected

====================================================== search finished: 11/26/23, 2:38 PM
  running jpf with args:
JavaPathfinder core system v8.0 (rev 1a704e1d6c3d92178504f8cdfe57b068b4e22d9c) - (C) 2005-2014 United States Government. All rights reserved.


====================================================== system under test
java8.LambdaTest.runTestMethod()

====================================================== search started: 11/26/23, 2:38 PM
[WARNING] orphan NativePeer method: jdk.internal.misc.Unsafe.getUnsafe()Lsun/misc/Unsafe;

====================================================== results
no errors detected

====================================================== search finished: 11/26/23, 2:38 PM
  running jpf with args:
JavaPathfinder core system v8.0 (rev 1a704e1d6c3d92178504f8cdfe57b068b4e22d9c) - (C) 2005-2014 United States Government. All rights reserved.


====================================================== system under test
java8.LambdaTest.runTestMethod()

====================================================== search started: 11/26/23, 2:38 PM
[WARNING] orphan NativePeer method: jdk.internal.misc.Unsafe.getUnsafe()Lsun/misc/Unsafe;

====================================================== results
no errors detected

====================================================== search finished: 11/26/23, 2:38 PM
]]></system-out>
  <system-err><![CDATA[]]></system-err>
</testsuite>
