<?xml version="1.0" encoding="UTF-8"?>
<testsuite name="gov.nasa.jpf.util.json.JSONParserTest" tests="6" skipped="0" failures="0" errors="0" timestamp="2023-11-26T19:37:45" hostname="SHISHIRHP" time="0.028">
  <properties/>
  <testcase name="testArrayParse" classname="gov.nasa.jpf.util.json.JSONParserTest" time="0.011"/>
  <testcase name="testEmptyArray" classname="gov.nasa.jpf.util.json.JSONParserTest" time="0.0"/>
  <testcase name="testCGCallParsing" classname="gov.nasa.jpf.util.json.JSONParserTest" time="0.016"/>
  <testcase name="testOneLevelJSON" classname="gov.nasa.jpf.util.json.JSONParserTest" time="0.0"/>
  <testcase name="testEmptyObject" classname="gov.nasa.jpf.util.json.JSONParserTest" time="0.0"/>
  <testcase name="testIdentifacatorsParsing" classname="gov.nasa.jpf.util.json.JSONParserTest" time="0.0"/>
  <system-out><![CDATA[]]></system-out>
  <system-err><![CDATA[]]></system-err>
</testsuite>
