<?xml version="1.0" encoding="UTF-8"?>
<testsuite name="gov.nasa.jpf.test.vm.threads.ThreadTest" tests="10" skipped="0" failures="0" errors="0" timestamp="2023-11-26T19:37:27" hostname="SHISHIRHP" time="1.231">
  <properties/>
  <testcase name="testYield" classname="gov.nasa.jpf.test.vm.threads.ThreadTest" time="0.453"/>
  <testcase name="testJoin" classname="gov.nasa.jpf.test.vm.threads.ThreadTest" time="0.122"/>
  <testcase name="testMain" classname="gov.nasa.jpf.test.vm.threads.ThreadTest" time="0.093"/>
  <testcase name="testName" classname="gov.nasa.jpf.test.vm.threads.ThreadTest" time="0.115"/>
  <testcase name="testDaemonTermination" classname="gov.nasa.jpf.test.vm.threads.ThreadTest" time="0.092"/>
  <testcase name="testSimpleThreadGroup" classname="gov.nasa.jpf.test.vm.threads.ThreadTest" time="0.067"/>
  <testcase name="testPriority" classname="gov.nasa.jpf.test.vm.threads.ThreadTest" time="0.057"/>
  <testcase name="testInterrupt" classname="gov.nasa.jpf.test.vm.threads.ThreadTest" time="0.062"/>
  <testcase name="testDaemon" classname="gov.nasa.jpf.test.vm.threads.ThreadTest" time="0.081"/>
  <testcase name="testTimeoutJoin" classname="gov.nasa.jpf.test.vm.threads.ThreadTest" time="0.089"/>
  <system-out><![CDATA[  running jpf with args: +cg.threads.break_start=true +cg.threads.break_yield=true
JavaPathfinder core system v8.0 (rev 1a704e1d6c3d92178504f8cdfe57b068b4e22d9c) - (C) 2005-2014 United States Government. All rights reserved.


====================================================== system under test
gov.nasa.jpf.test.vm.threads.ThreadTest.runTestMethod()

====================================================== search started: 11/26/23, 2:37 PM
[WARNING] orphan NativePeer method: jdk.internal.misc.Unsafe.getUnsafe()Lsun/misc/Unsafe;

====================================================== results
no errors detected

====================================================== search finished: 11/26/23, 2:37 PM
  running jpf with args:
JavaPathfinder core system v8.0 (rev 1a704e1d6c3d92178504f8cdfe57b068b4e22d9c) - (C) 2005-2014 United States Government. All rights reserved.


====================================================== system under test
gov.nasa.jpf.test.vm.threads.ThreadTest.runTestMethod()

====================================================== search started: 11/26/23, 2:37 PM
[WARNING] orphan NativePeer method: jdk.internal.misc.Unsafe.getUnsafe()Lsun/misc/Unsafe;

====================================================== results
no errors detected

====================================================== search finished: 11/26/23, 2:37 PM
  running jpf with args:
JavaPathfinder core system v8.0 (rev 1a704e1d6c3d92178504f8cdfe57b068b4e22d9c) - (C) 2005-2014 United States Government. All rights reserved.


====================================================== system under test
gov.nasa.jpf.test.vm.threads.ThreadTest.runTestMethod()

====================================================== search started: 11/26/23, 2:37 PM
[WARNING] orphan NativePeer method: jdk.internal.misc.Unsafe.getUnsafe()Lsun/misc/Unsafe;

====================================================== results
no errors detected

====================================================== search finished: 11/26/23, 2:37 PM
  running jpf with args:
JavaPathfinder core system v8.0 (rev 1a704e1d6c3d92178504f8cdfe57b068b4e22d9c) - (C) 2005-2014 United States Government. All rights reserved.


====================================================== system under test
gov.nasa.jpf.test.vm.threads.ThreadTest.runTestMethod()

====================================================== search started: 11/26/23, 2:37 PM
[WARNING] orphan NativePeer method: jdk.internal.misc.Unsafe.getUnsafe()Lsun/misc/Unsafe;

====================================================== results
no errors detected

====================================================== search finished: 11/26/23, 2:37 PM
  running jpf with args: +cg.threads.break_start=true +cg.threads.break_yield=true
JavaPathfinder core system v8.0 (rev 1a704e1d6c3d92178504f8cdfe57b068b4e22d9c) - (C) 2005-2014 United States Government. All rights reserved.


====================================================== system under test
gov.nasa.jpf.test.vm.threads.ThreadTest.runTestMethod()

====================================================== search started: 11/26/23, 2:37 PM
[WARNING] orphan NativePeer method: jdk.internal.misc.Unsafe.getUnsafe()Lsun/misc/Unsafe;
main terminating
  daemon running in round: 1
  daemon running in round: 2
main terminating
main terminating
main terminating
main terminating
  daemon running in round: 1
main terminating
main terminating
main terminating
main terminating
main terminating
  daemon running in round: 2
  daemon running in round: 1
  daemon running in round: 2

====================================================== results
no errors detected

====================================================== search finished: 11/26/23, 2:37 PM
  running jpf with args:
JavaPathfinder core system v8.0 (rev 1a704e1d6c3d92178504f8cdfe57b068b4e22d9c) - (C) 2005-2014 United States Government. All rights reserved.


====================================================== system under test
gov.nasa.jpf.test.vm.threads.ThreadTest.runTestMethod()

====================================================== search started: 11/26/23, 2:37 PM
[WARNING] orphan NativePeer method: jdk.internal.misc.Unsafe.getUnsafe()Lsun/misc/Unsafe;
-- main thread started
-- t started
-- t terminated
-- main thread terminated
-- t started
-- t terminated
-- t terminated
-- t terminated
-- t terminated
-- t terminated
-- t terminated
-- t terminated
-- t terminated
-- t terminated
-- main thread terminated

====================================================== results
no errors detected

====================================================== search finished: 11/26/23, 2:37 PM
  running jpf with args:
JavaPathfinder core system v8.0 (rev 1a704e1d6c3d92178504f8cdfe57b068b4e22d9c) - (C) 2005-2014 United States Government. All rights reserved.


====================================================== system under test
gov.nasa.jpf.test.vm.threads.ThreadTest.runTestMethod()

====================================================== search started: 11/26/23, 2:37 PM
[WARNING] orphan NativePeer method: jdk.internal.misc.Unsafe.getUnsafe()Lsun/misc/Unsafe;

====================================================== results
no errors detected

====================================================== search finished: 11/26/23, 2:37 PM
  running jpf with args:
JavaPathfinder core system v8.0 (rev 1a704e1d6c3d92178504f8cdfe57b068b4e22d9c) - (C) 2005-2014 United States Government. All rights reserved.


====================================================== system under test
gov.nasa.jpf.test.vm.threads.ThreadTest.runTestMethod()

====================================================== search started: 11/26/23, 2:37 PM
[WARNING] orphan NativePeer method: jdk.internal.misc.Unsafe.getUnsafe()Lsun/misc/Unsafe;
-- t waiting
-- main thread interrupting...
-- t interrupted
-- t terminated
-- main thread terminated
-- t interrupted
-- t terminated
-- t terminated
-- main thread terminated
-- t waiting
-- main thread interrupting...
-- t waiting
-- main thread interrupting...
-- t waiting
-- main thread interrupting...

====================================================== results
no errors detected

====================================================== search finished: 11/26/23, 2:37 PM
  running jpf with args:
JavaPathfinder core system v8.0 (rev 1a704e1d6c3d92178504f8cdfe57b068b4e22d9c) - (C) 2005-2014 United States Government. All rights reserved.


====================================================== system under test
gov.nasa.jpf.test.vm.threads.ThreadTest.runTestMethod()

====================================================== search started: 11/26/23, 2:37 PM
[WARNING] orphan NativePeer method: jdk.internal.misc.Unsafe.getUnsafe()Lsun/misc/Unsafe;

====================================================== results
no errors detected

====================================================== search finished: 11/26/23, 2:37 PM
  running jpf with args:
JavaPathfinder core system v8.0 (rev 1a704e1d6c3d92178504f8cdfe57b068b4e22d9c) - (C) 2005-2014 United States Government. All rights reserved.


====================================================== system under test
gov.nasa.jpf.test.vm.threads.ThreadTest.runTestMethod()

====================================================== search started: 11/26/23, 2:37 PM
[WARNING] orphan NativePeer method: jdk.internal.misc.Unsafe.getUnsafe()Lsun/misc/Unsafe;
[main] joining..
[main] joined, t state: RUNNABLE
[t] started
[t] finished
[t] started
[t] finished
[t] started
[t] finished
[t] finished
[t] finished
[main] joined, t state: RUNNABLE
[t] started
[main] joined, t state: RUNNABLE
[t] finished
[main] joined, t state: TERMINATED
[main] joining..
[main] joined, t state: RUNNABLE
[t] started
[t] finished
[t] started
[t] started
[t] started
[main] joining..
[main] joined, t state: RUNNABLE
[main] joining..
[t] finished
[main] joining..
[main] joined, t state: TERMINATED

====================================================== results
no errors detected

====================================================== search finished: 11/26/23, 2:37 PM
]]></system-out>
  <system-err><![CDATA[]]></system-err>
</testsuite>
