<?xml version="1.0" encoding="UTF-8"?>
<testsuite name="gov.nasa.jpf.test.mc.basic.TraceTest" tests="3" skipped="0" failures="0" errors="0" timestamp="2023-11-26T19:35:48" hostname="SHISHIRHP" time="1.271">
  <properties/>
  <testcase name="testDepth" classname="gov.nasa.jpf.test.mc.basic.TraceTest" time="0.522"/>
  <testcase name="testErrorTrace" classname="gov.nasa.jpf.test.mc.basic.TraceTest" time="0.622"/>
  <testcase name="testPartialTrace" classname="gov.nasa.jpf.test.mc.basic.TraceTest" time="0.127"/>
  <system-out><![CDATA[  running jpf with args: +listener=.listener.TraceStorer +trace.file=trace +trace.depth=3 +search.depth_limit=3 gov.nasa.jpf.test.mc.basic.TraceTest baz
JavaPathfinder core system v8.0 (rev 1a704e1d6c3d92178504f8cdfe57b068b4e22d9c) - (C) 2005-2014 United States Government. All rights reserved.


====================================================== system under test
gov.nasa.jpf.test.mc.basic.TraceTest.runTestMethod("gov.nasa.jpf.test.mc.basic.TraceTest","baz")

====================================================== search started: 11/26/23, 2:35 PM
[WARNING] orphan NativePeer method: jdk.internal.misc.Unsafe.getUnsafe()Lsun/misc/Unsafe;

====================================================== results
no errors detected

====================================================== search finished: 11/26/23, 2:35 PM
  running jpf with args: +listener=.listener.ChoiceSelector +choice.use_trace=trace +search.depth_limit=3 gov.nasa.jpf.test.mc.basic.TraceTest baz
JavaPathfinder core system v8.0 (rev 1a704e1d6c3d92178504f8cdfe57b068b4e22d9c) - (C) 2005-2014 United States Government. All rights reserved.


====================================================== system under test
gov.nasa.jpf.test.mc.basic.TraceTest.runTestMethod("gov.nasa.jpf.test.mc.basic.TraceTest","baz")

====================================================== search started: 11/26/23, 2:35 PM
[WARNING] orphan NativePeer method: jdk.internal.misc.Unsafe.getUnsafe()Lsun/misc/Unsafe;

====================================================== results
no errors detected

====================================================== search finished: 11/26/23, 2:35 PM
--- creating trace
  running jpf with args: +listener=.listener.TraceStorer +trace.file=trace
JavaPathfinder core system v8.0 (rev 1a704e1d6c3d92178504f8cdfe57b068b4e22d9c) - (C) 2005-2014 United States Government. All rights reserved.


====================================================== system under test
gov.nasa.jpf.test.mc.basic.TraceTest.runTestMethod()

====================================================== search started: 11/26/23, 2:35 PM
[WARNING] orphan NativePeer method: jdk.internal.misc.Unsafe.getUnsafe()Lsun/misc/Unsafe;
0,0,0,false,0
0,0,0,false,1
0,0,0,false,2
0,0,0,false,3
0,0,0,true,0
0,0,0,true,1
0,0,0,true,2
0,0,0,true,3
0,0,1,false,0
0,0,1,false,1
0,0,1,false,2
0,0,1,false,3
0,0,1,true,0
0,0,1,true,1
0,0,1,true,2
0,0,1,true,3
0,0,2,false,0
0,0,2,false,1
0,0,2,false,2
0,0,2,false,3
0,0,2,true,0
0,0,2,true,1
0,0,2,true,2
0,0,2,true,3
0,0,3,false,0
0,0,3,false,1
0,0,3,false,2
0,0,3,false,3
0,0,3,true,0
0,0,3,true,1
0,0,3,true,2
0,0,3,true,3
0,0,4,false,0
0,0,4,false,1
0,0,4,false,2
0,0,4,false,3
0,0,4,true,0
0,0,4,true,1
0,0,4,true,2
0,0,4,true,3
0,0,5,false,0
0,0,5,false,1
0,0,5,false,2
0,0,5,false,3
0,0,5,true,0
0,0,5,true,1
0,0,5,true,2
0,0,5,true,3
0,1,0,false,0
0,1,0,false,1
0,1,0,false,2
0,1,0,false,3
0,1,0,true,0
0,1,0,true,1
0,1,0,true,2
0,1,0,true,3
0,1,1,false,0
0,1,1,false,1
0,1,1,false,2
0,1,1,false,3
0,1,1,true,0
0,1,1,true,1
0,1,1,true,2
0,1,1,true,3
0,1,2,false,0
0,1,2,false,1
0,1,2,false,2
0,1,2,false,3
0,1,2,true,0
0,1,2,true,1
0,1,2,true,2
0,1,2,true,3

====================================================== error 1
gov.nasa.jpf.vm.NoUncaughtExceptionsProperty
java.lang.AssertionError
	at gov.nasa.jpf.test.mc.basic.TraceTest.bar(gov/nasa/jpf/test/mc/basic/TraceTest.java:92)
	at java.lang.reflect.Method.invoke(gov.nasa.jpf.vm.JPF_java_lang_reflect_Method)
	at gov.nasa.jpf.util.test.TestJPF.runTestMethod(gov/nasa/jpf/util/test/TestJPF.java:648)


====================================================== snapshot #1
thread java.lang.Thread:{id:0,name:main,status:RUNNING,priority:5,isDaemon:false,lockCount:0,suspendCount:0}
  call stack:
	at gov.nasa.jpf.util.test.TestJPF.runTestMethod(TestJPF.java:650)


====================================================== results
error #1: gov.nasa.jpf.vm.NoUncaughtExceptionsProperty "java.lang.AssertionError  at gov.nasa.jpf.test.mc...."

====================================================== search finished: 11/26/23, 2:35 PM
--- replaying trace
  running jpf with args: +listener=.listener.ChoiceSelector +choice.use_trace=trace
JavaPathfinder core system v8.0 (rev 1a704e1d6c3d92178504f8cdfe57b068b4e22d9c) - (C) 2005-2014 United States Government. All rights reserved.


====================================================== system under test
gov.nasa.jpf.test.mc.basic.TraceTest.runTestMethod()

====================================================== search started: 11/26/23, 2:35 PM
[WARNING] orphan NativePeer method: jdk.internal.misc.Unsafe.getUnsafe()Lsun/misc/Unsafe;
0,1,2,true,3

====================================================== error 1
gov.nasa.jpf.vm.NoUncaughtExceptionsProperty
java.lang.AssertionError
	at gov.nasa.jpf.test.mc.basic.TraceTest.bar(gov/nasa/jpf/test/mc/basic/TraceTest.java:92)
	at java.lang.reflect.Method.invoke(gov.nasa.jpf.vm.JPF_java_lang_reflect_Method)
	at gov.nasa.jpf.util.test.TestJPF.runTestMethod(gov/nasa/jpf/util/test/TestJPF.java:648)


====================================================== snapshot #1
thread java.lang.Thread:{id:0,name:main,status:RUNNING,priority:5,isDaemon:false,lockCount:0,suspendCount:0}
  call stack:
	at gov.nasa.jpf.util.test.TestJPF.runTestMethod(TestJPF.java:650)


====================================================== results
error #1: gov.nasa.jpf.vm.NoUncaughtExceptionsProperty "java.lang.AssertionError  at gov.nasa.jpf.test.mc...."

====================================================== search finished: 11/26/23, 2:35 PM
  running jpf with args:
JavaPathfinder core system v8.0 (rev 1a704e1d6c3d92178504f8cdfe57b068b4e22d9c) - (C) 2005-2014 United States Government. All rights reserved.


====================================================== system under test
gov.nasa.jpf.test.mc.basic.TraceTest.runTestMethod()

====================================================== search started: 11/26/23, 2:35 PM
[WARNING] orphan NativePeer method: jdk.internal.misc.Unsafe.getUnsafe()Lsun/misc/Unsafe;
pre-trace choice: 0,100

====================================================== results
no errors detected

====================================================== search finished: 11/26/23, 2:35 PM
  running jpf with args: +listener=.listener.ChoiceSelector +choice.use_trace=trace
JavaPathfinder core system v8.0 (rev 1a704e1d6c3d92178504f8cdfe57b068b4e22d9c) - (C) 2005-2014 United States Government. All rights reserved.


====================================================== system under test
gov.nasa.jpf.test.mc.basic.TraceTest.runTestMethod()

====================================================== search started: 11/26/23, 2:35 PM
[WARNING] orphan NativePeer method: jdk.internal.misc.Unsafe.getUnsafe()Lsun/misc/Unsafe;
pre-trace choice: 0,100
post-trace choice: 0,100,0
post-trace choice: 0,100,1
post-trace choice: 0,100,2
post-trace choice: 0,100,3

====================================================== results
no errors detected

====================================================== search finished: 11/26/23, 2:35 PM
]]></system-out>
  <system-err><![CDATA[]]></system-err>
</testsuite>
