<?xml version="1.0" encoding="UTF-8"?>
<testsuite name="gov.nasa.jpf.test.vm.basic.EndStateTest" tests="2" skipped="0" failures="0" errors="0" timestamp="2023-11-26T19:36:44" hostname="SHISHIRHP" time="0.542">
  <properties/>
  <testcase name="testSingleThread" classname="gov.nasa.jpf.test.vm.basic.EndStateTest" time="0.42"/>
  <testcase name="testMultipleThreads" classname="gov.nasa.jpf.test.vm.basic.EndStateTest" time="0.122"/>
  <system-out><![CDATA[  running jpf with args: +listener=.test.vm.basic.EndStateListener
JavaPathfinder core system v8.0 (rev 1a704e1d6c3d92178504f8cdfe57b068b4e22d9c) - (C) 2005-2014 United States Government. All rights reserved.


====================================================== system under test
gov.nasa.jpf.test.vm.basic.EndStateTest.runTestMethod()

====================================================== search started: 11/26/23, 2:36 PM
[WARNING] orphan NativePeer method: jdk.internal.misc.Unsafe.getUnsafe()Lsun/misc/Unsafe;
** this is testSingleThread - it should succeed

====================================================== results
no errors detected

====================================================== search finished: 11/26/23, 2:36 PM
  running jpf with args: +listener=.test.vm.basic.EndStateListener
JavaPathfinder core system v8.0 (rev 1a704e1d6c3d92178504f8cdfe57b068b4e22d9c) - (C) 2005-2014 United States Government. All rights reserved.


====================================================== system under test
gov.nasa.jpf.test.vm.basic.EndStateTest.runTestMethod()

====================================================== search started: 11/26/23, 2:36 PM
[WARNING] orphan NativePeer method: jdk.internal.misc.Unsafe.getUnsafe()Lsun/misc/Unsafe;
** this is testMultipleThreads - it should succeed
** this is thread main terminating
** this is Thread-1 terminating
** this is thread main terminating
** this is Thread-1 terminating
** this is Thread-1 terminating
** this is thread main terminating
** this is Thread-1 terminating
** this is thread main terminating

====================================================== results
no errors detected

====================================================== search finished: 11/26/23, 2:36 PM
]]></system-out>
  <system-err><![CDATA[]]></system-err>
</testsuite>
