<?xml version="1.0" encoding="UTF-8"?>
<testsuite name="gov.nasa.jpf.test.mc.data.TypedObjectChoiceTest" tests="4" skipped="0" failures="0" errors="0" timestamp="2023-11-26T19:36:11" hostname="SHISHIRHP" time="0.764">
  <properties/>
  <testcase name="testNoCG" classname="gov.nasa.jpf.test.mc.data.TypedObjectChoiceTest" time="0.452"/>
  <testcase name="testMultipleObjects" classname="gov.nasa.jpf.test.mc.data.TypedObjectChoiceTest" time="0.12"/>
  <testcase name="testNoObject" classname="gov.nasa.jpf.test.mc.data.TypedObjectChoiceTest" time="0.096"/>
  <testcase name="testObject" classname="gov.nasa.jpf.test.mc.data.TypedObjectChoiceTest" time="0.096"/>
  <system-out><![CDATA[  running jpf with args: +mycg.class=gov.nasa.jpf.vm.choice.TypedObjectChoice +mycg.include_null=false +mycg.type=gov.nasa.jpf.test.mc.data.TypedObjectChoiceTest$A
JavaPathfinder core system v8.0 (rev 1a704e1d6c3d92178504f8cdfe57b068b4e22d9c) - (C) 2005-2014 United States Government. All rights reserved.


====================================================== system under test
gov.nasa.jpf.test.mc.data.TypedObjectChoiceTest.runTestMethod()

====================================================== search started: 11/26/23, 2:36 PM
[WARNING] orphan NativePeer method: jdk.internal.misc.Unsafe.getUnsafe()Lsun/misc/Unsafe;
got object: null

====================================================== results
no errors detected

====================================================== search finished: 11/26/23, 2:36 PM
  running jpf with args: +mycg.class=gov.nasa.jpf.vm.choice.TypedObjectChoice +mycg.include_null=false +mycg.type=gov.nasa.jpf.test.mc.data.TypedObjectChoiceTest$A
JavaPathfinder core system v8.0 (rev 1a704e1d6c3d92178504f8cdfe57b068b4e22d9c) - (C) 2005-2014 United States Government. All rights reserved.


====================================================== system under test
gov.nasa.jpf.test.mc.data.TypedObjectChoiceTest.runTestMethod()

====================================================== search started: 11/26/23, 2:36 PM
[WARNING] orphan NativePeer method: jdk.internal.misc.Unsafe.getUnsafe()Lsun/misc/Unsafe;
got object: A(1)
got object: A(2)

====================================================== results
no errors detected

====================================================== search finished: 11/26/23, 2:36 PM
  running jpf with args: +mycg.class=gov.nasa.jpf.vm.choice.TypedObjectChoice +mycg.include_null=true +mycg.type=gov.nasa.jpf.test.mc.data.TypedObjectChoiceTest$A
JavaPathfinder core system v8.0 (rev 1a704e1d6c3d92178504f8cdfe57b068b4e22d9c) - (C) 2005-2014 United States Government. All rights reserved.


====================================================== system under test
gov.nasa.jpf.test.mc.data.TypedObjectChoiceTest.runTestMethod()

====================================================== search started: 11/26/23, 2:36 PM
[WARNING] orphan NativePeer method: jdk.internal.misc.Unsafe.getUnsafe()Lsun/misc/Unsafe;
got object: null

====================================================== results
no errors detected

====================================================== search finished: 11/26/23, 2:36 PM
  running jpf with args: +mycg.class=gov.nasa.jpf.vm.choice.TypedObjectChoice +mycg.include_null=false +mycg.type=gov.nasa.jpf.test.mc.data.TypedObjectChoiceTest$A
JavaPathfinder core system v8.0 (rev 1a704e1d6c3d92178504f8cdfe57b068b4e22d9c) - (C) 2005-2014 United States Government. All rights reserved.


====================================================== system under test
gov.nasa.jpf.test.mc.data.TypedObjectChoiceTest.runTestMethod()

====================================================== search started: 11/26/23, 2:36 PM
[WARNING] orphan NativePeer method: jdk.internal.misc.Unsafe.getUnsafe()Lsun/misc/Unsafe;
got object: A(42)

====================================================== results
no errors detected

====================================================== search finished: 11/26/23, 2:36 PM
]]></system-out>
  <system-err><![CDATA[]]></system-err>
</testsuite>
