<?xml version="1.0" encoding="UTF-8"?>
<testsuite name="gov.nasa.jpf.test.vm.basic.AnnotationDefaultValueReflectionTest" tests="24" skipped="0" failures="0" errors="0" timestamp="2023-11-26T19:36:29" hostname="SHISHIRHP" time="1.911">
  <properties/>
  <testcase name="testBooleanAttributeDefaultValue" classname="gov.nasa.jpf.test.vm.basic.AnnotationDefaultValueReflectionTest" time="0.427"/>
  <testcase name="testLongAttributeDefaultValue" classname="gov.nasa.jpf.test.vm.basic.AnnotationDefaultValueReflectionTest" time="0.103"/>
  <testcase name="testLongArrayAttributeDefaultValue" classname="gov.nasa.jpf.test.vm.basic.AnnotationDefaultValueReflectionTest" time="0.117"/>
  <testcase name="testIntArrayAttributeDefaultValue" classname="gov.nasa.jpf.test.vm.basic.AnnotationDefaultValueReflectionTest" time="0.109"/>
  <testcase name="testBooleanArrayAttributeDefaultValue" classname="gov.nasa.jpf.test.vm.basic.AnnotationDefaultValueReflectionTest" time="0.077"/>
  <testcase name="testCharArrayAttributeDefaultValue" classname="gov.nasa.jpf.test.vm.basic.AnnotationDefaultValueReflectionTest" time="0.061"/>
  <testcase name="testStringAttributeDefaultValue" classname="gov.nasa.jpf.test.vm.basic.AnnotationDefaultValueReflectionTest" time="0.054"/>
  <testcase name="testEnumConstsArrayAttributeDefaultValue" classname="gov.nasa.jpf.test.vm.basic.AnnotationDefaultValueReflectionTest" time="0.063"/>
  <testcase name="testEnumConstsAttributeDefaultValue" classname="gov.nasa.jpf.test.vm.basic.AnnotationDefaultValueReflectionTest" time="0.061"/>
  <testcase name="testIntAttributeDefaultValue" classname="gov.nasa.jpf.test.vm.basic.AnnotationDefaultValueReflectionTest" time="0.107"/>
  <testcase name="testByteAttributeDefaultValue" classname="gov.nasa.jpf.test.vm.basic.AnnotationDefaultValueReflectionTest" time="0.065"/>
  <testcase name="testClassAttributeDefaultValue" classname="gov.nasa.jpf.test.vm.basic.AnnotationDefaultValueReflectionTest" time="0.044"/>
  <testcase name="testCharAttributeDefaultValue" classname="gov.nasa.jpf.test.vm.basic.AnnotationDefaultValueReflectionTest" time="0.054"/>
  <testcase name="testShortAttributeDefaultValue" classname="gov.nasa.jpf.test.vm.basic.AnnotationDefaultValueReflectionTest" time="0.056"/>
  <testcase name="testFloatArrayAttributeDefaultValue" classname="gov.nasa.jpf.test.vm.basic.AnnotationDefaultValueReflectionTest" time="0.058"/>
  <testcase name="testNoDefaultValue" classname="gov.nasa.jpf.test.vm.basic.AnnotationDefaultValueReflectionTest" time="0.001"/>
  <testcase name="testFloatAttributeDefaultValue" classname="gov.nasa.jpf.test.vm.basic.AnnotationDefaultValueReflectionTest" time="0.064"/>
  <testcase name="testShortArrayAttributeDefaultValue" classname="gov.nasa.jpf.test.vm.basic.AnnotationDefaultValueReflectionTest" time="0.081"/>
  <testcase name="testStringArrayAttributeDefaultValue" classname="gov.nasa.jpf.test.vm.basic.AnnotationDefaultValueReflectionTest" time="0.062"/>
  <testcase name="testClassArrayAttributeDefaultValue" classname="gov.nasa.jpf.test.vm.basic.AnnotationDefaultValueReflectionTest" time="0.049"/>
  <testcase name="testDoubleArrayAttributeDefaultValue" classname="gov.nasa.jpf.test.vm.basic.AnnotationDefaultValueReflectionTest" time="0.052"/>
  <testcase name="testAnnotationAttributeDefaultValue" classname="gov.nasa.jpf.test.vm.basic.AnnotationDefaultValueReflectionTest" time="0.058"/>
  <testcase name="testByteArrayAttributeDefaultValue" classname="gov.nasa.jpf.test.vm.basic.AnnotationDefaultValueReflectionTest" time="0.045"/>
  <testcase name="testDoubleAttributeDefaultValue" classname="gov.nasa.jpf.test.vm.basic.AnnotationDefaultValueReflectionTest" time="0.039"/>
  <system-out><![CDATA[  running jpf with args:
JavaPathfinder core system v8.0 (rev 1a704e1d6c3d92178504f8cdfe57b068b4e22d9c) - (C) 2005-2014 United States Government. All rights reserved.


====================================================== system under test
gov.nasa.jpf.test.vm.basic.AnnotationDefaultValueReflectionTest.runTestMethod()

====================================================== search started: 11/26/23, 2:36 PM
[WARNING] orphan NativePeer method: jdk.internal.misc.Unsafe.getUnsafe()Lsun/misc/Unsafe;

====================================================== results
no errors detected

====================================================== search finished: 11/26/23, 2:36 PM
  running jpf with args:
JavaPathfinder core system v8.0 (rev 1a704e1d6c3d92178504f8cdfe57b068b4e22d9c) - (C) 2005-2014 United States Government. All rights reserved.


====================================================== system under test
gov.nasa.jpf.test.vm.basic.AnnotationDefaultValueReflectionTest.runTestMethod()

====================================================== search started: 11/26/23, 2:36 PM
[WARNING] orphan NativePeer method: jdk.internal.misc.Unsafe.getUnsafe()Lsun/misc/Unsafe;

====================================================== results
no errors detected

====================================================== search finished: 11/26/23, 2:36 PM
  running jpf with args:
JavaPathfinder core system v8.0 (rev 1a704e1d6c3d92178504f8cdfe57b068b4e22d9c) - (C) 2005-2014 United States Government. All rights reserved.


====================================================== system under test
gov.nasa.jpf.test.vm.basic.AnnotationDefaultValueReflectionTest.runTestMethod()

====================================================== search started: 11/26/23, 2:36 PM
[WARNING] orphan NativePeer method: jdk.internal.misc.Unsafe.getUnsafe()Lsun/misc/Unsafe;

====================================================== results
no errors detected

====================================================== search finished: 11/26/23, 2:36 PM
  running jpf with args:
JavaPathfinder core system v8.0 (rev 1a704e1d6c3d92178504f8cdfe57b068b4e22d9c) - (C) 2005-2014 United States Government. All rights reserved.


====================================================== system under test
gov.nasa.jpf.test.vm.basic.AnnotationDefaultValueReflectionTest.runTestMethod()

====================================================== search started: 11/26/23, 2:36 PM
[WARNING] orphan NativePeer method: jdk.internal.misc.Unsafe.getUnsafe()Lsun/misc/Unsafe;

====================================================== results
no errors detected

====================================================== search finished: 11/26/23, 2:36 PM
  running jpf with args:
JavaPathfinder core system v8.0 (rev 1a704e1d6c3d92178504f8cdfe57b068b4e22d9c) - (C) 2005-2014 United States Government. All rights reserved.


====================================================== system under test
gov.nasa.jpf.test.vm.basic.AnnotationDefaultValueReflectionTest.runTestMethod()

====================================================== search started: 11/26/23, 2:36 PM
[WARNING] orphan NativePeer method: jdk.internal.misc.Unsafe.getUnsafe()Lsun/misc/Unsafe;

====================================================== results
no errors detected

====================================================== search finished: 11/26/23, 2:36 PM
  running jpf with args:
JavaPathfinder core system v8.0 (rev 1a704e1d6c3d92178504f8cdfe57b068b4e22d9c) - (C) 2005-2014 United States Government. All rights reserved.


====================================================== system under test
gov.nasa.jpf.test.vm.basic.AnnotationDefaultValueReflectionTest.runTestMethod()

====================================================== search started: 11/26/23, 2:36 PM
[WARNING] orphan NativePeer method: jdk.internal.misc.Unsafe.getUnsafe()Lsun/misc/Unsafe;

====================================================== results
no errors detected

====================================================== search finished: 11/26/23, 2:36 PM
  running jpf with args:
JavaPathfinder core system v8.0 (rev 1a704e1d6c3d92178504f8cdfe57b068b4e22d9c) - (C) 2005-2014 United States Government. All rights reserved.


====================================================== system under test
gov.nasa.jpf.test.vm.basic.AnnotationDefaultValueReflectionTest.runTestMethod()

====================================================== search started: 11/26/23, 2:36 PM
[WARNING] orphan NativePeer method: jdk.internal.misc.Unsafe.getUnsafe()Lsun/misc/Unsafe;

====================================================== results
no errors detected

====================================================== search finished: 11/26/23, 2:36 PM
  running jpf with args:
JavaPathfinder core system v8.0 (rev 1a704e1d6c3d92178504f8cdfe57b068b4e22d9c) - (C) 2005-2014 United States Government. All rights reserved.


====================================================== system under test
gov.nasa.jpf.test.vm.basic.AnnotationDefaultValueReflectionTest.runTestMethod()

====================================================== search started: 11/26/23, 2:36 PM
[WARNING] orphan NativePeer method: jdk.internal.misc.Unsafe.getUnsafe()Lsun/misc/Unsafe;

====================================================== results
no errors detected

====================================================== search finished: 11/26/23, 2:36 PM
  running jpf with args:
JavaPathfinder core system v8.0 (rev 1a704e1d6c3d92178504f8cdfe57b068b4e22d9c) - (C) 2005-2014 United States Government. All rights reserved.


====================================================== system under test
gov.nasa.jpf.test.vm.basic.AnnotationDefaultValueReflectionTest.runTestMethod()

====================================================== search started: 11/26/23, 2:36 PM
[WARNING] orphan NativePeer method: jdk.internal.misc.Unsafe.getUnsafe()Lsun/misc/Unsafe;

====================================================== results
no errors detected

====================================================== search finished: 11/26/23, 2:36 PM
  running jpf with args:
JavaPathfinder core system v8.0 (rev 1a704e1d6c3d92178504f8cdfe57b068b4e22d9c) - (C) 2005-2014 United States Government. All rights reserved.


====================================================== system under test
gov.nasa.jpf.test.vm.basic.AnnotationDefaultValueReflectionTest.runTestMethod()

====================================================== search started: 11/26/23, 2:36 PM
[WARNING] orphan NativePeer method: jdk.internal.misc.Unsafe.getUnsafe()Lsun/misc/Unsafe;

====================================================== results
no errors detected

====================================================== search finished: 11/26/23, 2:36 PM
  running jpf with args:
JavaPathfinder core system v8.0 (rev 1a704e1d6c3d92178504f8cdfe57b068b4e22d9c) - (C) 2005-2014 United States Government. All rights reserved.


====================================================== system under test
gov.nasa.jpf.test.vm.basic.AnnotationDefaultValueReflectionTest.runTestMethod()

====================================================== search started: 11/26/23, 2:36 PM
[WARNING] orphan NativePeer method: jdk.internal.misc.Unsafe.getUnsafe()Lsun/misc/Unsafe;

====================================================== results
no errors detected

====================================================== search finished: 11/26/23, 2:36 PM
  running jpf with args:
JavaPathfinder core system v8.0 (rev 1a704e1d6c3d92178504f8cdfe57b068b4e22d9c) - (C) 2005-2014 United States Government. All rights reserved.


====================================================== system under test
gov.nasa.jpf.test.vm.basic.AnnotationDefaultValueReflectionTest.runTestMethod()

====================================================== search started: 11/26/23, 2:36 PM
[WARNING] orphan NativePeer method: jdk.internal.misc.Unsafe.getUnsafe()Lsun/misc/Unsafe;

====================================================== results
no errors detected

====================================================== search finished: 11/26/23, 2:36 PM
  running jpf with args:
JavaPathfinder core system v8.0 (rev 1a704e1d6c3d92178504f8cdfe57b068b4e22d9c) - (C) 2005-2014 United States Government. All rights reserved.


====================================================== system under test
gov.nasa.jpf.test.vm.basic.AnnotationDefaultValueReflectionTest.runTestMethod()

====================================================== search started: 11/26/23, 2:36 PM
[WARNING] orphan NativePeer method: jdk.internal.misc.Unsafe.getUnsafe()Lsun/misc/Unsafe;

====================================================== results
no errors detected

====================================================== search finished: 11/26/23, 2:36 PM
  running jpf with args:
JavaPathfinder core system v8.0 (rev 1a704e1d6c3d92178504f8cdfe57b068b4e22d9c) - (C) 2005-2014 United States Government. All rights reserved.


====================================================== system under test
gov.nasa.jpf.test.vm.basic.AnnotationDefaultValueReflectionTest.runTestMethod()

====================================================== search started: 11/26/23, 2:36 PM
[WARNING] orphan NativePeer method: jdk.internal.misc.Unsafe.getUnsafe()Lsun/misc/Unsafe;

====================================================== results
no errors detected

====================================================== search finished: 11/26/23, 2:36 PM
  running jpf with args:
JavaPathfinder core system v8.0 (rev 1a704e1d6c3d92178504f8cdfe57b068b4e22d9c) - (C) 2005-2014 United States Government. All rights reserved.


====================================================== system under test
gov.nasa.jpf.test.vm.basic.AnnotationDefaultValueReflectionTest.runTestMethod()

====================================================== search started: 11/26/23, 2:36 PM
[WARNING] orphan NativePeer method: jdk.internal.misc.Unsafe.getUnsafe()Lsun/misc/Unsafe;

====================================================== results
no errors detected

====================================================== search finished: 11/26/23, 2:36 PM
  running jpf with args:
JavaPathfinder core system v8.0 (rev 1a704e1d6c3d92178504f8cdfe57b068b4e22d9c) - (C) 2005-2014 United States Government. All rights reserved.


====================================================== system under test
gov.nasa.jpf.test.vm.basic.AnnotationDefaultValueReflectionTest.runTestMethod()

====================================================== search started: 11/26/23, 2:36 PM
[WARNING] orphan NativePeer method: jdk.internal.misc.Unsafe.getUnsafe()Lsun/misc/Unsafe;

====================================================== results
no errors detected

====================================================== search finished: 11/26/23, 2:36 PM
  running jpf with args:
JavaPathfinder core system v8.0 (rev 1a704e1d6c3d92178504f8cdfe57b068b4e22d9c) - (C) 2005-2014 United States Government. All rights reserved.


====================================================== system under test
gov.nasa.jpf.test.vm.basic.AnnotationDefaultValueReflectionTest.runTestMethod()

====================================================== search started: 11/26/23, 2:36 PM
[WARNING] orphan NativePeer method: jdk.internal.misc.Unsafe.getUnsafe()Lsun/misc/Unsafe;

====================================================== results
no errors detected

====================================================== search finished: 11/26/23, 2:36 PM
  running jpf with args:
JavaPathfinder core system v8.0 (rev 1a704e1d6c3d92178504f8cdfe57b068b4e22d9c) - (C) 2005-2014 United States Government. All rights reserved.


====================================================== system under test
gov.nasa.jpf.test.vm.basic.AnnotationDefaultValueReflectionTest.runTestMethod()

====================================================== search started: 11/26/23, 2:36 PM
[WARNING] orphan NativePeer method: jdk.internal.misc.Unsafe.getUnsafe()Lsun/misc/Unsafe;

====================================================== results
no errors detected

====================================================== search finished: 11/26/23, 2:36 PM
  running jpf with args:
JavaPathfinder core system v8.0 (rev 1a704e1d6c3d92178504f8cdfe57b068b4e22d9c) - (C) 2005-2014 United States Government. All rights reserved.


====================================================== system under test
gov.nasa.jpf.test.vm.basic.AnnotationDefaultValueReflectionTest.runTestMethod()

====================================================== search started: 11/26/23, 2:36 PM
[WARNING] orphan NativePeer method: jdk.internal.misc.Unsafe.getUnsafe()Lsun/misc/Unsafe;

====================================================== results
no errors detected

====================================================== search finished: 11/26/23, 2:36 PM
  running jpf with args:
JavaPathfinder core system v8.0 (rev 1a704e1d6c3d92178504f8cdfe57b068b4e22d9c) - (C) 2005-2014 United States Government. All rights reserved.


====================================================== system under test
gov.nasa.jpf.test.vm.basic.AnnotationDefaultValueReflectionTest.runTestMethod()

====================================================== search started: 11/26/23, 2:36 PM
[WARNING] orphan NativePeer method: jdk.internal.misc.Unsafe.getUnsafe()Lsun/misc/Unsafe;

====================================================== results
no errors detected

====================================================== search finished: 11/26/23, 2:36 PM
  running jpf with args:
JavaPathfinder core system v8.0 (rev 1a704e1d6c3d92178504f8cdfe57b068b4e22d9c) - (C) 2005-2014 United States Government. All rights reserved.


====================================================== system under test
gov.nasa.jpf.test.vm.basic.AnnotationDefaultValueReflectionTest.runTestMethod()

====================================================== search started: 11/26/23, 2:36 PM
[WARNING] orphan NativePeer method: jdk.internal.misc.Unsafe.getUnsafe()Lsun/misc/Unsafe;

====================================================== results
no errors detected

====================================================== search finished: 11/26/23, 2:36 PM
  running jpf with args:
JavaPathfinder core system v8.0 (rev 1a704e1d6c3d92178504f8cdfe57b068b4e22d9c) - (C) 2005-2014 United States Government. All rights reserved.


====================================================== system under test
gov.nasa.jpf.test.vm.basic.AnnotationDefaultValueReflectionTest.runTestMethod()

====================================================== search started: 11/26/23, 2:36 PM
[WARNING] orphan NativePeer method: jdk.internal.misc.Unsafe.getUnsafe()Lsun/misc/Unsafe;

====================================================== results
no errors detected

====================================================== search finished: 11/26/23, 2:36 PM
  running jpf with args:
JavaPathfinder core system v8.0 (rev 1a704e1d6c3d92178504f8cdfe57b068b4e22d9c) - (C) 2005-2014 United States Government. All rights reserved.


====================================================== system under test
gov.nasa.jpf.test.vm.basic.AnnotationDefaultValueReflectionTest.runTestMethod()

====================================================== search started: 11/26/23, 2:36 PM
[WARNING] orphan NativePeer method: jdk.internal.misc.Unsafe.getUnsafe()Lsun/misc/Unsafe;

====================================================== results
no errors detected

====================================================== search finished: 11/26/23, 2:36 PM
]]></system-out>
  <system-err><![CDATA[]]></system-err>
</testsuite>
