<?xml version="1.0" encoding="UTF-8"?>
<testsuite name="gov.nasa.jpf.vm.ClassLoaderInfoTest" tests="1" skipped="0" failures="0" errors="0" timestamp="2023-11-26T19:37:46" hostname="SHISHIRHP" time="0.337">
  <properties/>
  <testcase name="testSystemClassLoader" classname="gov.nasa.jpf.vm.ClassLoaderInfoTest" time="0.337"/>
  <system-out><![CDATA[]]></system-out>
  <system-err><![CDATA[]]></system-err>
</testsuite>
