<?xml version="1.0" encoding="UTF-8"?>
<testsuite name="gov.nasa.jpf.util.SparseIntVectorTest" tests="2" skipped="0" failures="0" errors="0" timestamp="2023-11-26T19:37:42" hostname="SHISHIRHP" time="0.006">
  <properties/>
  <testcase name="testSnapshot" classname="gov.nasa.jpf.util.SparseIntVectorTest" time="0.006"/>
  <testcase name="testSetGet" classname="gov.nasa.jpf.util.SparseIntVectorTest" time="0.0"/>
  <system-out><![CDATA[]]></system-out>
  <system-err><![CDATA[]]></system-err>
</testsuite>
