<?xml version="1.0" encoding="UTF-8"?>
<testsuite name="gov.nasa.jpf.vm.choice.IntChoiceFromSetTest" tests="3" skipped="0" failures="0" errors="0" timestamp="2023-11-26T19:37:50" hostname="SHISHIRHP" time="0.013">
  <properties/>
  <testcase name="testSetWithDuplicates2" classname="gov.nasa.jpf.vm.choice.IntChoiceFromSetTest" time="0.012"/>
  <testcase name="testSetWithOutDuplicates" classname="gov.nasa.jpf.vm.choice.IntChoiceFromSetTest" time="0.0"/>
  <testcase name="testSetWithDuplicates" classname="gov.nasa.jpf.vm.choice.IntChoiceFromSetTest" time="0.0"/>
  <system-out><![CDATA[]]></system-out>
  <system-err><![CDATA[]]></system-err>
</testsuite>
