<?xml version="1.0" encoding="UTF-8"?>
<testsuite name="gov.nasa.jpf.vm.AllocationTest" tests="1" skipped="0" failures="0" errors="0" timestamp="2023-11-26T19:37:45" hostname="SHISHIRHP" time="0.005">
  <properties/>
  <testcase name="testEqualsHashCollisionSameContext" classname="gov.nasa.jpf.vm.AllocationTest" time="0.005"/>
  <system-out><![CDATA[]]></system-out>
  <system-err><![CDATA[]]></system-err>
</testsuite>
