<?xml version="1.0" encoding="UTF-8"?>
<testsuite name="gov.nasa.jpf.test.java.lang.ClassLoaderTest" tests="17" skipped="0" failures="0" errors="0" timestamp="2023-11-26T19:34:39" hostname="SHISHIRHP" time="1.823">
  <properties/>
  <testcase name="testGetResourceAsStream" classname="gov.nasa.jpf.test.java.lang.ClassLoaderTest" time="0.708"/>
  <testcase name="testLoadClassClassNotFoundException" classname="gov.nasa.jpf.test.java.lang.ClassLoaderTest" time="0.112"/>
  <testcase name="testDefineClassError" classname="gov.nasa.jpf.test.java.lang.ClassLoaderTest" time="0.116"/>
  <testcase name="testLoadClass2" classname="gov.nasa.jpf.test.java.lang.ClassLoaderTest" time="0.065"/>
  <testcase name="testDefineClassInstanceOf" classname="gov.nasa.jpf.test.java.lang.ClassLoaderTest" time="0.079"/>
  <testcase name="testGetResources" classname="gov.nasa.jpf.test.java.lang.ClassLoaderTest" time="0.079"/>
  <testcase name="testGetSystemResourceAsStream" classname="gov.nasa.jpf.test.java.lang.ClassLoaderTest" time="0.095"/>
  <testcase name="testGetParent2" classname="gov.nasa.jpf.test.java.lang.ClassLoaderTest" time="0.075"/>
  <testcase name="testLoadClassNoClassDefFoundError" classname="gov.nasa.jpf.test.java.lang.ClassLoaderTest" time="0.054"/>
  <testcase name="testGetSystemResource" classname="gov.nasa.jpf.test.java.lang.ClassLoaderTest" time="0.063"/>
  <testcase name="testGetSystemResources" classname="gov.nasa.jpf.test.java.lang.ClassLoaderTest" time="0.065"/>
  <testcase name="testFoundResources" classname="gov.nasa.jpf.test.java.lang.ClassLoaderTest" time="0.066"/>
  <testcase name="testGetSystemClassLoader" classname="gov.nasa.jpf.test.java.lang.ClassLoaderTest" time="0.038"/>
  <testcase name="testGetResource" classname="gov.nasa.jpf.test.java.lang.ClassLoaderTest" time="0.048"/>
  <testcase name="testGetParent" classname="gov.nasa.jpf.test.java.lang.ClassLoaderTest" time="0.035"/>
  <testcase name="testLoadClass" classname="gov.nasa.jpf.test.java.lang.ClassLoaderTest" time="0.066"/>
  <testcase name="testDefineClass" classname="gov.nasa.jpf.test.java.lang.ClassLoaderTest" time="0.057"/>
  <system-out><![CDATA[  running jpf with args:
JavaPathfinder core system v8.0 (rev 1a704e1d6c3d92178504f8cdfe57b068b4e22d9c) - (C) 2005-2014 United States Government. All rights reserved.


====================================================== system under test
gov.nasa.jpf.test.java.lang.ClassLoaderTest.runTestMethod()

====================================================== search started: 11/26/23, 2:34 PM
[WARNING] orphan NativePeer method: jdk.internal.misc.Unsafe.getUnsafe()Lsun/misc/Unsafe;

====================================================== results
no errors detected

====================================================== search finished: 11/26/23, 2:34 PM
  running jpf with args:
JavaPathfinder core system v8.0 (rev 1a704e1d6c3d92178504f8cdfe57b068b4e22d9c) - (C) 2005-2014 United States Government. All rights reserved.


====================================================== system under test
gov.nasa.jpf.test.java.lang.ClassLoaderTest.runTestMethod()

====================================================== search started: 11/26/23, 2:34 PM
[WARNING] orphan NativePeer method: jdk.internal.misc.Unsafe.getUnsafe()Lsun/misc/Unsafe;

====================================================== error 1
gov.nasa.jpf.vm.NoUncaughtExceptionsProperty
java.lang.ClassNotFoundException: [Ljava.lang.Object;BeanInfo;
	at java.lang.ClassLoader.findClass(java/lang/ClassLoader.java:205)
	at java.lang.ClassLoader.loadClass(java/lang/ClassLoader.java:189)
	at gov.nasa.jpf.test.java.lang.ClassLoaderTest.testLoadClassClassNotFoundException(gov/nasa/jpf/test/java/lang/ClassLoaderTest.java:97)
	at java.lang.reflect.Method.invoke(gov.nasa.jpf.vm.JPF_java_lang_reflect_Method)
	at gov.nasa.jpf.util.test.TestJPF.runTestMethod(gov/nasa/jpf/util/test/TestJPF.java:648)


====================================================== snapshot #1
thread java.lang.Thread:{id:0,name:main,status:RUNNING,priority:5,isDaemon:false,lockCount:0,suspendCount:0}
  call stack:
	at gov.nasa.jpf.util.test.TestJPF.runTestMethod(TestJPF.java:650)


====================================================== results
error #1: gov.nasa.jpf.vm.NoUncaughtExceptionsProperty "java.lang.ClassNotFoundException: [Ljava.lang.Obje..."

====================================================== search finished: 11/26/23, 2:34 PM
  running jpf with args:
JavaPathfinder core system v8.0 (rev 1a704e1d6c3d92178504f8cdfe57b068b4e22d9c) - (C) 2005-2014 United States Government. All rights reserved.


====================================================== system under test
gov.nasa.jpf.test.java.lang.ClassLoaderTest.runTestMethod()

====================================================== search started: 11/26/23, 2:34 PM
[WARNING] orphan NativePeer method: jdk.internal.misc.Unsafe.getUnsafe()Lsun/misc/Unsafe;

====================================================== error 1
gov.nasa.jpf.vm.NoUncaughtExceptionsProperty
java.lang.LinkageError
	at java.lang.ClassLoader.defineClass0(gov.nasa.jpf.vm.JPF_java_lang_ClassLoader)
	at java.lang.ClassLoader.defineClass(java/lang/ClassLoader.java:218)
	at gov.nasa.jpf.test.java.lang.ClassLoaderTest$TestClassLoader.loadMagic(gov/nasa/jpf/test/java/lang/ClassLoaderTest.java:253)
	at gov.nasa.jpf.test.java.lang.ClassLoaderTest.testDefineClassError(gov/nasa/jpf/test/java/lang/ClassLoaderTest.java:208)
	at java.lang.reflect.Method.invoke(gov.nasa.jpf.vm.JPF_java_lang_reflect_Method)
	at gov.nasa.jpf.util.test.TestJPF.runTestMethod(gov/nasa/jpf/util/test/TestJPF.java:648)


====================================================== snapshot #1
thread java.lang.Thread:{id:0,name:main,status:RUNNING,priority:5,isDaemon:false,lockCount:0,suspendCount:0}
  call stack:
	at gov.nasa.jpf.util.test.TestJPF.runTestMethod(TestJPF.java:650)


====================================================== results
error #1: gov.nasa.jpf.vm.NoUncaughtExceptionsProperty "java.lang.LinkageError  at java.lang.ClassLoader.d..."

====================================================== search finished: 11/26/23, 2:34 PM
  running jpf with args:
JavaPathfinder core system v8.0 (rev 1a704e1d6c3d92178504f8cdfe57b068b4e22d9c) - (C) 2005-2014 United States Government. All rights reserved.


====================================================== system under test
gov.nasa.jpf.test.java.lang.ClassLoaderTest.runTestMethod()

====================================================== search started: 11/26/23, 2:34 PM
[WARNING] orphan NativePeer method: jdk.internal.misc.Unsafe.getUnsafe()Lsun/misc/Unsafe;

====================================================== results
no errors detected

====================================================== search finished: 11/26/23, 2:34 PM
  running jpf with args:
JavaPathfinder core system v8.0 (rev 1a704e1d6c3d92178504f8cdfe57b068b4e22d9c) - (C) 2005-2014 United States Government. All rights reserved.


====================================================== system under test
gov.nasa.jpf.test.java.lang.ClassLoaderTest.runTestMethod()

====================================================== search started: 11/26/23, 2:34 PM
[WARNING] orphan NativePeer method: jdk.internal.misc.Unsafe.getUnsafe()Lsun/misc/Unsafe;

====================================================== results
no errors detected

====================================================== search finished: 11/26/23, 2:34 PM
  running jpf with args:
JavaPathfinder core system v8.0 (rev 1a704e1d6c3d92178504f8cdfe57b068b4e22d9c) - (C) 2005-2014 United States Government. All rights reserved.


====================================================== system under test
gov.nasa.jpf.test.java.lang.ClassLoaderTest.runTestMethod()

====================================================== search started: 11/26/23, 2:34 PM
[WARNING] orphan NativePeer method: jdk.internal.misc.Unsafe.getUnsafe()Lsun/misc/Unsafe;

====================================================== results
no errors detected

====================================================== search finished: 11/26/23, 2:34 PM
  running jpf with args:
JavaPathfinder core system v8.0 (rev 1a704e1d6c3d92178504f8cdfe57b068b4e22d9c) - (C) 2005-2014 United States Government. All rights reserved.


====================================================== system under test
gov.nasa.jpf.test.java.lang.ClassLoaderTest.runTestMethod()

====================================================== search started: 11/26/23, 2:34 PM
[WARNING] orphan NativePeer method: jdk.internal.misc.Unsafe.getUnsafe()Lsun/misc/Unsafe;

====================================================== results
no errors detected

====================================================== search finished: 11/26/23, 2:34 PM
  running jpf with args:
JavaPathfinder core system v8.0 (rev 1a704e1d6c3d92178504f8cdfe57b068b4e22d9c) - (C) 2005-2014 United States Government. All rights reserved.


====================================================== system under test
gov.nasa.jpf.test.java.lang.ClassLoaderTest.runTestMethod()

====================================================== search started: 11/26/23, 2:34 PM
[WARNING] orphan NativePeer method: jdk.internal.misc.Unsafe.getUnsafe()Lsun/misc/Unsafe;

====================================================== results
no errors detected

====================================================== search finished: 11/26/23, 2:34 PM
  running jpf with args:
JavaPathfinder core system v8.0 (rev 1a704e1d6c3d92178504f8cdfe57b068b4e22d9c) - (C) 2005-2014 United States Government. All rights reserved.


====================================================== system under test
gov.nasa.jpf.test.java.lang.ClassLoaderTest.runTestMethod()

====================================================== search started: 11/26/23, 2:34 PM
[WARNING] orphan NativePeer method: jdk.internal.misc.Unsafe.getUnsafe()Lsun/misc/Unsafe;

====================================================== error 1
gov.nasa.jpf.vm.NoUncaughtExceptionsProperty
java.lang.NoClassDefFoundError: IllegalName: java/lang/Object
	at java.lang.ClassLoader.findSystemClass(gov.nasa.jpf.vm.JPF_java_lang_ClassLoader)
	at java.lang.ClassLoader.loadClass(java/lang/ClassLoader.java:186)
	at gov.nasa.jpf.test.java.lang.ClassLoaderTest.testLoadClassNoClassDefFoundError(gov/nasa/jpf/test/java/lang/ClassLoaderTest.java:88)
	at java.lang.reflect.Method.invoke(gov.nasa.jpf.vm.JPF_java_lang_reflect_Method)
	at gov.nasa.jpf.util.test.TestJPF.runTestMethod(gov/nasa/jpf/util/test/TestJPF.java:648)


====================================================== snapshot #1
thread java.lang.Thread:{id:0,name:main,status:RUNNING,priority:5,isDaemon:false,lockCount:0,suspendCount:0}
  call stack:
	at gov.nasa.jpf.util.test.TestJPF.runTestMethod(TestJPF.java:650)


====================================================== results
error #1: gov.nasa.jpf.vm.NoUncaughtExceptionsProperty "java.lang.NoClassDefFoundError: IllegalName: java/..."

====================================================== search finished: 11/26/23, 2:34 PM
  running jpf with args:
JavaPathfinder core system v8.0 (rev 1a704e1d6c3d92178504f8cdfe57b068b4e22d9c) - (C) 2005-2014 United States Government. All rights reserved.


====================================================== system under test
gov.nasa.jpf.test.java.lang.ClassLoaderTest.runTestMethod()

====================================================== search started: 11/26/23, 2:34 PM
[WARNING] orphan NativePeer method: jdk.internal.misc.Unsafe.getUnsafe()Lsun/misc/Unsafe;

====================================================== results
no errors detected

====================================================== search finished: 11/26/23, 2:34 PM
  running jpf with args:
JavaPathfinder core system v8.0 (rev 1a704e1d6c3d92178504f8cdfe57b068b4e22d9c) - (C) 2005-2014 United States Government. All rights reserved.


====================================================== system under test
gov.nasa.jpf.test.java.lang.ClassLoaderTest.runTestMethod()

====================================================== search started: 11/26/23, 2:34 PM
[WARNING] orphan NativePeer method: jdk.internal.misc.Unsafe.getUnsafe()Lsun/misc/Unsafe;

====================================================== results
no errors detected

====================================================== search finished: 11/26/23, 2:34 PM
  running jpf with args:
JavaPathfinder core system v8.0 (rev 1a704e1d6c3d92178504f8cdfe57b068b4e22d9c) - (C) 2005-2014 United States Government. All rights reserved.


====================================================== system under test
gov.nasa.jpf.test.java.lang.ClassLoaderTest.runTestMethod()

====================================================== search started: 11/26/23, 2:34 PM
[WARNING] orphan NativePeer method: jdk.internal.misc.Unsafe.getUnsafe()Lsun/misc/Unsafe;

====================================================== results
no errors detected

====================================================== search finished: 11/26/23, 2:34 PM
  running jpf with args:
JavaPathfinder core system v8.0 (rev 1a704e1d6c3d92178504f8cdfe57b068b4e22d9c) - (C) 2005-2014 United States Government. All rights reserved.


====================================================== system under test
gov.nasa.jpf.test.java.lang.ClassLoaderTest.runTestMethod()

====================================================== search started: 11/26/23, 2:34 PM
[WARNING] orphan NativePeer method: jdk.internal.misc.Unsafe.getUnsafe()Lsun/misc/Unsafe;

====================================================== results
no errors detected

====================================================== search finished: 11/26/23, 2:34 PM
  running jpf with args:
JavaPathfinder core system v8.0 (rev 1a704e1d6c3d92178504f8cdfe57b068b4e22d9c) - (C) 2005-2014 United States Government. All rights reserved.


====================================================== system under test
gov.nasa.jpf.test.java.lang.ClassLoaderTest.runTestMethod()

====================================================== search started: 11/26/23, 2:34 PM
[WARNING] orphan NativePeer method: jdk.internal.misc.Unsafe.getUnsafe()Lsun/misc/Unsafe;

====================================================== results
no errors detected

====================================================== search finished: 11/26/23, 2:34 PM
  running jpf with args:
JavaPathfinder core system v8.0 (rev 1a704e1d6c3d92178504f8cdfe57b068b4e22d9c) - (C) 2005-2014 United States Government. All rights reserved.


====================================================== system under test
gov.nasa.jpf.test.java.lang.ClassLoaderTest.runTestMethod()

====================================================== search started: 11/26/23, 2:34 PM
[WARNING] orphan NativePeer method: jdk.internal.misc.Unsafe.getUnsafe()Lsun/misc/Unsafe;

====================================================== results
no errors detected

====================================================== search finished: 11/26/23, 2:34 PM
  running jpf with args:
JavaPathfinder core system v8.0 (rev 1a704e1d6c3d92178504f8cdfe57b068b4e22d9c) - (C) 2005-2014 United States Government. All rights reserved.


====================================================== system under test
gov.nasa.jpf.test.java.lang.ClassLoaderTest.runTestMethod()

====================================================== search started: 11/26/23, 2:34 PM
[WARNING] orphan NativePeer method: jdk.internal.misc.Unsafe.getUnsafe()Lsun/misc/Unsafe;

====================================================== results
no errors detected

====================================================== search finished: 11/26/23, 2:34 PM
  running jpf with args:
JavaPathfinder core system v8.0 (rev 1a704e1d6c3d92178504f8cdfe57b068b4e22d9c) - (C) 2005-2014 United States Government. All rights reserved.


====================================================== system under test
gov.nasa.jpf.test.java.lang.ClassLoaderTest.runTestMethod()

====================================================== search started: 11/26/23, 2:34 PM
[WARNING] orphan NativePeer method: jdk.internal.misc.Unsafe.getUnsafe()Lsun/misc/Unsafe;

====================================================== results
no errors detected

====================================================== search finished: 11/26/23, 2:34 PM
]]></system-out>
  <system-err><![CDATA[]]></system-err>
</testsuite>
