<?xml version="1.0" encoding="UTF-8"?>
<testsuite name="gov.nasa.jpf.util.PermutationGeneratorTest" tests="5" skipped="0" failures="0" errors="0" timestamp="2023-11-26T19:37:40" hostname="SHISHIRHP" time="0.016">
  <properties/>
  <testcase name="testRandomPermutation" classname="gov.nasa.jpf.util.PermutationGeneratorTest" time="0.006"/>
  <testcase name="testUniqueRandomPermutation" classname="gov.nasa.jpf.util.PermutationGeneratorTest" time="0.005"/>
  <testcase name="testMaxUniqueRandomPermutation" classname="gov.nasa.jpf.util.PermutationGeneratorTest" time="0.001"/>
  <testcase name="testTotalPermutation" classname="gov.nasa.jpf.util.PermutationGeneratorTest" time="0.002"/>
  <testcase name="testPairPermutation" classname="gov.nasa.jpf.util.PermutationGeneratorTest" time="0.001"/>
  <system-out><![CDATA[this CAN have duplicates
 1: [0,1,2,3]
 2: [2,1,3,0]
 3: [1,2,0,3]
 4: [2,3,1,0]
 5: [1,0,2,3]
 6: [1,0,3,2]
 7: [3,2,1,0]
 8: [2,1,0,3]
 9: [0,1,3,2]
10: [0,3,1,2]
11: [0,2,3,1]
12: [3,2,0,1]
13: [2,1,3,0]
14: [0,2,1,3]
this should NOT have duplicates
 1: [0,1,2,3]
 2: [2,1,3,0]
 3: [1,2,0,3]
 4: [2,3,1,0]
 5: [1,0,2,3]
 6: [1,0,3,2]
 7: [3,2,1,0]
 8: [2,1,0,3]
 9: [0,1,3,2]
10: [0,3,1,2]
11: [0,2,3,1]
12: [3,2,0,1]
13: [0,2,1,3]
14: [1,3,2,0]
 1: [0,1,2]
 2: [2,1,0]
 3: [2,0,1]
 4: [1,2,0]
 5: [1,0,2]
 6: [0,2,1]
 1: [0,1,2,3]
 2: [1,0,2,3]
 3: [1,2,0,3]
 4: [1,2,3,0]
 5: [0,2,3,1]
 6: [2,0,3,1]
 7: [2,3,0,1]
 8: [2,3,1,0]
 9: [0,3,1,2]
10: [3,0,1,2]
11: [3,1,0,2]
12: [3,1,2,0]
13: [0,2,1,3]
14: [2,0,1,3]
15: [2,1,0,3]
16: [2,1,3,0]
17: [0,1,3,2]
18: [1,0,3,2]
19: [1,3,0,2]
20: [1,3,2,0]
21: [0,3,2,1]
22: [3,0,2,1]
23: [3,2,0,1]
24: [3,2,1,0]
 1: [0,1,2,3]
 2: [1,0,2,3]
 3: [2,1,0,3]
 4: [3,1,2,0]
 5: [0,2,1,3]
 6: [0,3,2,1]
 7: [0,1,3,2]
]]></system-out>
  <system-err><![CDATA[]]></system-err>
</testsuite>
