<?xml version="1.0" encoding="UTF-8"?>
<testsuite name="gov.nasa.jpf.test.vm.reflection.FieldVisibilityTest" tests="6" skipped="0" failures="0" errors="0" timestamp="2023-11-26T19:37:00" hostname="SHISHIRHP" time="0.788">
  <properties/>
  <testcase name="getFieldPublicTest" classname="gov.nasa.jpf.test.vm.reflection.FieldVisibilityTest" time="0.436"/>
  <testcase name="getDeclaredFieldSameClassTest" classname="gov.nasa.jpf.test.vm.reflection.FieldVisibilityTest" time="0.089"/>
  <testcase name="getFieldPackagePrivateTest" classname="gov.nasa.jpf.test.vm.reflection.FieldVisibilityTest" time="0.117"/>
  <testcase name="getFieldPrivateTest" classname="gov.nasa.jpf.test.vm.reflection.FieldVisibilityTest" time="0.069"/>
  <testcase name="getFieldProtectedTest" classname="gov.nasa.jpf.test.vm.reflection.FieldVisibilityTest" time="0.075"/>
  <testcase name="getDeclaredFieldOtherClassTest" classname="gov.nasa.jpf.test.vm.reflection.FieldVisibilityTest" time="0.001"/>
  <system-out><![CDATA[  running jpf with args:
JavaPathfinder core system v8.0 (rev 1a704e1d6c3d92178504f8cdfe57b068b4e22d9c) - (C) 2005-2014 United States Government. All rights reserved.


====================================================== system under test
gov.nasa.jpf.test.vm.reflection.FieldVisibilityTest.runTestMethod()

====================================================== search started: 11/26/23, 2:37 PM
[WARNING] orphan NativePeer method: jdk.internal.misc.Unsafe.getUnsafe()Lsun/misc/Unsafe;

====================================================== results
no errors detected

====================================================== search finished: 11/26/23, 2:37 PM
  running jpf with args:
JavaPathfinder core system v8.0 (rev 1a704e1d6c3d92178504f8cdfe57b068b4e22d9c) - (C) 2005-2014 United States Government. All rights reserved.


====================================================== system under test
gov.nasa.jpf.test.vm.reflection.FieldVisibilityTest.runTestMethod()

====================================================== search started: 11/26/23, 2:37 PM
[WARNING] orphan NativePeer method: jdk.internal.misc.Unsafe.getUnsafe()Lsun/misc/Unsafe;

====================================================== results
no errors detected

====================================================== search finished: 11/26/23, 2:37 PM
  running jpf with args:
JavaPathfinder core system v8.0 (rev 1a704e1d6c3d92178504f8cdfe57b068b4e22d9c) - (C) 2005-2014 United States Government. All rights reserved.


====================================================== system under test
gov.nasa.jpf.test.vm.reflection.FieldVisibilityTest.runTestMethod()

====================================================== search started: 11/26/23, 2:37 PM
[WARNING] orphan NativePeer method: jdk.internal.misc.Unsafe.getUnsafe()Lsun/misc/Unsafe;

====================================================== error 1
gov.nasa.jpf.vm.NoUncaughtExceptionsProperty
java.lang.NoSuchFieldException: packagePrivateField
	at java.lang.Class.getField(gov.nasa.jpf.vm.JPF_java_lang_Class)
	at gov.nasa.jpf.test.vm.reflection.FieldVisibilityTest.getFieldPackagePrivateTest(gov/nasa/jpf/test/vm/reflection/FieldVisibilityTest.java:44)
	at java.lang.reflect.Method.invoke(gov.nasa.jpf.vm.JPF_java_lang_reflect_Method)
	at gov.nasa.jpf.util.test.TestJPF.runTestMethod(gov/nasa/jpf/util/test/TestJPF.java:648)


====================================================== snapshot #1
thread java.lang.Thread:{id:0,name:main,status:RUNNING,priority:5,isDaemon:false,lockCount:0,suspendCount:0}
  call stack:
	at gov.nasa.jpf.util.test.TestJPF.runTestMethod(TestJPF.java:650)


====================================================== results
error #1: gov.nasa.jpf.vm.NoUncaughtExceptionsProperty "java.lang.NoSuchFieldException: packagePrivateFiel..."

====================================================== search finished: 11/26/23, 2:37 PM
  running jpf with args:
JavaPathfinder core system v8.0 (rev 1a704e1d6c3d92178504f8cdfe57b068b4e22d9c) - (C) 2005-2014 United States Government. All rights reserved.


====================================================== system under test
gov.nasa.jpf.test.vm.reflection.FieldVisibilityTest.runTestMethod()

====================================================== search started: 11/26/23, 2:37 PM
[WARNING] orphan NativePeer method: jdk.internal.misc.Unsafe.getUnsafe()Lsun/misc/Unsafe;

====================================================== error 1
gov.nasa.jpf.vm.NoUncaughtExceptionsProperty
java.lang.NoSuchFieldException: privateField
	at java.lang.Class.getField(gov.nasa.jpf.vm.JPF_java_lang_Class)
	at gov.nasa.jpf.test.vm.reflection.FieldVisibilityTest.getFieldPrivateTest(gov/nasa/jpf/test/vm/reflection/FieldVisibilityTest.java:51)
	at java.lang.reflect.Method.invoke(gov.nasa.jpf.vm.JPF_java_lang_reflect_Method)
	at gov.nasa.jpf.util.test.TestJPF.runTestMethod(gov/nasa/jpf/util/test/TestJPF.java:648)


====================================================== snapshot #1
thread java.lang.Thread:{id:0,name:main,status:RUNNING,priority:5,isDaemon:false,lockCount:0,suspendCount:0}
  call stack:
	at gov.nasa.jpf.util.test.TestJPF.runTestMethod(TestJPF.java:650)


====================================================== results
error #1: gov.nasa.jpf.vm.NoUncaughtExceptionsProperty "java.lang.NoSuchFieldException: privateField  at j..."

====================================================== search finished: 11/26/23, 2:37 PM
  running jpf with args:
JavaPathfinder core system v8.0 (rev 1a704e1d6c3d92178504f8cdfe57b068b4e22d9c) - (C) 2005-2014 United States Government. All rights reserved.


====================================================== system under test
gov.nasa.jpf.test.vm.reflection.FieldVisibilityTest.runTestMethod()

====================================================== search started: 11/26/23, 2:37 PM
[WARNING] orphan NativePeer method: jdk.internal.misc.Unsafe.getUnsafe()Lsun/misc/Unsafe;

====================================================== error 1
gov.nasa.jpf.vm.NoUncaughtExceptionsProperty
java.lang.NoSuchFieldException: protectedField
	at java.lang.Class.getField(gov.nasa.jpf.vm.JPF_java_lang_Class)
	at gov.nasa.jpf.test.vm.reflection.FieldVisibilityTest.getFieldProtectedTest(gov/nasa/jpf/test/vm/reflection/FieldVisibilityTest.java:37)
	at java.lang.reflect.Method.invoke(gov.nasa.jpf.vm.JPF_java_lang_reflect_Method)
	at gov.nasa.jpf.util.test.TestJPF.runTestMethod(gov/nasa/jpf/util/test/TestJPF.java:648)


====================================================== snapshot #1
thread java.lang.Thread:{id:0,name:main,status:RUNNING,priority:5,isDaemon:false,lockCount:0,suspendCount:0}
  call stack:
	at gov.nasa.jpf.util.test.TestJPF.runTestMethod(TestJPF.java:650)


====================================================== results
error #1: gov.nasa.jpf.vm.NoUncaughtExceptionsProperty "java.lang.NoSuchFieldException: protectedField  at..."

====================================================== search finished: 11/26/23, 2:37 PM
]]></system-out>
  <system-err><![CDATA[]]></system-err>
</testsuite>
