<?xml version="1.0" encoding="UTF-8"?>
<testsuite name="gov.nasa.jpf.test.mc.data.StopWatchFuzzerTest" tests="1" skipped="0" failures="0" errors="0" timestamp="2023-11-26T19:36:09" hostname="SHISHIRHP" time="0.56">
  <properties/>
  <testcase name="testPaths" classname="gov.nasa.jpf.test.mc.data.StopWatchFuzzerTest" time="0.56"/>
  <system-out><![CDATA[  running jpf with args: +listener=.listener.StopWatchFuzzer
JavaPathfinder core system v8.0 (rev 1a704e1d6c3d92178504f8cdfe57b068b4e22d9c) - (C) 2005-2014 United States Government. All rights reserved.


====================================================== system under test
gov.nasa.jpf.test.mc.data.StopWatchFuzzerTest.runTestMethod()

====================================================== search started: 11/26/23, 2:36 PM
[WARNING] orphan NativePeer method: jdk.internal.misc.Unsafe.getUnsafe()Lsun/misc/Unsafe;
some lengthy computation..
all fine, finished in time
all fine, finished in time
panic, we didn't make it in time

====================================================== results
no errors detected

====================================================== search finished: 11/26/23, 2:36 PM
]]></system-out>
  <system-err><![CDATA[]]></system-err>
</testsuite>
