<?xml version="1.0" encoding="UTF-8"?>
<testsuite name="gov.nasa.jpf.test.mc.basic.SharedPropagationTest" tests="4" skipped="0" failures="0" errors="0" timestamp="2023-11-26T19:35:42" hostname="SHISHIRHP" time="0.835">
  <properties/>
  <testcase name="testLocalRef" classname="gov.nasa.jpf.test.mc.basic.SharedPropagationTest" time="0.455"/>
  <testcase name="testHyber" classname="gov.nasa.jpf.test.mc.basic.SharedPropagationTest" time="0.128"/>
  <testcase name="testLevel1Ref" classname="gov.nasa.jpf.test.mc.basic.SharedPropagationTest" time="0.131"/>
  <testcase name="testStaticFieldPropagation" classname="gov.nasa.jpf.test.mc.basic.SharedPropagationTest" time="0.119"/>
  <system-out><![CDATA[  running jpf with args: +vm.scheduler.sharedness.class=.vm.GlobalSharednessPolicy
JavaPathfinder core system v8.0 (rev 1a704e1d6c3d92178504f8cdfe57b068b4e22d9c) - (C) 2005-2014 United States Government. All rights reserved.


====================================================== system under test
gov.nasa.jpf.test.mc.basic.SharedPropagationTest.runTestMethod()

====================================================== search started: 11/26/23, 2:35 PM
[WARNING] orphan NativePeer method: jdk.internal.misc.Unsafe.getUnsafe()Lsun/misc/Unsafe;

====================================================== error 1
gov.nasa.jpf.vm.NoUncaughtExceptionsProperty
gov.nasa.jpf.test.mc.basic.SharedPropagationTest$Gotcha
	at gov.nasa.jpf.test.mc.basic.SharedPropagationTest$T1.run(gov/nasa/jpf/test/mc/basic/SharedPropagationTest.java:58)


====================================================== snapshot #1
thread java.lang.Thread:{id:0,name:main,status:RUNNING,priority:5,isDaemon:false,lockCount:0,suspendCount:0}
  call stack:
	at gov.nasa.jpf.test.mc.basic.SharedPropagationTest$T1.main(SharedPropagationTest.java:51)
	at gov.nasa.jpf.test.mc.basic.SharedPropagationTest.testLocalRef(SharedPropagationTest.java:67)
	at java.lang.reflect.Method.invoke(Method.java)
	at gov.nasa.jpf.util.test.TestJPF.runTestMethod(TestJPF.java:648)

thread gov.nasa.jpf.test.mc.basic.SharedPropagationTest$T1:{id:1,name:Thread-1,status:RUNNING,priority:5,isDaemon:false,lockCount:0,suspendCount:0}
  call stack:
	at gov.nasa.jpf.test.mc.basic.SharedPropagationTest$T1.run(SharedPropagationTest.java:58)


====================================================== results
error #1: gov.nasa.jpf.vm.NoUncaughtExceptionsProperty "gov.nasa.jpf.test.mc.basic.SharedPropagationTest$G..."

====================================================== search finished: 11/26/23, 2:35 PM
  running jpf with args: +vm.scheduler.sharedness.class=.vm.GlobalSharednessPolicy
JavaPathfinder core system v8.0 (rev 1a704e1d6c3d92178504f8cdfe57b068b4e22d9c) - (C) 2005-2014 United States Government. All rights reserved.


====================================================== system under test
gov.nasa.jpf.test.mc.basic.SharedPropagationTest.runTestMethod()

====================================================== search started: 11/26/23, 2:35 PM
[WARNING] orphan NativePeer method: jdk.internal.misc.Unsafe.getUnsafe()Lsun/misc/Unsafe;

====================================================== error 1
gov.nasa.jpf.vm.NoUncaughtExceptionsProperty
gov.nasa.jpf.test.mc.basic.SharedPropagationTest$Gotcha
	at gov.nasa.jpf.test.mc.basic.SharedPropagationTest$Timeout.run(gov/nasa/jpf/test/mc/basic/SharedPropagationTest.java:206)


====================================================== snapshot #1
thread java.lang.Thread:{id:0,name:main,status:RUNNING,priority:5,isDaemon:false,lockCount:0,suspendCount:0}
  call stack:
	at gov.nasa.jpf.test.mc.basic.SharedPropagationTest$Hyber.main(SharedPropagationTest.java:172)
	at gov.nasa.jpf.test.mc.basic.SharedPropagationTest.testHyber(SharedPropagationTest.java:216)
	at java.lang.reflect.Method.invoke(Method.java)
	at gov.nasa.jpf.util.test.TestJPF.runTestMethod(TestJPF.java:648)

thread gov.nasa.jpf.test.mc.basic.SharedPropagationTest$Timeout:{id:1,name:Thread-1,status:RUNNING,priority:5,isDaemon:false,lockCount:0,suspendCount:0}
  call stack:
	at gov.nasa.jpf.test.mc.basic.SharedPropagationTest$Timeout.run(SharedPropagationTest.java:209)


====================================================== results
error #1: gov.nasa.jpf.vm.NoUncaughtExceptionsProperty "gov.nasa.jpf.test.mc.basic.SharedPropagationTest$G..."

====================================================== search finished: 11/26/23, 2:35 PM
  running jpf with args:
JavaPathfinder core system v8.0 (rev 1a704e1d6c3d92178504f8cdfe57b068b4e22d9c) - (C) 2005-2014 United States Government. All rights reserved.


====================================================== system under test
gov.nasa.jpf.test.mc.basic.SharedPropagationTest.runTestMethod()

====================================================== search started: 11/26/23, 2:35 PM
[WARNING] orphan NativePeer method: jdk.internal.misc.Unsafe.getUnsafe()Lsun/misc/Unsafe;

====================================================== error 1
gov.nasa.jpf.vm.NoUncaughtExceptionsProperty
gov.nasa.jpf.test.mc.basic.SharedPropagationTest$Gotcha
	at gov.nasa.jpf.test.mc.basic.SharedPropagationTest$T2.run(gov/nasa/jpf/test/mc/basic/SharedPropagationTest.java:104)


====================================================== snapshot #1
thread java.lang.Thread:{id:0,name:main,status:RUNNING,priority:5,isDaemon:false,lockCount:0,suspendCount:0}
  call stack:
	at gov.nasa.jpf.test.mc.basic.SharedPropagationTest$T2.main(SharedPropagationTest.java:97)
	at gov.nasa.jpf.test.mc.basic.SharedPropagationTest.testLevel1Ref(SharedPropagationTest.java:113)
	at java.lang.reflect.Method.invoke(Method.java)
	at gov.nasa.jpf.util.test.TestJPF.runTestMethod(TestJPF.java:648)

thread gov.nasa.jpf.test.mc.basic.SharedPropagationTest$T2:{id:1,name:Thread-1,status:RUNNING,priority:5,isDaemon:false,lockCount:0,suspendCount:0}
  call stack:
	at gov.nasa.jpf.test.mc.basic.SharedPropagationTest$T2.run(SharedPropagationTest.java:104)


====================================================== results
error #1: gov.nasa.jpf.vm.NoUncaughtExceptionsProperty "gov.nasa.jpf.test.mc.basic.SharedPropagationTest$G..."

====================================================== search finished: 11/26/23, 2:35 PM
  running jpf with args: +vm.scheduler.sharedness.class=.vm.GlobalSharednessPolicy
JavaPathfinder core system v8.0 (rev 1a704e1d6c3d92178504f8cdfe57b068b4e22d9c) - (C) 2005-2014 United States Government. All rights reserved.


====================================================== system under test
gov.nasa.jpf.test.mc.basic.SharedPropagationTest.runTestMethod()

====================================================== search started: 11/26/23, 2:35 PM
[WARNING] orphan NativePeer method: jdk.internal.misc.Unsafe.getUnsafe()Lsun/misc/Unsafe;

====================================================== error 1
gov.nasa.jpf.vm.NoUncaughtExceptionsProperty
gov.nasa.jpf.test.mc.basic.SharedPropagationTest$Gotcha
	at gov.nasa.jpf.test.mc.basic.SharedPropagationTest$T3.run(gov/nasa/jpf/test/mc/basic/SharedPropagationTest.java:149)


====================================================== snapshot #1
thread java.lang.Thread:{id:0,name:main,status:RUNNING,priority:5,isDaemon:false,lockCount:0,suspendCount:0}
  call stack:
	at gov.nasa.jpf.test.mc.basic.SharedPropagationTest$T3.main(SharedPropagationTest.java:142)
	at gov.nasa.jpf.test.mc.basic.SharedPropagationTest.testStaticFieldPropagation(SharedPropagationTest.java:158)
	at java.lang.reflect.Method.invoke(Method.java)
	at gov.nasa.jpf.util.test.TestJPF.runTestMethod(TestJPF.java:648)

thread gov.nasa.jpf.test.mc.basic.SharedPropagationTest$T3:{id:1,name:Thread-1,status:RUNNING,priority:5,isDaemon:false,lockCount:0,suspendCount:0}
  call stack:
	at gov.nasa.jpf.test.mc.basic.SharedPropagationTest$T3.run(SharedPropagationTest.java:149)


====================================================== results
error #1: gov.nasa.jpf.vm.NoUncaughtExceptionsProperty "gov.nasa.jpf.test.mc.basic.SharedPropagationTest$G..."

====================================================== search finished: 11/26/23, 2:35 PM
]]></system-out>
  <system-err><![CDATA[]]></system-err>
</testsuite>
