<?xml version="1.0" encoding="UTF-8"?>
<testsuite name="java8.DefaultMethodTest" tests="6" skipped="0" failures="0" errors="0" timestamp="2023-11-26T19:37:59" hostname="SHISHIRHP" time="0.84">
  <properties/>
  <testcase name="testInterfacePeer" classname="java8.DefaultMethodTest" time="0.431"/>
  <testcase name="testSingleMethod" classname="java8.DefaultMethodTest" time="0.096"/>
  <testcase name="testInheritedDefaultMethod" classname="java8.DefaultMethodTest" time="0.083"/>
  <testcase name="testExplicitDelegation" classname="java8.DefaultMethodTest" time="0.084"/>
  <testcase name="testMostSpecificImplementationResolution" classname="java8.DefaultMethodTest" time="0.079"/>
  <testcase name="testOverloadedDefaults" classname="java8.DefaultMethodTest" time="0.065"/>
  <system-out><![CDATA[  running jpf with args:
JavaPathfinder core system v8.0 (rev 1a704e1d6c3d92178504f8cdfe57b068b4e22d9c) - (C) 2005-2014 United States Government. All rights reserved.


====================================================== system under test
java8.DefaultMethodTest.runTestMethod()

====================================================== search started: 11/26/23, 2:37 PM
[WARNING] orphan NativePeer method: jdk.internal.misc.Unsafe.getUnsafe()Lsun/misc/Unsafe;
this is native G1.foo()

====================================================== results
no errors detected

====================================================== search finished: 11/26/23, 2:37 PM
  running jpf with args:
JavaPathfinder core system v8.0 (rev 1a704e1d6c3d92178504f8cdfe57b068b4e22d9c) - (C) 2005-2014 United States Government. All rights reserved.


====================================================== system under test
java8.DefaultMethodTest.runTestMethod()

====================================================== search started: 11/26/23, 2:37 PM
[WARNING] orphan NativePeer method: jdk.internal.misc.Unsafe.getUnsafe()Lsun/misc/Unsafe;
42

====================================================== results
no errors detected

====================================================== search finished: 11/26/23, 2:37 PM
  running jpf with args:
JavaPathfinder core system v8.0 (rev 1a704e1d6c3d92178504f8cdfe57b068b4e22d9c) - (C) 2005-2014 United States Government. All rights reserved.


====================================================== system under test
java8.DefaultMethodTest.runTestMethod()

====================================================== search started: 11/26/23, 2:37 PM
[WARNING] orphan NativePeer method: jdk.internal.misc.Unsafe.getUnsafe()Lsun/misc/Unsafe;

====================================================== results
no errors detected

====================================================== search finished: 11/26/23, 2:37 PM
  running jpf with args:
JavaPathfinder core system v8.0 (rev 1a704e1d6c3d92178504f8cdfe57b068b4e22d9c) - (C) 2005-2014 United States Government. All rights reserved.


====================================================== system under test
java8.DefaultMethodTest.runTestMethod()

====================================================== search started: 11/26/23, 2:37 PM
[WARNING] orphan NativePeer method: jdk.internal.misc.Unsafe.getUnsafe()Lsun/misc/Unsafe;
45

====================================================== results
no errors detected

====================================================== search finished: 11/26/23, 2:37 PM
  running jpf with args:
JavaPathfinder core system v8.0 (rev 1a704e1d6c3d92178504f8cdfe57b068b4e22d9c) - (C) 2005-2014 United States Government. All rights reserved.


====================================================== system under test
java8.DefaultMethodTest.runTestMethod()

====================================================== search started: 11/26/23, 2:38 PM
[WARNING] orphan NativePeer method: jdk.internal.misc.Unsafe.getUnsafe()Lsun/misc/Unsafe;

====================================================== results
no errors detected

====================================================== search finished: 11/26/23, 2:38 PM
  running jpf with args:
JavaPathfinder core system v8.0 (rev 1a704e1d6c3d92178504f8cdfe57b068b4e22d9c) - (C) 2005-2014 United States Government. All rights reserved.


====================================================== system under test
java8.DefaultMethodTest.runTestMethod()

====================================================== search started: 11/26/23, 2:38 PM
[WARNING] orphan NativePeer method: jdk.internal.misc.Unsafe.getUnsafe()Lsun/misc/Unsafe;
this is E1.foo(String,String)

====================================================== results
no errors detected

====================================================== search finished: 11/26/23, 2:38 PM
]]></system-out>
  <system-err><![CDATA[]]></system-err>
</testsuite>
