<?xml version="1.0" encoding="UTF-8"?>
<testsuite name="gov.nasa.jpf.test.mc.basic.SearchMultipleTest" tests="3" skipped="0" failures="0" errors="0" timestamp="2023-11-26T19:35:41" hostname="SHISHIRHP" time="0.678">
  <properties/>
  <testcase name="testSimpleBFS" classname="gov.nasa.jpf.test.mc.basic.SearchMultipleTest" time="0.447"/>
  <testcase name="testDeadlock" classname="gov.nasa.jpf.test.mc.basic.SearchMultipleTest" time="0.124"/>
  <testcase name="testSimple" classname="gov.nasa.jpf.test.mc.basic.SearchMultipleTest" time="0.107"/>
  <system-out><![CDATA[  running jpf with args: +search.multiple_errors +search.class=.search.heuristic.BFSHeuristic
JavaPathfinder core system v8.0 (rev 1a704e1d6c3d92178504f8cdfe57b068b4e22d9c) - (C) 2005-2014 United States Government. All rights reserved.


====================================================== system under test
gov.nasa.jpf.test.mc.basic.SearchMultipleTest.runTestMethod()

====================================================== search started: 11/26/23, 2:35 PM
[WARNING] orphan NativePeer method: jdk.internal.misc.Unsafe.getUnsafe()Lsun/misc/Unsafe;
## b = false

====================================================== error 1
gov.nasa.jpf.vm.NoUncaughtExceptionsProperty
java.lang.AssertionError: blow up here
	at gov.nasa.jpf.test.mc.basic.SearchMultipleTest.testSimpleBFS(gov/nasa/jpf/test/mc/basic/SearchMultipleTest.java:65)
	at java.lang.reflect.Method.invoke(gov.nasa.jpf.vm.JPF_java_lang_reflect_Method)
	at gov.nasa.jpf.util.test.TestJPF.runTestMethod(gov/nasa/jpf/util/test/TestJPF.java:648)


====================================================== snapshot #1
thread java.lang.Thread:{id:0,name:main,status:RUNNING,priority:5,isDaemon:false,lockCount:0,suspendCount:0}
  call stack:
	at gov.nasa.jpf.util.test.TestJPF.runTestMethod(TestJPF.java:650)

## b = true

====================================================== error 2
gov.nasa.jpf.vm.NoUncaughtExceptionsProperty
java.lang.AssertionError: blow up here
	at gov.nasa.jpf.test.mc.basic.SearchMultipleTest.testSimpleBFS(gov/nasa/jpf/test/mc/basic/SearchMultipleTest.java:65)
	at java.lang.reflect.Method.invoke(gov.nasa.jpf.vm.JPF_java_lang_reflect_Method)
	at gov.nasa.jpf.util.test.TestJPF.runTestMethod(gov/nasa/jpf/util/test/TestJPF.java:648)


====================================================== snapshot #2
thread java.lang.Thread:{id:0,name:main,status:RUNNING,priority:5,isDaemon:false,lockCount:0,suspendCount:0}
  call stack:
	at gov.nasa.jpf.util.test.TestJPF.runTestMethod(TestJPF.java:650)


====================================================== results
error #1: gov.nasa.jpf.vm.NoUncaughtExceptionsProperty "java.lang.AssertionError: blow up here  at gov.nas..."
error #2: gov.nasa.jpf.vm.NoUncaughtExceptionsProperty "java.lang.AssertionError: blow up here  at gov.nas..."

====================================================== search finished: 11/26/23, 2:35 PM
  running jpf with args: +search.multiple_errors +cg.boolean.false_first
JavaPathfinder core system v8.0 (rev 1a704e1d6c3d92178504f8cdfe57b068b4e22d9c) - (C) 2005-2014 United States Government. All rights reserved.


====================================================== system under test
gov.nasa.jpf.test.mc.basic.SearchMultipleTest.runTestMethod()

====================================================== search started: 11/26/23, 2:35 PM
[WARNING] orphan NativePeer method: jdk.internal.misc.Unsafe.getUnsafe()Lsun/misc/Unsafe;
b=false, c=false
now deadlocking

====================================================== error 1
gov.nasa.jpf.vm.NotDeadlockedProperty
deadlock encountered:
  thread java.lang.Thread:{id:0,name:main,status:WAITING,priority:5,isDaemon:false,lockCount:1,suspendCount:0}


====================================================== snapshot #1
thread java.lang.Thread:{id:0,name:main,status:WAITING,priority:5,isDaemon:false,lockCount:1,suspendCount:0}
  waiting on: java.lang.Object@21b
  call stack:
	at java.lang.Object.wait(Object.java)
	at gov.nasa.jpf.test.mc.basic.SearchMultipleTest.testDeadlock(SearchMultipleTest.java:89)
	at java.lang.reflect.Method.invoke(Method.java)
	at gov.nasa.jpf.util.test.TestJPF.runTestMethod(TestJPF.java:648)

b=false, c=true
now deadlocking

====================================================== error 2
gov.nasa.jpf.vm.NotDeadlockedProperty
deadlock encountered:
  thread java.lang.Thread:{id:0,name:main,status:WAITING,priority:5,isDaemon:false,lockCount:1,suspendCount:0}


====================================================== snapshot #2
thread java.lang.Thread:{id:0,name:main,status:WAITING,priority:5,isDaemon:false,lockCount:1,suspendCount:0}
  waiting on: java.lang.Object@21b
  call stack:
	at java.lang.Object.wait(Object.java)
	at gov.nasa.jpf.test.mc.basic.SearchMultipleTest.testDeadlock(SearchMultipleTest.java:89)
	at java.lang.reflect.Method.invoke(Method.java)
	at gov.nasa.jpf.util.test.TestJPF.runTestMethod(TestJPF.java:648)

b=true, c=false
should get here for b=true
b=true, c=true
should get here for b=true

====================================================== results
error #1: gov.nasa.jpf.vm.NotDeadlockedProperty "deadlock encountered:    thread java.lang.Thread:{..."
error #2: gov.nasa.jpf.vm.NotDeadlockedProperty "deadlock encountered:    thread java.lang.Thread:{..."

====================================================== search finished: 11/26/23, 2:35 PM
  running jpf with args: +search.multiple_errors
JavaPathfinder core system v8.0 (rev 1a704e1d6c3d92178504f8cdfe57b068b4e22d9c) - (C) 2005-2014 United States Government. All rights reserved.


====================================================== system under test
gov.nasa.jpf.test.mc.basic.SearchMultipleTest.runTestMethod()

====================================================== search started: 11/26/23, 2:35 PM
[WARNING] orphan NativePeer method: jdk.internal.misc.Unsafe.getUnsafe()Lsun/misc/Unsafe;
## b = false

====================================================== error 1
gov.nasa.jpf.vm.NoUncaughtExceptionsProperty
java.lang.AssertionError: blow up here
	at gov.nasa.jpf.test.mc.basic.SearchMultipleTest.testSimple(gov/nasa/jpf/test/mc/basic/SearchMultipleTest.java:43)
	at java.lang.reflect.Method.invoke(gov.nasa.jpf.vm.JPF_java_lang_reflect_Method)
	at gov.nasa.jpf.util.test.TestJPF.runTestMethod(gov/nasa/jpf/util/test/TestJPF.java:648)


====================================================== snapshot #1
thread java.lang.Thread:{id:0,name:main,status:RUNNING,priority:5,isDaemon:false,lockCount:0,suspendCount:0}
  call stack:
	at gov.nasa.jpf.util.test.TestJPF.runTestMethod(TestJPF.java:650)

## b = true

====================================================== error 2
gov.nasa.jpf.vm.NoUncaughtExceptionsProperty
java.lang.AssertionError: blow up here
	at gov.nasa.jpf.test.mc.basic.SearchMultipleTest.testSimple(gov/nasa/jpf/test/mc/basic/SearchMultipleTest.java:43)
	at java.lang.reflect.Method.invoke(gov.nasa.jpf.vm.JPF_java_lang_reflect_Method)
	at gov.nasa.jpf.util.test.TestJPF.runTestMethod(gov/nasa/jpf/util/test/TestJPF.java:648)


====================================================== snapshot #2
thread java.lang.Thread:{id:0,name:main,status:RUNNING,priority:5,isDaemon:false,lockCount:0,suspendCount:0}
  call stack:
	at gov.nasa.jpf.util.test.TestJPF.runTestMethod(TestJPF.java:650)


====================================================== results
error #1: gov.nasa.jpf.vm.NoUncaughtExceptionsProperty "java.lang.AssertionError: blow up here  at gov.nas..."
error #2: gov.nasa.jpf.vm.NoUncaughtExceptionsProperty "java.lang.AssertionError: blow up here  at gov.nas..."

====================================================== search finished: 11/26/23, 2:35 PM
]]></system-out>
  <system-err><![CDATA[]]></system-err>
</testsuite>
