<?xml version="1.0" encoding="UTF-8"?>
<testsuite name="gov.nasa.jpf.test.java.io.ObjectStreamTest" tests="2" skipped="0" failures="0" errors="0" timestamp="2023-11-26T19:34:35" hostname="SHISHIRHP" time="1.098">
  <properties/>
  <testcase name="testLambdaSerialization" classname="gov.nasa.jpf.test.java.io.ObjectStreamTest" time="0.788"/>
  <testcase name="testSimpleReadbackOk" classname="gov.nasa.jpf.test.java.io.ObjectStreamTest" time="0.309"/>
  <system-out><![CDATA[  running jpf with args:
JavaPathfinder core system v8.0 (rev 1a704e1d6c3d92178504f8cdfe57b068b4e22d9c) - (C) 2005-2014 United States Government. All rights reserved.


====================================================== system under test
gov.nasa.jpf.test.java.io.ObjectStreamTest.runTestMethod()

====================================================== search started: 11/26/23, 2:34 PM
[WARNING] orphan NativePeer method: jdk.internal.misc.Unsafe.getUnsafe()Lsun/misc/Unsafe;

====================================================== results
no errors detected

====================================================== search finished: 11/26/23, 2:34 PM
  running jpf with args:
JavaPathfinder core system v8.0 (rev 1a704e1d6c3d92178504f8cdfe57b068b4e22d9c) - (C) 2005-2014 United States Government. All rights reserved.


====================================================== system under test
gov.nasa.jpf.test.java.io.ObjectStreamTest.runTestMethod()

====================================================== search started: 11/26/23, 2:34 PM
[WARNING] orphan NativePeer method: jdk.internal.misc.Unsafe.getUnsafe()Lsun/misc/Unsafe;
X{q="the ultimate question",a=Y{z=true,b=42,c=!,s=42,i=-42,l=42000,f=42.0,d=420000.0}}

====================================================== results
no errors detected

====================================================== search finished: 11/26/23, 2:34 PM
]]></system-out>
  <system-err><![CDATA[]]></system-err>
</testsuite>
