<?xml version="1.0" encoding="UTF-8"?>
<testsuite name="gov.nasa.jpf.test.mc.basic.TransitionLengthTest" tests="1" skipped="0" failures="0" errors="0" timestamp="2023-11-26T19:35:50" hostname="SHISHIRHP" time="0.449">
  <properties/>
  <testcase name="testTermination" classname="gov.nasa.jpf.test.mc.basic.TransitionLengthTest" time="0.449"/>
  <system-out><![CDATA[  running jpf with args: +vm.max_transition_length=500 +listener=gov.nasa.jpf.test.mc.basic.TransitionLengthTest$Listener
JavaPathfinder core system v8.0 (rev 1a704e1d6c3d92178504f8cdfe57b068b4e22d9c) - (C) 2005-2014 United States Government. All rights reserved.


====================================================== system under test
gov.nasa.jpf.test.mc.basic.TransitionLengthTest.runTestMethod()

====================================================== search started: 11/26/23, 2:35 PM
[WARNING] orphan NativePeer method: jdk.internal.misc.Unsafe.getUnsafe()Lsun/misc/Unsafe;

registered: gov.nasa.jpf.vm.choice.BreakGenerator {id:"MAX_TRANSITION_LENGTH" ,0/1,isCascaded:false}

registered: gov.nasa.jpf.vm.choice.BreakGenerator {id:"MAX_TRANSITION_LENGTH" ,0/1,isCascaded:false}

registered: gov.nasa.jpf.vm.choice.BreakGenerator {id:"MAX_TRANSITION_LENGTH" ,0/1,isCascaded:false}

registered: gov.nasa.jpf.vm.choice.BreakGenerator {id:"MAX_TRANSITION_LENGTH" ,0/1,isCascaded:false}

registered: gov.nasa.jpf.vm.choice.BreakGenerator {id:"MAX_TRANSITION_LENGTH" ,0/1,isCascaded:false}

registered: gov.nasa.jpf.vm.choice.BreakGenerator {id:"MAX_TRANSITION_LENGTH" ,0/1,isCascaded:false}

registered: gov.nasa.jpf.vm.choice.BreakGenerator {id:"MAX_TRANSITION_LENGTH" ,0/1,isCascaded:false}

registered: gov.nasa.jpf.vm.choice.BreakGenerator {id:"MAX_TRANSITION_LENGTH" ,0/1,isCascaded:false}

registered: gov.nasa.jpf.vm.choice.BreakGenerator {id:"MAX_TRANSITION_LENGTH" ,0/1,isCascaded:false}

registered: gov.nasa.jpf.vm.choice.BreakGenerator {id:"MAX_TRANSITION_LENGTH" ,0/1,isCascaded:false}

registered: gov.nasa.jpf.vm.choice.BreakGenerator {id:"MAX_TRANSITION_LENGTH" ,0/1,isCascaded:false}

registered: gov.nasa.jpf.vm.choice.BreakGenerator {id:"MAX_TRANSITION_LENGTH" ,0/1,isCascaded:false}
starting loop
.
registered: gov.nasa.jpf.vm.choice.BreakGenerator {id:"MAX_TRANSITION_LENGTH" ,0/1,isCascaded:false}
....................................................................................
registered: gov.nasa.jpf.vm.choice.BreakGenerator {id:"MAX_TRANSITION_LENGTH" ,0/1,isCascaded:false}

====================================================== results
no errors detected

====================================================== search finished: 11/26/23, 2:35 PM
]]></system-out>
  <system-err><![CDATA[]]></system-err>
</testsuite>
