<?xml version="1.0" encoding="UTF-8"?>
<testsuite name="gov.nasa.jpf.test.java.util.java.timeTest.ClockTest" tests="4" skipped="0" failures="0" errors="0" timestamp="2023-11-26T19:35:17" hostname="SHISHIRHP" time="0.022">
  <properties/>
  <testcase name="change_clock_duration_test" classname="gov.nasa.jpf.test.java.util.java.timeTest.ClockTest" time="0.008"/>
  <testcase name="tick_minute_clock_test" classname="gov.nasa.jpf.test.java.util.java.timeTest.ClockTest" time="0.0"/>
  <testcase name="fixed_clock_test" classname="gov.nasa.jpf.test.java.util.java.timeTest.ClockTest" time="0.005"/>
  <testcase name="switch_clock_time_zone_test" classname="gov.nasa.jpf.test.java.util.java.timeTest.ClockTest" time="0.008"/>
  <system-out><![CDATA[]]></system-out>
  <system-err><![CDATA[]]></system-err>
</testsuite>
