<?xml version="1.0" encoding="UTF-8"?>
<testsuite name="gov.nasa.jpf.test.java.concurrent.SemaphoreTest" tests="1" skipped="0" failures="0" errors="0" timestamp="2023-11-26T19:34:29" hostname="SHISHIRHP" time="1.134">
  <properties/>
  <testcase name="testResourceAcquisition" classname="gov.nasa.jpf.test.java.concurrent.SemaphoreTest" time="1.134"/>
  <system-out><![CDATA[  running jpf with args:
JavaPathfinder core system v8.0 (rev 1a704e1d6c3d92178504f8cdfe57b068b4e22d9c) - (C) 2005-2014 United States Government. All rights reserved.


====================================================== system under test
gov.nasa.jpf.test.java.concurrent.SemaphoreTest.runTestMethod()

====================================================== search started: 11/26/23, 2:34 PM
[WARNING] orphan NativePeer method: jdk.internal.misc.Unsafe.getUnsafe()Lsun/misc/Unsafe;
[WARNING] orphan NativePeer method: jdk.internal.reflect.Reflection.getCallerClass(I)Ljava/lang/Class;
Thread-1 acquiring resource..
Thread-1 got resource: Resource-0
Thread-1 releasing resource: Resource-0
Thread-1 released
Thread-2 acquiring resource..
Thread-2 got resource: Resource-0
Thread-2 releasing resource: Resource-0
Thread-2 released
Thread-2 acquiring resource..
Thread-1 released
Thread-2 got resource: Resource-0
Thread-2 releasing resource: Resource-0
Thread-2 released
Thread-1 released
Thread-2 got resource: Resource-0
Thread-2 releasing resource: Resource-0
Thread-2 released
Thread-1 released
Thread-2 got resource: Resource-0
Thread-2 releasing resource: Resource-0
Thread-2 released
Thread-1 released
Thread-2 got resource: Resource-0
Thread-2 releasing resource: Resource-0
Thread-2 released
Thread-1 released
Thread-2 got resource: Resource-0
Thread-2 releasing resource: Resource-0
Thread-2 released
Thread-1 released
Thread-1 released
Thread-1 released
Thread-1 released
Thread-1 released
Thread-1 released
Thread-2 acquiring resource..
Thread-1 got resource: Resource-0
Thread-1 releasing resource: Resource-0
Thread-1 released
Thread-1 got resource: Resource-0
Thread-1 releasing resource: Resource-0
Thread-1 got resource: Resource-0
Thread-1 releasing resource: Resource-0
Thread-1 got resource: Resource-0
Thread-1 releasing resource: Resource-0
Thread-1 released
Thread-1 got resource: Resource-0
Thread-1 releasing resource: Resource-0
Thread-1 released
Thread-1 got resource: Resource-0
Thread-1 releasing resource: Resource-0
Thread-1 released
Thread-1 got resource: Resource-0
Thread-1 releasing resource: Resource-0
Thread-1 released
Thread-2 acquiring resource..
Thread-1 acquiring resource..
Thread-2 got resource: Resource-0
Thread-2 releasing resource: Resource-0
Thread-2 released
Thread-1 got resource: Resource-0
Thread-1 releasing resource: Resource-0
Thread-1 released
Thread-2 got resource: Resource-0
Thread-2 releasing resource: Resource-0
Thread-2 released
Thread-2 got resource: Resource-0
Thread-2 releasing resource: Resource-0
Thread-2 released
Thread-2 got resource: Resource-0
Thread-2 releasing resource: Resource-0
Thread-2 released
Thread-2 got resource: Resource-0
Thread-2 releasing resource: Resource-0
Thread-2 released
Thread-2 released
Thread-2 released
Thread-2 released
Thread-2 released
Thread-2 released
Thread-2 released
Thread-2 released
Thread-1 got resource: Resource-0
Thread-1 releasing resource: Resource-0
Thread-1 released
Thread-2 released
Thread-2 released
Thread-1 got resource: Resource-0
Thread-1 releasing resource: Resource-0
Thread-1 released
Thread-2 got resource: Resource-0
Thread-2 releasing resource: Resource-0
Thread-2 released
Thread-1 got resource: Resource-0
Thread-1 releasing resource: Resource-0
Thread-1 released
Thread-2 got resource: Resource-0
Thread-2 releasing resource: Resource-0
Thread-2 released
Thread-1 got resource: Resource-0
Thread-1 releasing resource: Resource-0
Thread-1 released
Thread-2 got resource: Resource-0
Thread-2 releasing resource: Resource-0
Thread-1 acquiring resource..
Thread-2 released
Thread-1 acquiring resource..
Thread-1 got resource: Resource-0
Thread-1 releasing resource: Resource-0
Thread-1 released
Thread-1 acquiring resource..
Thread-2 acquiring resource..
Thread-1 got resource: Resource-0
Thread-1 releasing resource: Resource-0
Thread-1 released
Thread-2 acquiring resource..
Thread-2 got resource: Resource-0
Thread-2 releasing resource: Resource-0
Thread-2 released
Thread-1 got resource: Resource-0
Thread-1 releasing resource: Resource-0
Thread-2 acquiring resource..
Thread-2 acquiring resource..
Thread-2 acquiring resource..
Thread-2 acquiring resource..
Thread-2 acquiring resource..
Thread-1 got resource: Resource-0
Thread-1 releasing resource: Resource-0
Thread-1 released
Thread-2 acquiring resource..
Thread-1 got resource: Resource-0
Thread-1 releasing resource: Resource-0
Thread-1 released
Thread-1 got resource: Resource-0
Thread-1 releasing resource: Resource-0
Thread-2 acquiring resource..
Thread-1 got resource: Resource-0
Thread-1 releasing resource: Resource-0
Thread-1 got resource: Resource-0
Thread-1 releasing resource: Resource-0
Thread-1 got resource: Resource-0
Thread-1 releasing resource: Resource-0
Thread-1 got resource: Resource-0
Thread-1 releasing resource: Resource-0
Thread-1 released
Thread-1 got resource: Resource-0
Thread-1 releasing resource: Resource-0
Thread-2 acquiring resource..
Thread-1 releasing resource: Resource-0
Thread-1 releasing resource: Resource-0
Thread-1 releasing resource: Resource-0
Thread-1 releasing resource: Resource-0
Thread-1 released
Thread-2 acquiring resource..
Thread-1 releasing resource: Resource-0
Thread-1 released
Thread-2 acquiring resource..
Thread-1 releasing resource: Resource-0
Thread-1 released
Thread-2 acquiring resource..
Thread-1 releasing resource: Resource-0
Thread-1 released
Thread-2 acquiring resource..
Thread-1 releasing resource: Resource-0
Thread-1 released
Thread-2 acquiring resource..
Thread-1 got resource: Resource-0
Thread-1 got resource: Resource-0
Thread-1 got resource: Resource-0
Thread-1 got resource: Resource-0
Thread-1 releasing resource: Resource-0
Thread-1 released
Thread-1 got resource: Resource-0
Thread-1 releasing resource: Resource-0
Thread-1 released
Thread-2 acquiring resource..
Thread-2 acquiring resource..
Thread-1 released
Thread-2 acquiring resource..
Thread-2 acquiring resource..
Thread-1 released
Thread-2 acquiring resource..
Thread-2 acquiring resource..
Thread-1 released
Thread-2 acquiring resource..
Thread-1 released
Thread-2 acquiring resource..
Thread-2 got resource: Resource-0
Thread-2 releasing resource: Resource-0
Thread-2 released
Thread-2 got resource: Resource-0
Thread-2 releasing resource: Resource-0
Thread-2 released
Thread-2 got resource: Resource-0
Thread-2 releasing resource: Resource-0
Thread-2 released
Thread-2 got resource: Resource-0
Thread-2 releasing resource: Resource-0
Thread-2 released
Thread-2 got resource: Resource-0
Thread-2 releasing resource: Resource-0
Thread-2 released
Thread-2 got resource: Resource-0
Thread-2 releasing resource: Resource-0
Thread-2 released
Thread-2 got resource: Resource-0
Thread-2 releasing resource: Resource-0
Thread-2 released
Thread-2 got resource: Resource-0
Thread-2 releasing resource: Resource-0
Thread-2 released
Thread-2 got resource: Resource-0
Thread-2 releasing resource: Resource-0
Thread-2 released
Thread-2 got resource: Resource-0
Thread-2 releasing resource: Resource-0
Thread-2 released
Thread-2 releasing resource: Resource-0
Thread-2 released
Thread-2 releasing resource: Resource-0
Thread-2 released
Thread-2 releasing resource: Resource-0
Thread-2 released
Thread-2 releasing resource: Resource-0
Thread-2 released
Thread-2 releasing resource: Resource-0
Thread-2 released
Thread-2 released
Thread-2 released
Thread-2 released
Thread-2 released
Thread-2 released
Thread-2 released
Thread-2 released
Thread-2 released
Thread-2 released
Thread-2 acquiring resource..
Thread-1 released
Thread-1 released
Thread-2 got resource: Resource-0
Thread-2 releasing resource: Resource-0
Thread-2 released
Thread-2 got resource: Resource-0
Thread-2 releasing resource: Resource-0
Thread-2 released
Thread-2 got resource: Resource-0
Thread-2 releasing resource: Resource-0
Thread-2 released
Thread-2 got resource: Resource-0
Thread-2 releasing resource: Resource-0
Thread-2 released
Thread-2 got resource: Resource-0
Thread-2 releasing resource: Resource-0
Thread-2 released
Thread-2 got resource: Resource-0
Thread-2 releasing resource: Resource-0
Thread-2 released
Thread-2 got resource: Resource-0
Thread-2 releasing resource: Resource-0
Thread-2 released
Thread-2 got resource: Resource-0
Thread-2 releasing resource: Resource-0
Thread-2 released
Thread-2 got resource: Resource-0
Thread-2 releasing resource: Resource-0
Thread-2 released
Thread-2 got resource: Resource-0
Thread-2 releasing resource: Resource-0
Thread-2 released
Thread-2 releasing resource: Resource-0
Thread-2 released
Thread-2 releasing resource: Resource-0
Thread-2 released
Thread-2 releasing resource: Resource-0
Thread-2 released
Thread-2 releasing resource: Resource-0
Thread-2 released
Thread-2 releasing resource: Resource-0
Thread-2 released
Thread-2 released
Thread-2 released
Thread-2 released
Thread-2 released
Thread-2 released
Thread-2 released
Thread-2 released
Thread-2 released
Thread-2 released
Thread-1 released
Thread-2 got resource: Resource-0
Thread-2 releasing resource: Resource-0
Thread-2 released
Thread-2 got resource: Resource-0
Thread-2 releasing resource: Resource-0
Thread-2 released
Thread-2 got resource: Resource-0
Thread-2 releasing resource: Resource-0
Thread-2 released
Thread-2 got resource: Resource-0
Thread-2 releasing resource: Resource-0
Thread-2 released
Thread-2 got resource: Resource-0
Thread-2 releasing resource: Resource-0
Thread-2 released
Thread-2 got resource: Resource-0
Thread-2 releasing resource: Resource-0
Thread-2 released
Thread-2 got resource: Resource-0
Thread-2 releasing resource: Resource-0
Thread-2 released
Thread-2 got resource: Resource-0
Thread-2 releasing resource: Resource-0
Thread-2 released
Thread-2 got resource: Resource-0
Thread-2 releasing resource: Resource-0
Thread-2 released
Thread-2 got resource: Resource-0
Thread-2 releasing resource: Resource-0
Thread-2 released
Thread-2 releasing resource: Resource-0
Thread-2 released
Thread-2 releasing resource: Resource-0
Thread-2 released
Thread-2 releasing resource: Resource-0
Thread-2 released
Thread-2 releasing resource: Resource-0
Thread-2 released
Thread-2 releasing resource: Resource-0
Thread-2 released
Thread-2 released
Thread-2 released
Thread-2 released
Thread-2 released
Thread-2 released
Thread-2 released
Thread-2 released
Thread-2 released
Thread-2 released
Thread-1 released
Thread-2 got resource: Resource-0
Thread-2 releasing resource: Resource-0
Thread-2 released
Thread-2 got resource: Resource-0
Thread-2 releasing resource: Resource-0
Thread-2 released
Thread-1 released
Thread-1 released
Thread-1 released
Thread-2 acquiring resource..
Thread-2 acquiring resource..
Thread-2 acquiring resource..
Thread-2 acquiring resource..
Thread-2 acquiring resource..
Thread-2 acquiring resource..
Thread-2 acquiring resource..
Thread-2 acquiring resource..
Thread-2 acquiring resource..
Thread-1 releasing resource: Resource-0
Thread-1 releasing resource: Resource-0
Thread-1 releasing resource: Resource-0
Thread-1 releasing resource: Resource-0
Thread-2 acquiring resource..
Thread-2 acquiring resource..
Thread-2 acquiring resource..
Thread-2 acquiring resource..
Thread-2 acquiring resource..
Thread-1 got resource: Resource-0
Thread-1 got resource: Resource-0
Thread-1 got resource: Resource-0
Thread-1 got resource: Resource-0
Thread-2 acquiring resource..
Thread-2 acquiring resource..
Thread-2 acquiring resource..
Thread-2 acquiring resource..
Thread-2 acquiring resource..
Thread-2 acquiring resource..
Thread-2 acquiring resource..
Thread-2 acquiring resource..
Thread-2 acquiring resource..
Thread-2 got resource: Resource-0
Thread-2 releasing resource: Resource-0
Thread-2 released
Thread-2 got resource: Resource-0
Thread-2 releasing resource: Resource-0
Thread-2 released
Thread-2 got resource: Resource-0
Thread-2 releasing resource: Resource-0
Thread-2 released
Thread-2 got resource: Resource-0
Thread-2 releasing resource: Resource-0
Thread-2 released
Thread-2 got resource: Resource-0
Thread-2 releasing resource: Resource-0
Thread-2 released
Thread-2 releasing resource: Resource-0
Thread-2 released
Thread-2 releasing resource: Resource-0
Thread-2 released
Thread-2 releasing resource: Resource-0
Thread-2 released
Thread-2 releasing resource: Resource-0
Thread-2 released
Thread-2 releasing resource: Resource-0
Thread-2 released
Thread-2 released
Thread-2 released
Thread-2 released
Thread-1 got resource: Resource-0
Thread-1 releasing resource: Resource-0
Thread-1 released
Thread-1 got resource: Resource-0
Thread-1 releasing resource: Resource-0
Thread-1 released
Thread-1 got resource: Resource-0
Thread-1 releasing resource: Resource-0
Thread-1 released
Thread-1 got resource: Resource-0
Thread-1 releasing resource: Resource-0
Thread-1 released
Thread-1 got resource: Resource-0
Thread-1 releasing resource: Resource-0
Thread-1 released
Thread-1 got resource: Resource-0
Thread-1 releasing resource: Resource-0
Thread-1 released
Thread-1 got resource: Resource-0
Thread-1 releasing resource: Resource-0
Thread-1 released
Thread-1 got resource: Resource-0
Thread-1 releasing resource: Resource-0
Thread-1 released
Thread-1 got resource: Resource-0
Thread-1 releasing resource: Resource-0
Thread-1 released
Thread-1 got resource: Resource-0
Thread-1 releasing resource: Resource-0
Thread-1 released
Thread-1 releasing resource: Resource-0
Thread-1 released
Thread-1 releasing resource: Resource-0
Thread-1 released
Thread-1 releasing resource: Resource-0
Thread-1 released
Thread-1 releasing resource: Resource-0
Thread-1 released
Thread-1 releasing resource: Resource-0
Thread-1 released
Thread-1 released
Thread-1 released
Thread-1 released
Thread-1 released
Thread-1 released
Thread-1 released
Thread-1 released
Thread-1 released
Thread-1 released
Thread-2 got resource: Resource-0
Thread-2 releasing resource: Resource-0
Thread-2 got resource: Resource-0
Thread-2 releasing resource: Resource-0
Thread-2 got resource: Resource-0
Thread-2 releasing resource: Resource-0
Thread-2 released
Thread-2 released
Thread-2 released
Thread-2 released
Thread-1 got resource: Resource-0
Thread-1 releasing resource: Resource-0
Thread-1 released
Thread-1 got resource: Resource-0
Thread-1 releasing resource: Resource-0
Thread-1 released
Thread-2 got resource: Resource-0
Thread-2 releasing resource: Resource-0
Thread-2 got resource: Resource-0
Thread-2 releasing resource: Resource-0
Thread-2 got resource: Resource-0
Thread-2 releasing resource: Resource-0
Thread-2 released
Thread-1 got resource: Resource-0
Thread-1 releasing resource: Resource-0
Thread-1 released
Thread-1 got resource: Resource-0
Thread-1 releasing resource: Resource-0
Thread-1 released
Thread-1 got resource: Resource-0
Thread-1 releasing resource: Resource-0
Thread-1 released
Thread-1 got resource: Resource-0
Thread-1 releasing resource: Resource-0
Thread-1 released
Thread-1 got resource: Resource-0
Thread-1 releasing resource: Resource-0
Thread-1 released
Thread-1 got resource: Resource-0
Thread-1 releasing resource: Resource-0
Thread-1 released
Thread-1 got resource: Resource-0
Thread-1 releasing resource: Resource-0
Thread-1 released
Thread-1 got resource: Resource-0
Thread-1 releasing resource: Resource-0
Thread-1 released
Thread-1 got resource: Resource-0
Thread-1 releasing resource: Resource-0
Thread-1 released
Thread-1 got resource: Resource-0
Thread-1 releasing resource: Resource-0
Thread-1 released
Thread-1 releasing resource: Resource-0
Thread-1 released
Thread-1 releasing resource: Resource-0
Thread-1 released
Thread-1 releasing resource: Resource-0
Thread-1 released
Thread-1 releasing resource: Resource-0
Thread-1 released
Thread-1 releasing resource: Resource-0
Thread-1 released
Thread-1 released
Thread-1 released
Thread-1 released
Thread-1 released
Thread-1 released
Thread-1 released
Thread-1 released
Thread-1 released
Thread-1 released
Thread-2 got resource: Resource-0
Thread-2 releasing resource: Resource-0
Thread-2 got resource: Resource-0
Thread-2 releasing resource: Resource-0
Thread-2 got resource: Resource-0
Thread-2 releasing resource: Resource-0
Thread-2 released
Thread-1 got resource: Resource-0
Thread-1 releasing resource: Resource-0
Thread-1 released
Thread-1 got resource: Resource-0
Thread-1 releasing resource: Resource-0
Thread-1 released
Thread-1 got resource: Resource-0
Thread-1 releasing resource: Resource-0
Thread-1 released
Thread-1 got resource: Resource-0
Thread-1 releasing resource: Resource-0
Thread-1 released
Thread-1 got resource: Resource-0
Thread-1 releasing resource: Resource-0
Thread-1 released
Thread-1 got resource: Resource-0
Thread-1 releasing resource: Resource-0
Thread-1 released
Thread-1 got resource: Resource-0
Thread-1 releasing resource: Resource-0
Thread-1 released
Thread-1 got resource: Resource-0
Thread-1 releasing resource: Resource-0
Thread-1 released
Thread-1 got resource: Resource-0
Thread-1 releasing resource: Resource-0
Thread-1 released
Thread-1 got resource: Resource-0
Thread-1 releasing resource: Resource-0
Thread-1 released
Thread-1 releasing resource: Resource-0
Thread-1 released
Thread-1 releasing resource: Resource-0
Thread-1 released
Thread-1 releasing resource: Resource-0
Thread-1 released
Thread-1 releasing resource: Resource-0
Thread-1 released
Thread-1 releasing resource: Resource-0
Thread-1 released
Thread-1 released
Thread-1 released
Thread-1 released
Thread-1 released
Thread-1 released
Thread-1 released
Thread-1 released
Thread-1 released
Thread-1 released
Thread-2 acquiring resource..
Thread-1 acquiring resource..
Thread-1 acquiring resource..
Thread-1 acquiring resource..
Thread-1 acquiring resource..
Thread-1 acquiring resource..
Thread-1 acquiring resource..
Thread-1 acquiring resource..
Thread-1 acquiring resource..
Thread-2 got resource: Resource-0
Thread-2 releasing resource: Resource-0
Thread-1 acquiring resource..
Thread-1 acquiring resource..
Thread-1 acquiring resource..
Thread-1 acquiring resource..
Thread-1 acquiring resource..
Thread-1 acquiring resource..
Thread-1 acquiring resource..
Thread-1 acquiring resource..
Thread-1 acquiring resource..
Thread-2 got resource: Resource-0
Thread-2 releasing resource: Resource-0
Thread-1 acquiring resource..
Thread-1 acquiring resource..
Thread-2 got resource: Resource-0
Thread-1 acquiring resource..
Thread-1 acquiring resource..
Thread-1 acquiring resource..
Thread-1 acquiring resource..
Thread-1 acquiring resource..
Thread-2 releasing resource: Resource-0
Thread-1 acquiring resource..
Thread-2 got resource: Resource-0
Thread-1 acquiring resource..
Thread-1 acquiring resource..
Thread-1 acquiring resource..
Thread-1 acquiring resource..
Thread-1 acquiring resource..
Thread-2 releasing resource: Resource-0
Thread-1 acquiring resource..
Thread-1 acquiring resource..
Thread-1 acquiring resource..
Thread-1 acquiring resource..
Thread-1 acquiring resource..
Thread-1 acquiring resource..
Thread-1 acquiring resource..
Thread-1 acquiring resource..
Thread-1 acquiring resource..
Thread-2 released
Thread-1 acquiring resource..
Thread-1 acquiring resource..
Thread-1 acquiring resource..
Thread-1 acquiring resource..
Thread-1 acquiring resource..
Thread-1 acquiring resource..
Thread-1 acquiring resource..
Thread-2 released
Thread-1 acquiring resource..
Thread-1 acquiring resource..
Thread-1 got resource: Resource-0
Thread-1 releasing resource: Resource-0
Thread-1 released
Thread-1 acquiring resource..
Thread-1 got resource: Resource-0
Thread-1 releasing resource: Resource-0
Thread-1 released

====================================================== results
no errors detected

====================================================== search finished: 11/26/23, 2:34 PM
]]></system-out>
  <system-err><![CDATA[]]></system-err>
</testsuite>
