<?xml version="1.0" encoding="UTF-8"?>
<testsuite name="gov.nasa.jpf.util.LimitedInputStreamTest" tests="20" skipped="0" failures="0" errors="0" timestamp="2023-11-26T19:37:36" hostname="SHISHIRHP" time="0.025">
  <properties/>
  <testcase name="readZeroLimit" classname="gov.nasa.jpf.util.LimitedInputStreamTest" time="0.009"/>
  <testcase name="readNullBuffer" classname="gov.nasa.jpf.util.LimitedInputStreamTest" time="0.001"/>
  <testcase name="readBufferEOF" classname="gov.nasa.jpf.util.LimitedInputStreamTest" time="0.0"/>
  <testcase name="readShortLimit" classname="gov.nasa.jpf.util.LimitedInputStreamTest" time="0.0"/>
  <testcase name="readBufferShortLimit" classname="gov.nasa.jpf.util.LimitedInputStreamTest" time="0.0"/>
  <testcase name="setLimitNegArg" classname="gov.nasa.jpf.util.LimitedInputStreamTest" time="0.002"/>
  <testcase name="readExactLimit" classname="gov.nasa.jpf.util.LimitedInputStreamTest" time="0.0"/>
  <testcase name="skipZeroLimit" classname="gov.nasa.jpf.util.LimitedInputStreamTest" time="0.003"/>
  <testcase name="setLimitMax" classname="gov.nasa.jpf.util.LimitedInputStreamTest" time="0.0"/>
  <testcase name="readMaxLimit" classname="gov.nasa.jpf.util.LimitedInputStreamTest" time="0.0"/>
  <testcase name="setLimitZero" classname="gov.nasa.jpf.util.LimitedInputStreamTest" time="0.0"/>
  <testcase name="readBufferZeroLength" classname="gov.nasa.jpf.util.LimitedInputStreamTest" time="0.0"/>
  <testcase name="close" classname="gov.nasa.jpf.util.LimitedInputStreamTest" time="0.0"/>
  <testcase name="readOffsetLengthTooLong" classname="gov.nasa.jpf.util.LimitedInputStreamTest" time="0.006"/>
  <testcase name="readNegLength" classname="gov.nasa.jpf.util.LimitedInputStreamTest" time="0.0"/>
  <testcase name="readNegOffset" classname="gov.nasa.jpf.util.LimitedInputStreamTest" time="0.001"/>
  <testcase name="constructorNullArg" classname="gov.nasa.jpf.util.LimitedInputStreamTest" time="0.001"/>
  <testcase name="readBufferZeroLimit" classname="gov.nasa.jpf.util.LimitedInputStreamTest" time="0.0"/>
  <testcase name="skipShortLimit" classname="gov.nasa.jpf.util.LimitedInputStreamTest" time="0.0"/>
  <testcase name="skipEOF" classname="gov.nasa.jpf.util.LimitedInputStreamTest" time="0.0"/>
  <system-out><![CDATA[]]></system-out>
  <system-err><![CDATA[]]></system-err>
</testsuite>
