<?xml version="1.0" encoding="UTF-8"?>
<testsuite name="gov.nasa.jpf.util.SparseClusterArrayTest" tests="8" skipped="0" failures="0" errors="0" timestamp="2023-11-26T19:37:41" hostname="SHISHIRHP" time="0.046">
  <properties/>
  <testcase name="testClusterNextNull" classname="gov.nasa.jpf.util.SparseClusterArrayTest" time="0.009"/>
  <testcase name="testBasic" classname="gov.nasa.jpf.util.SparseClusterArrayTest" time="0.004"/>
  <testcase name="testClone" classname="gov.nasa.jpf.util.SparseClusterArrayTest" time="0.001"/>
  <testcase name="testIndexIterator" classname="gov.nasa.jpf.util.SparseClusterArrayTest" time="0.009"/>
  <testcase name="testChanges" classname="gov.nasa.jpf.util.SparseClusterArrayTest" time="0.0"/>
  <testcase name="testSnapshot" classname="gov.nasa.jpf.util.SparseClusterArrayTest" time="0.01"/>
  <testcase name="testIterator" classname="gov.nasa.jpf.util.SparseClusterArrayTest" time="0.0"/>
  <testcase name="testNextNull" classname="gov.nasa.jpf.util.SparseClusterArrayTest" time="0.012"/>
  <system-out><![CDATA[2000000
2000001
200f0ff
200ffff
16777258
cardinality = 2
16777258
33554432
0
42
100
101
102
103
104
105
106
107
108
109
110
111
112
113
114
115
116
117
118
119
120
121
122
123
124
125
126
127
128
129
130
131
132
133
134
135
136
137
138
139
140
141
142
143
144
145
146
147
148
149
150
151
152
153
154
155
156
157
158
159
160
161
162
163
164
165
166
167
168
169
170
171
172
173
174
175
176
177
178
179
180
181
182
183
184
185
186
187
188
189
190
191
192
193
194
195
196
197
198
199
200
750
751
752
753
754
755
756
757
758
759
760
761
762
763
764
765
766
767
768
769
770
771
772
773
774
775
776
777
778
779
780
781
782
783
784
785
786
787
788
789
790
791
792
793
794
795
796
797
798
799
800
801
802
803
804
805
806
807
808
809
810
811
812
813
814
815
816
817
818
819
820
821
822
823
824
825
826
827
828
829
830
831
832
833
834
835
836
837
838
839
840
841
842
843
844
845
846
847
848
849
850
851
852
853
854
855
856
857
858
859
860
861
862
863
864
865
866
867
868
869
870
871
872
873
874
875
876
877
878
879
880
881
882
883
884
885
886
887
888
889
890
891
892
893
894
895
896
897
898
899
900
901
902
903
904
905
906
907
908
909
910
911
912
913
914
915
916
917
918
919
920
921
922
923
924
925
926
927
928
929
930
931
932
933
934
935
936
937
938
939
940
941
942
943
944
945
946
947
948
949
950
951
952
953
954
955
956
957
958
959
960
961
962
963
964
965
966
967
968
969
970
971
972
973
974
975
976
977
978
979
980
981
982
983
984
985
986
987
988
989
990
991
992
993
994
995
996
997
998
999
42
6276
a[0] = 0
a[42] = 42
a[4095] = 4095
a[4096] = 4096
a[7777] = 7777
a[7162827] = 7162827
0
42
4095
4096
7777
7162827
k=1
k=0
511
null
k=512, 100000 lookups in: 3
k=2048
k=-1
k=2048
k=2500
]]></system-out>
  <system-err><![CDATA[]]></system-err>
</testsuite>
