<?xml version="1.0" encoding="UTF-8"?>
<testsuite name="gov.nasa.jpf.test.vm.basic.AssertTest" tests="7" skipped="0" failures="0" errors="0" timestamp="2023-11-26T19:36:40" hostname="SHISHIRHP" time="1.116">
  <properties/>
  <testcase name="testAssertionViolation" classname="gov.nasa.jpf.test.vm.basic.AssertTest" time="0.496"/>
  <testcase name="testNoAssertionViolation" classname="gov.nasa.jpf.test.vm.basic.AssertTest" time="0.119"/>
  <testcase name="testSetDefaultAssertionStatus" classname="gov.nasa.jpf.test.vm.basic.AssertTest" time="0.158"/>
  <testcase name="testSetClassAssertionStatus1" classname="gov.nasa.jpf.test.vm.basic.AssertTest" time="0.077"/>
  <testcase name="testSetClassAssertionStatus2" classname="gov.nasa.jpf.test.vm.basic.AssertTest" time="0.08"/>
  <testcase name="testSetPackageAssertionStatus" classname="gov.nasa.jpf.test.vm.basic.AssertTest" time="0.083"/>
  <testcase name="testClearAssertionStatus" classname="gov.nasa.jpf.test.vm.basic.AssertTest" time="0.1"/>
  <system-out><![CDATA[  running jpf with args:
JavaPathfinder core system v8.0 (rev 1a704e1d6c3d92178504f8cdfe57b068b4e22d9c) - (C) 2005-2014 United States Government. All rights reserved.


====================================================== system under test
gov.nasa.jpf.test.vm.basic.AssertTest.runTestMethod()

====================================================== search started: 11/26/23, 2:36 PM
[WARNING] orphan NativePeer method: jdk.internal.misc.Unsafe.getUnsafe()Lsun/misc/Unsafe;

====================================================== error 1
gov.nasa.jpf.vm.NoUncaughtExceptionsProperty
java.lang.AssertionError: oops, assertion failed
	at gov.nasa.jpf.test.vm.basic.AssertTest.testAssertionViolation(gov/nasa/jpf/test/vm/basic/AssertTest.java:37)
	at java.lang.reflect.Method.invoke(gov.nasa.jpf.vm.JPF_java_lang_reflect_Method)
	at gov.nasa.jpf.util.test.TestJPF.runTestMethod(gov/nasa/jpf/util/test/TestJPF.java:648)


====================================================== snapshot #1
thread java.lang.Thread:{id:0,name:main,status:RUNNING,priority:5,isDaemon:false,lockCount:0,suspendCount:0}
  call stack:
	at gov.nasa.jpf.util.test.TestJPF.runTestMethod(TestJPF.java:650)


====================================================== results
error #1: gov.nasa.jpf.vm.NoUncaughtExceptionsProperty "java.lang.AssertionError: oops, assertion failed  ..."

====================================================== search finished: 11/26/23, 2:36 PM
  running jpf with args: +vm.disable_assertions=*AssertTest
JavaPathfinder core system v8.0 (rev 1a704e1d6c3d92178504f8cdfe57b068b4e22d9c) - (C) 2005-2014 United States Government. All rights reserved.


====================================================== system under test
gov.nasa.jpf.test.vm.basic.AssertTest.runTestMethod()

====================================================== search started: 11/26/23, 2:36 PM
[WARNING] orphan NativePeer method: jdk.internal.misc.Unsafe.getUnsafe()Lsun/misc/Unsafe;

====================================================== results
no errors detected

====================================================== search finished: 11/26/23, 2:36 PM
  running jpf with args:
JavaPathfinder core system v8.0 (rev 1a704e1d6c3d92178504f8cdfe57b068b4e22d9c) - (C) 2005-2014 United States Government. All rights reserved.


====================================================== system under test
gov.nasa.jpf.test.vm.basic.AssertTest.runTestMethod()

====================================================== search started: 11/26/23, 2:36 PM
[WARNING] orphan NativePeer method: jdk.internal.misc.Unsafe.getUnsafe()Lsun/misc/Unsafe;
[WARNING] orphan NativePeer method: java.net.URLClassLoader.<init>(Ljava/lang/ClassLoader;)V
[WARNING] orphan NativePeer method: java.net.URLClassLoader.<init>()V

====================================================== results
no errors detected

====================================================== search finished: 11/26/23, 2:36 PM
  running jpf with args:
JavaPathfinder core system v8.0 (rev 1a704e1d6c3d92178504f8cdfe57b068b4e22d9c) - (C) 2005-2014 United States Government. All rights reserved.


====================================================== system under test
gov.nasa.jpf.test.vm.basic.AssertTest.runTestMethod()

====================================================== search started: 11/26/23, 2:36 PM
[WARNING] orphan NativePeer method: jdk.internal.misc.Unsafe.getUnsafe()Lsun/misc/Unsafe;

====================================================== error 1
gov.nasa.jpf.vm.NoUncaughtExceptionsProperty
java.lang.AssertionError: oops, assertion failed
	at gov.nasa.jpf.test.vm.basic.AssertTest.testSetClassAssertionStatus1(gov/nasa/jpf/test/vm/basic/AssertTest.java:66)
	at java.lang.reflect.Method.invoke(gov.nasa.jpf.vm.JPF_java_lang_reflect_Method)
	at gov.nasa.jpf.util.test.TestJPF.runTestMethod(gov/nasa/jpf/util/test/TestJPF.java:648)


====================================================== snapshot #1
thread java.lang.Thread:{id:0,name:main,status:RUNNING,priority:5,isDaemon:false,lockCount:0,suspendCount:0}
  call stack:
	at gov.nasa.jpf.util.test.TestJPF.runTestMethod(TestJPF.java:650)


====================================================== results
error #1: gov.nasa.jpf.vm.NoUncaughtExceptionsProperty "java.lang.AssertionError: oops, assertion failed  ..."

====================================================== search finished: 11/26/23, 2:36 PM
  running jpf with args:
JavaPathfinder core system v8.0 (rev 1a704e1d6c3d92178504f8cdfe57b068b4e22d9c) - (C) 2005-2014 United States Government. All rights reserved.


====================================================== system under test
gov.nasa.jpf.test.vm.basic.AssertTest.runTestMethod()

====================================================== search started: 11/26/23, 2:36 PM
[WARNING] orphan NativePeer method: jdk.internal.misc.Unsafe.getUnsafe()Lsun/misc/Unsafe;
[WARNING] orphan NativePeer method: java.net.URLClassLoader.<init>(Ljava/lang/ClassLoader;)V
[WARNING] orphan NativePeer method: java.net.URLClassLoader.<init>()V

====================================================== results
no errors detected

====================================================== search finished: 11/26/23, 2:36 PM
  running jpf with args:
JavaPathfinder core system v8.0 (rev 1a704e1d6c3d92178504f8cdfe57b068b4e22d9c) - (C) 2005-2014 United States Government. All rights reserved.


====================================================== system under test
gov.nasa.jpf.test.vm.basic.AssertTest.runTestMethod()

====================================================== search started: 11/26/23, 2:36 PM
[WARNING] orphan NativePeer method: jdk.internal.misc.Unsafe.getUnsafe()Lsun/misc/Unsafe;
[WARNING] orphan NativePeer method: java.net.URLClassLoader.<init>(Ljava/lang/ClassLoader;)V
[WARNING] orphan NativePeer method: java.net.URLClassLoader.<init>()V

====================================================== results
no errors detected

====================================================== search finished: 11/26/23, 2:36 PM
  running jpf with args: +vm.disable_assertions=*
JavaPathfinder core system v8.0 (rev 1a704e1d6c3d92178504f8cdfe57b068b4e22d9c) - (C) 2005-2014 United States Government. All rights reserved.


====================================================== system under test
gov.nasa.jpf.test.vm.basic.AssertTest.runTestMethod()

====================================================== search started: 11/26/23, 2:36 PM
[WARNING] orphan NativePeer method: jdk.internal.misc.Unsafe.getUnsafe()Lsun/misc/Unsafe;
[WARNING] orphan NativePeer method: java.net.URLClassLoader.<init>(Ljava/lang/ClassLoader;)V
[WARNING] orphan NativePeer method: java.net.URLClassLoader.<init>()V

====================================================== results
no errors detected

====================================================== search finished: 11/26/23, 2:36 PM
]]></system-out>
  <system-err><![CDATA[]]></system-err>
</testsuite>
