<?xml version="1.0" encoding="UTF-8"?>
<testsuite name="gov.nasa.jpf.test.mc.threads.FinalizerThreadTest" tests="3" skipped="0" failures="0" errors="0" timestamp="2023-11-26T19:36:18" hostname="SHISHIRHP" time="0.63">
  <properties/>
  <testcase name="testExceptionFromFinalizer" classname="gov.nasa.jpf.test.mc.threads.FinalizerThreadTest" time="0.445"/>
  <testcase name="testIdleFinalizerThread" classname="gov.nasa.jpf.test.mc.threads.FinalizerThreadTest" time="0.084"/>
  <testcase name="testFinalizerThreadRunning" classname="gov.nasa.jpf.test.mc.threads.FinalizerThreadTest" time="0.1"/>
  <system-out><![CDATA[  running jpf with args: +vm.process_finalizers=true
JavaPathfinder core system v8.0 (rev 1a704e1d6c3d92178504f8cdfe57b068b4e22d9c) - (C) 2005-2014 United States Government. All rights reserved.


====================================================== system under test
gov.nasa.jpf.test.mc.threads.FinalizerThreadTest.runTestMethod()

====================================================== search started: 11/26/23, 2:36 PM
[WARNING] orphan NativePeer method: jdk.internal.misc.Unsafe.getUnsafe()Lsun/misc/Unsafe;
finalizer executing... 

====================================================== results
no errors detected

====================================================== search finished: 11/26/23, 2:36 PM
  running jpf with args: +vm.process_finalizers=true
JavaPathfinder core system v8.0 (rev 1a704e1d6c3d92178504f8cdfe57b068b4e22d9c) - (C) 2005-2014 United States Government. All rights reserved.


====================================================== system under test
gov.nasa.jpf.test.mc.threads.FinalizerThreadTest.runTestMethod()

====================================================== search started: 11/26/23, 2:36 PM
[WARNING] orphan NativePeer method: jdk.internal.misc.Unsafe.getUnsafe()Lsun/misc/Unsafe;

====================================================== results
no errors detected

====================================================== search finished: 11/26/23, 2:36 PM
  running jpf with args: +vm.process_finalizers=true +listener=gov.nasa.jpf.test.mc.threads.FinalizerThreadTest$FinalizerThreadListener
JavaPathfinder core system v8.0 (rev 1a704e1d6c3d92178504f8cdfe57b068b4e22d9c) - (C) 2005-2014 United States Government. All rights reserved.


====================================================== system under test
gov.nasa.jpf.test.mc.threads.FinalizerThreadTest.runTestMethod()

====================================================== search started: 11/26/23, 2:36 PM
[WARNING] orphan NativePeer method: jdk.internal.misc.Unsafe.getUnsafe()Lsun/misc/Unsafe;
finalizer executing... 

====================================================== results
no errors detected

====================================================== search finished: 11/26/23, 2:36 PM
]]></system-out>
  <system-err><![CDATA[]]></system-err>
</testsuite>
