<?xml version="1.0" encoding="UTF-8"?>
<testsuite name="java8.TypeAnnotationTest" tests="1" skipped="0" failures="0" errors="0" timestamp="2023-11-26T19:38:03" hostname="SHISHIRHP" time="0.445">
  <properties/>
  <testcase name="testBasicTypeAnnotations" classname="java8.TypeAnnotationTest" time="0.445"/>
  <system-out><![CDATA[  running jpf with args: +listener=java8.TypeAnnotationTest$Listener
JavaPathfinder core system v8.0 (rev 1a704e1d6c3d92178504f8cdfe57b068b4e22d9c) - (C) 2005-2014 United States Government. All rights reserved.


====================================================== system under test
java8.TypeAnnotationTest.runTestMethod()

====================================================== search started: 11/26/23, 2:38 PM
[WARNING] orphan NativePeer method: jdk.internal.misc.Unsafe.getUnsafe()Lsun/misc/Unsafe;
checking loaded class java8.TypeAnnotationTest$Anno8 for type annotations..
--- super types
  gov.nasa.jpf.vm.SuperTypeAnnotationInfo{targetType:10,name:java8.TypeAnnotationTest$MyTA}
  gov.nasa.jpf.vm.SuperTypeAnnotationInfo{targetType:10,name:java8.TypeAnnotationTest$MyTA}
--- fields
  gov.nasa.jpf.vm.TypeAnnotationInfo{targetType:13,name:java8.TypeAnnotationTest$MyTA}
--- methods
  gov.nasa.jpf.vm.VariableAnnotationInfo{targetType:40,name:java8.TypeAnnotationTest$MyTA,scope:[4..5]#3}
  gov.nasa.jpf.vm.TypeAnnotationInfo{targetType:14,name:java8.TypeAnnotationTest$MyTA}
  gov.nasa.jpf.vm.FormalParameterAnnotationInfo{targetType:16,name:java8.TypeAnnotationTest$MyTA}
--- local var LocalVarInfo[name="x",signature="I",startPC=4,endPC=5,slotIndex=3]
  gov.nasa.jpf.vm.VariableAnnotationInfo{targetType:40,name:java8.TypeAnnotationTest$MyTA,scope:[4..5]#3}

====================================================== results
no errors detected

====================================================== search finished: 11/26/23, 2:38 PM
]]></system-out>
  <system-err><![CDATA[]]></system-err>
</testsuite>
