<?xml version="1.0" encoding="UTF-8"?>
<testsuite name="gov.nasa.jpf.util.IntVectorTest" tests="4" skipped="0" failures="0" errors="0" timestamp="2023-11-26T19:37:36" hostname="SHISHIRHP" time="0.007">
  <properties/>
  <testcase name="testLongBits" classname="gov.nasa.jpf.util.IntVectorTest" time="0.006"/>
  <testcase name="testPackedByte" classname="gov.nasa.jpf.util.IntVectorTest" time="0.0"/>
  <testcase name="testPackedChar" classname="gov.nasa.jpf.util.IntVectorTest" time="0.0"/>
  <testcase name="testPackedBoolean" classname="gov.nasa.jpf.util.IntVectorTest" time="0.001"/>
  <system-out><![CDATA[0
1
0
ffff0000
ffffffff
ffffffff
ffffffff
f000f00
ff000000
ff000000
ff0000
ffff0000
ff0000
f0000000
80000001
80000000
80000000
40000000
]]></system-out>
  <system-err><![CDATA[]]></system-err>
</testsuite>
