<?xml version="1.0" encoding="UTF-8"?>
<testsuite name="gov.nasa.jpf.test.mc.threads.ClinitTest" tests="2" skipped="0" failures="0" errors="0" timestamp="2023-11-26T19:36:14" hostname="SHISHIRHP" time="0.629">
  <properties/>
  <testcase name="testNoConcurrentClinit" classname="gov.nasa.jpf.test.mc.threads.ClinitTest" time="0.497"/>
  <testcase name="testClinitChoices" classname="gov.nasa.jpf.test.mc.threads.ClinitTest" time="0.132"/>
  <system-out><![CDATA[  running jpf with args:
JavaPathfinder core system v8.0 (rev 1a704e1d6c3d92178504f8cdfe57b068b4e22d9c) - (C) 2005-2014 United States Government. All rights reserved.


====================================================== system under test
gov.nasa.jpf.test.mc.threads.ClinitTest.runTestMethod()

====================================================== search started: 11/26/23, 2:36 PM
[WARNING] orphan NativePeer method: jdk.internal.misc.Unsafe.getUnsafe()Lsun/misc/Unsafe;
maininitializing X
maininitializing X
Thread-1initializing X
Thread-1initializing X

====================================================== results
no errors detected

====================================================== search finished: 11/26/23, 2:36 PM
  running jpf with args:
JavaPathfinder core system v8.0 (rev 1a704e1d6c3d92178504f8cdfe57b068b4e22d9c) - (C) 2005-2014 United States Government. All rights reserved.


====================================================== system under test
gov.nasa.jpf.test.mc.threads.ClinitTest.runTestMethod()

====================================================== search started: 11/26/23, 2:36 PM
[WARNING] orphan NativePeer method: jdk.internal.misc.Unsafe.getUnsafe()Lsun/misc/Unsafe;
maininitializing Y
maintesting Y.y
maininitializing Y
maintesting Y.y
maintesting Y.y
maintesting Y.y
maintesting Y.y
Thread-1initializing Y
maintesting Y.y

====================================================== error 1
gov.nasa.jpf.vm.NoUncaughtExceptionsProperty
java.lang.AssertionError: gotcha
	at gov.nasa.jpf.util.test.TestJPF.fail(gov/nasa/jpf/util/test/TestJPF.java:164)
	at gov.nasa.jpf.util.test.TestJPF.assertTrue(gov/nasa/jpf/util/test/TestJPF.java:1174)
	at gov.nasa.jpf.test.mc.threads.ClinitTest.testClinitChoices(gov/nasa/jpf/test/mc/threads/ClinitTest.java:84)
	at java.lang.reflect.Method.invoke(gov.nasa.jpf.vm.JPF_java_lang_reflect_Method)
	at gov.nasa.jpf.util.test.TestJPF.runTestMethod(gov/nasa/jpf/util/test/TestJPF.java:648)


====================================================== snapshot #1
thread java.lang.Thread:{id:0,name:main,status:UNBLOCKED,priority:5,isDaemon:false,lockCount:0,suspendCount:0}
  call stack:
	at gov.nasa.jpf.util.test.TestJPF.runTestMethod(TestJPF.java:650)

thread java.lang.Thread:{id:1,name:Thread-1,status:RUNNING,priority:5,isDaemon:false,lockCount:0,suspendCount:0}
  call stack:
	at gov.nasa.jpf.test.mc.threads.ClinitTest$Y.<clinit>(ClinitTest.java:66)
	at gov.nasa.jpf.test.mc.threads.ClinitTest$2.run(ClinitTest.java:75)


====================================================== results
error #1: gov.nasa.jpf.vm.NoUncaughtExceptionsProperty "java.lang.AssertionError: gotcha  at gov.nasa.jpf...."

====================================================== search finished: 11/26/23, 2:36 PM
]]></system-out>
  <system-err><![CDATA[]]></system-err>
</testsuite>
