<?xml version="1.0" encoding="UTF-8"?>
<testsuite name="gov.nasa.jpf.test.mc.basic.MethodListenerTest" tests="2" skipped="0" failures="0" errors="0" timestamp="2023-11-26T19:35:33" hostname="SHISHIRHP" time="0.551">
  <properties/>
  <testcase name="testException" classname="gov.nasa.jpf.test.mc.basic.MethodListenerTest" time="0.458"/>
  <testcase name="testBasicInvocation" classname="gov.nasa.jpf.test.mc.basic.MethodListenerTest" time="0.093"/>
  <system-out><![CDATA[  running jpf with args: +listener=gov.nasa.jpf.test.mc.basic.MethodListenerTest$Listener +_start=testException
JavaPathfinder core system v8.0 (rev 1a704e1d6c3d92178504f8cdfe57b068b4e22d9c) - (C) 2005-2014 United States Government. All rights reserved.


====================================================== system under test
gov.nasa.jpf.test.mc.basic.MethodListenerTest.runTestMethod()

====================================================== search started: 11/26/23, 2:35 PM
[WARNING] orphan NativePeer method: jdk.internal.misc.Unsafe.getUnsafe()Lsun/misc/Unsafe;
> testException
  > baz
    > blowUp
X java.lang.RuntimeException
    < blowUp
  < baz
< testException

====================================================== results
no errors detected

====================================================== search finished: 11/26/23, 2:35 PM
  running jpf with args: +listener=gov.nasa.jpf.test.mc.basic.MethodListenerTest$Listener +_start=testBasicInvocation
JavaPathfinder core system v8.0 (rev 1a704e1d6c3d92178504f8cdfe57b068b4e22d9c) - (C) 2005-2014 United States Government. All rights reserved.


====================================================== system under test
gov.nasa.jpf.test.mc.basic.MethodListenerTest.runTestMethod()

====================================================== search started: 11/26/23, 2:35 PM
[WARNING] orphan NativePeer method: jdk.internal.misc.Unsafe.getUnsafe()Lsun/misc/Unsafe;
> testBasicInvocation
  > foo
    > bar
    < bar
  < foo
< testBasicInvocation

====================================================== results
no errors detected

====================================================== search finished: 11/26/23, 2:35 PM
]]></system-out>
  <system-err><![CDATA[]]></system-err>
</testsuite>
