<?xml version="1.0" encoding="UTF-8"?>
<testsuite name="gov.nasa.jpf.test.java.concurrent.ExchangerTest" tests="1" skipped="0" failures="0" errors="0" timestamp="2023-11-26T19:34:27" hostname="SHISHIRHP" time="0.773">
  <properties/>
  <testcase name="testTimeoutExchange" classname="gov.nasa.jpf.test.java.concurrent.ExchangerTest" time="0.773"/>
  <system-out><![CDATA[  running jpf with args:
JavaPathfinder core system v8.0 (rev 1a704e1d6c3d92178504f8cdfe57b068b4e22d9c) - (C) 2005-2014 United States Government. All rights reserved.


====================================================== system under test
gov.nasa.jpf.test.java.concurrent.ExchangerTest.runTestMethod()

====================================================== search started: 11/26/23, 2:34 PM
[WARNING] orphan NativePeer method: jdk.internal.misc.Unsafe.getUnsafe()Lsun/misc/Unsafe;
M now exchanging..
M got exception: java.util.concurrent.TimeoutException
T now exchanging..
T got exception: java.util.concurrent.TimeoutException
T now exchanging..
M got: hi
T got: there
T got: there
M got: hi
T now exchanging..
M got exception: java.util.concurrent.TimeoutException
M got exception: java.util.concurrent.TimeoutException
M got: hi
T got: there
T got: there
T got exception: java.util.concurrent.TimeoutException
M got exception: java.util.concurrent.TimeoutException
T now exchanging..
T now exchanging..
T now exchanging..
M got exception: java.util.concurrent.TimeoutException
M got: hi
T got: there
M got: hi
T got exception: java.util.concurrent.TimeoutException
T now exchanging..
M got exception: java.util.concurrent.TimeoutException
T got exception: java.util.concurrent.TimeoutException
M got exception: java.util.concurrent.TimeoutException
T got exception: java.util.concurrent.TimeoutException
T now exchanging..
M now exchanging..
T got exception: java.util.concurrent.TimeoutException
M now exchanging..
M now exchanging..
M now exchanging..
M now exchanging..
M now exchanging..
M now exchanging..
T got exception: java.util.concurrent.TimeoutException
M now exchanging..

====================================================== results
no errors detected

====================================================== search finished: 11/26/23, 2:34 PM
]]></system-out>
  <system-err><![CDATA[]]></system-err>
</testsuite>
