<?xml version="1.0" encoding="UTF-8"?>
<testsuite name="gov.nasa.jpf.test.mc.data.BitFlipTest" tests="3" skipped="0" failures="0" errors="0" timestamp="2023-11-26T19:35:53" hostname="SHISHIRHP" time="0.9">
  <properties/>
  <testcase name="testStaticMethodParameterBitFlip" classname="gov.nasa.jpf.test.mc.data.BitFlipTest" time="0.552"/>
  <testcase name="testInstanceMethodParameterBitFlip" classname="gov.nasa.jpf.test.mc.data.BitFlipTest" time="0.167"/>
  <testcase name="testBitFlipAPI" classname="gov.nasa.jpf.test.mc.data.BitFlipTest" time="0.181"/>
  <system-out><![CDATA[  running jpf with args: +listener=gov.nasa.jpf.listener.BitFlipListener
JavaPathfinder core system v8.0 (rev 1a704e1d6c3d92178504f8cdfe57b068b4e22d9c) - (C) 2005-2014 United States Government. All rights reserved.


====================================================== system under test
gov.nasa.jpf.test.mc.data.BitFlipTest.runTestMethod()

====================================================== search started: 11/26/23, 2:35 PM
[WARNING] orphan NativePeer method: jdk.internal.misc.Unsafe.getUnsafe()Lsun/misc/Unsafe;
@BitFlip annotation for static method parameters test
d = 1
d = 2
d = 4
d = 8
d = 16
d = 32
d = 64
d = 128
d = 256
d = 512
d = 1024
d = 2048
d = 4096
d = 8192
d = 16384
d = 32768
d = 65536
d = 131072
d = 262144
d = 524288
d = 1048576
d = 2097152
d = 4194304
d = 8388608
d = 16777216
d = 33554432
d = 67108864
d = 134217728
d = 268435456
d = 536870912
d = 1073741824
d = -2147483648

====================================================== results
no errors detected

====================================================== search finished: 11/26/23, 2:35 PM
  running jpf with args: +listener=gov.nasa.jpf.listener.BitFlipListener
JavaPathfinder core system v8.0 (rev 1a704e1d6c3d92178504f8cdfe57b068b4e22d9c) - (C) 2005-2014 United States Government. All rights reserved.


====================================================== system under test
gov.nasa.jpf.test.mc.data.BitFlipTest.runTestMethod()

====================================================== search started: 11/26/23, 2:35 PM
[WARNING] orphan NativePeer method: jdk.internal.misc.Unsafe.getUnsafe()Lsun/misc/Unsafe;
@BitFlip annotation for instance method parameters test
d = 1
d = 2
d = 4
d = 8
d = 16
d = 32
d = 64
d = 128
d = 256
d = 512
d = 1024
d = 2048
d = 4096
d = 8192
d = 16384
d = 32768
d = 65536
d = 131072
d = 262144
d = 524288
d = 1048576
d = 2097152
d = 4194304
d = 8388608
d = 16777216
d = 33554432
d = 67108864
d = 134217728
d = 268435456
d = 536870912
d = 1073741824
d = -2147483648

====================================================== results
no errors detected

====================================================== search finished: 11/26/23, 2:35 PM
  running jpf with args:
JavaPathfinder core system v8.0 (rev 1a704e1d6c3d92178504f8cdfe57b068b4e22d9c) - (C) 2005-2014 United States Government. All rights reserved.


====================================================== system under test
gov.nasa.jpf.test.mc.data.BitFlipTest.runTestMethod()

====================================================== search started: 11/26/23, 2:35 PM
[WARNING] orphan NativePeer method: jdk.internal.misc.Unsafe.getUnsafe()Lsun/misc/Unsafe;
getBitFlip API test
d = 1
d = 2
d = 4
d = 8
d = 16
d = 32
d = 64
d = 128
d = 256
d = 512
d = 1024
d = 2048
d = 4096
d = 8192
d = 16384
d = 32768
d = 65536
d = 131072
d = 262144
d = 524288
d = 1048576
d = 2097152
d = 4194304
d = 8388608
d = 16777216
d = 33554432
d = 67108864
d = 134217728
d = 268435456
d = 536870912
d = 1073741824
d = -2147483648

====================================================== results
no errors detected

====================================================== search finished: 11/26/23, 2:35 PM
]]></system-out>
  <system-err><![CDATA[]]></system-err>
</testsuite>
