<?xml version="1.0" encoding="UTF-8"?>
<testsuite name="gov.nasa.jpf.test.mc.basic.CGReorderTest" tests="2" skipped="0" failures="0" errors="0" timestamp="2023-11-26T19:35:23" hostname="SHISHIRHP" time="0.587">
  <properties/>
  <testcase name="testReorder" classname="gov.nasa.jpf.test.mc.basic.CGReorderTest" time="0.453"/>
  <testcase name="testReverse" classname="gov.nasa.jpf.test.mc.basic.CGReorderTest" time="0.133"/>
  <system-out><![CDATA[  running jpf with args: +listener=.test.mc.basic.CGReorderTest$ReorderListener
JavaPathfinder core system v8.0 (rev 1a704e1d6c3d92178504f8cdfe57b068b4e22d9c) - (C) 2005-2014 United States Government. All rights reserved.


====================================================== system under test
gov.nasa.jpf.test.mc.basic.CGReorderTest.runTestMethod()

====================================================== search started: 11/26/23, 2:35 PM
[WARNING] orphan NativePeer method: jdk.internal.misc.Unsafe.getUnsafe()Lsun/misc/Unsafe;
reorder choices
replacing: gov.nasa.jpf.vm.choice.DoubleChoiceFromList[id="verifyDoubleList([D)",isCascaded:false,1.0,2.0,3.0,4.0]
with: gov.nasa.jpf.vm.choice.DoubleChoiceFromList[id="verifyDoubleList([D)",isCascaded:false,4.0,3.0,2.0,1.0]
4.0
3.0
2.0
1.0

====================================================== results
no errors detected

====================================================== search finished: 11/26/23, 2:35 PM
  running jpf with args: +listener=.test.mc.basic.CGReorderTest$ReverseListener
JavaPathfinder core system v8.0 (rev 1a704e1d6c3d92178504f8cdfe57b068b4e22d9c) - (C) 2005-2014 United States Government. All rights reserved.


====================================================== system under test
gov.nasa.jpf.test.mc.basic.CGReorderTest.runTestMethod()

====================================================== search started: 11/26/23, 2:35 PM
[WARNING] orphan NativePeer method: jdk.internal.misc.Unsafe.getUnsafe()Lsun/misc/Unsafe;
reverse choice enumeration order
4
3
2
1
0

====================================================== results
no errors detected

====================================================== search finished: 11/26/23, 2:35 PM
]]></system-out>
  <system-err><![CDATA[]]></system-err>
</testsuite>
