<?xml version="1.0" encoding="UTF-8"?>
<testsuite name="gov.nasa.jpf.test.java.util.CalendarTest" tests="2" skipped="0" failures="0" errors="0" timestamp="2023-11-26T19:35:15" hostname="SHISHIRHP" time="0.003">
  <properties/>
  <testcase name="testCalendarHourSetAfterYear" classname="gov.nasa.jpf.test.java.util.CalendarTest" time="0.003"/>
  <testcase name="testCalendarHourSet" classname="gov.nasa.jpf.test.java.util.CalendarTest" time="0.0"/>
  <system-out><![CDATA[]]></system-out>
  <system-err><![CDATA[]]></system-err>
</testsuite>
