<?xml version="1.0" encoding="UTF-8"?>
<testsuite name="gov.nasa.jpf.vm.StackFrameTest" tests="1" skipped="0" failures="0" errors="0" timestamp="2023-11-26T19:37:48" hostname="SHISHIRHP" time="0.025">
  <properties/>
  <testcase name="testReplaceLocalAttr" classname="gov.nasa.jpf.vm.StackFrameTest" time="0.025"/>
  <system-out><![CDATA[]]></system-out>
  <system-err><![CDATA[]]></system-err>
</testsuite>
