<?xml version="1.0" encoding="UTF-8"?>
<testsuite name="gov.nasa.jpf.test.mc.basic.InvokeListenerTest" tests="3" skipped="0" failures="0" errors="0" timestamp="2023-11-26T19:35:31" hostname="SHISHIRHP" time="0.652">
  <properties/>
  <testcase name="testStaticMethod" classname="gov.nasa.jpf.test.mc.basic.InvokeListenerTest" time="0.447"/>
  <testcase name="testInstanceMethod" classname="gov.nasa.jpf.test.mc.basic.InvokeListenerTest" time="0.09"/>
  <testcase name="testNativeInstanceMethod" classname="gov.nasa.jpf.test.mc.basic.InvokeListenerTest" time="0.115"/>
  <system-out><![CDATA[  running jpf with args: +listener=.test.mc.basic.InvokeListenerTest$Listener
JavaPathfinder core system v8.0 (rev 1a704e1d6c3d92178504f8cdfe57b068b4e22d9c) - (C) 2005-2014 United States Government. All rights reserved.


====================================================== system under test
gov.nasa.jpf.test.mc.basic.InvokeListenerTest.runTestMethod()

====================================================== search started: 11/26/23, 2:35 PM
[WARNING] orphan NativePeer method: jdk.internal.misc.Unsafe.getUnsafe()Lsun/misc/Unsafe;
# executeInstruction: gov.nasa.jpf.test.mc.basic.InvokeListenerTest@20f.testStaticMethod (42)
# instructionExecuted: gov.nasa.jpf.test.mc.basic.InvokeListenerTest@20f.testStaticMethod (42)

====================================================== results
no errors detected

====================================================== search finished: 11/26/23, 2:35 PM
  running jpf with args: +listener=.test.mc.basic.InvokeListenerTest$Listener
JavaPathfinder core system v8.0 (rev 1a704e1d6c3d92178504f8cdfe57b068b4e22d9c) - (C) 2005-2014 United States Government. All rights reserved.


====================================================== system under test
gov.nasa.jpf.test.mc.basic.InvokeListenerTest.runTestMethod()

====================================================== search started: 11/26/23, 2:35 PM
[WARNING] orphan NativePeer method: jdk.internal.misc.Unsafe.getUnsafe()Lsun/misc/Unsafe;
# executeInstruction: gov.nasa.jpf.test.mc.basic.InvokeListenerTest@20f.testInstanceMethod (42.0,1)
# instructionExecuted: gov.nasa.jpf.test.mc.basic.InvokeListenerTest@20f.testInstanceMethod (42.0,1)

====================================================== results
no errors detected

====================================================== search finished: 11/26/23, 2:35 PM
  running jpf with args: +listener=.test.mc.basic.InvokeListenerTest$Listener
JavaPathfinder core system v8.0 (rev 1a704e1d6c3d92178504f8cdfe57b068b4e22d9c) - (C) 2005-2014 United States Government. All rights reserved.


====================================================== system under test
gov.nasa.jpf.test.mc.basic.InvokeListenerTest.runTestMethod()

====================================================== search started: 11/26/23, 2:35 PM
[WARNING] orphan NativePeer method: jdk.internal.misc.Unsafe.getUnsafe()Lsun/misc/Unsafe;
# executeInstruction: gov.nasa.jpf.test.mc.basic.InvokeListenerTest@20f.testNativeInstanceMethod (42.0,1)
# instructionExecuted: gov.nasa.jpf.test.mc.basic.InvokeListenerTest@20f.testNativeInstanceMethod (42.0,1)

====================================================== results
no errors detected

====================================================== search finished: 11/26/23, 2:35 PM
]]></system-out>
  <system-err><![CDATA[]]></system-err>
</testsuite>
