<?xml version="1.0" encoding="UTF-8"?>
<testsuite name="gov.nasa.jpf.test.vm.basic.FieldTest" tests="4" skipped="0" failures="0" errors="0" timestamp="2023-11-26T19:36:47" hostname="SHISHIRHP" time="0.684">
  <properties/>
  <testcase name="testReadStatic" classname="gov.nasa.jpf.test.vm.basic.FieldTest" time="0.409"/>
  <testcase name="testReadInstance" classname="gov.nasa.jpf.test.vm.basic.FieldTest" time="0.091"/>
  <testcase name="testWriteInstance" classname="gov.nasa.jpf.test.vm.basic.FieldTest" time="0.101"/>
  <testcase name="testWriteStatic" classname="gov.nasa.jpf.test.vm.basic.FieldTest" time="0.083"/>
  <system-out><![CDATA[  running jpf with args:
JavaPathfinder core system v8.0 (rev 1a704e1d6c3d92178504f8cdfe57b068b4e22d9c) - (C) 2005-2014 United States Government. All rights reserved.


====================================================== system under test
gov.nasa.jpf.test.vm.basic.FieldTest.runTestMethod()

====================================================== search started: 11/26/23, 2:36 PM
[WARNING] orphan NativePeer method: jdk.internal.misc.Unsafe.getUnsafe()Lsun/misc/Unsafe;

====================================================== results
no errors detected

====================================================== search finished: 11/26/23, 2:36 PM
  running jpf with args:
JavaPathfinder core system v8.0 (rev 1a704e1d6c3d92178504f8cdfe57b068b4e22d9c) - (C) 2005-2014 United States Government. All rights reserved.


====================================================== system under test
gov.nasa.jpf.test.vm.basic.FieldTest.runTestMethod()

====================================================== search started: 11/26/23, 2:36 PM
[WARNING] orphan NativePeer method: jdk.internal.misc.Unsafe.getUnsafe()Lsun/misc/Unsafe;

====================================================== results
no errors detected

====================================================== search finished: 11/26/23, 2:36 PM
  running jpf with args:
JavaPathfinder core system v8.0 (rev 1a704e1d6c3d92178504f8cdfe57b068b4e22d9c) - (C) 2005-2014 United States Government. All rights reserved.


====================================================== system under test
gov.nasa.jpf.test.vm.basic.FieldTest.runTestMethod()

====================================================== search started: 11/26/23, 2:36 PM
[WARNING] orphan NativePeer method: jdk.internal.misc.Unsafe.getUnsafe()Lsun/misc/Unsafe;

====================================================== results
no errors detected

====================================================== search finished: 11/26/23, 2:36 PM
  running jpf with args:
JavaPathfinder core system v8.0 (rev 1a704e1d6c3d92178504f8cdfe57b068b4e22d9c) - (C) 2005-2014 United States Government. All rights reserved.


====================================================== system under test
gov.nasa.jpf.test.vm.basic.FieldTest.runTestMethod()

====================================================== search started: 11/26/23, 2:36 PM
[WARNING] orphan NativePeer method: jdk.internal.misc.Unsafe.getUnsafe()Lsun/misc/Unsafe;

====================================================== results
no errors detected

====================================================== search finished: 11/26/23, 2:36 PM
]]></system-out>
  <system-err><![CDATA[]]></system-err>
</testsuite>
